
> opssentinal@0.1.0 test:run
> vitest run

node.exe : [33mThe CJS build 
of Vite's Node API is 
deprecated. See https://vite.de
v/guide/troubleshooting.html#vi
te-cjs-node-api-deprecated for 
more details.[39m
At line:1 char:1
+ & "C:\Program 
Files\nodejs/node.exe" 
"C:\Program 
Files\nodejs/node_mo ...
+ ~~~~~~~~~~~~~~~~~~~~~~~~~~~~~
~~~~~~~~~~~~~~~~~~~~~~~~~~~~~~~
~~~~~~~~~
    + CategoryInfo          :  
   NotSpecified: ([33mThe CJ  
  S bu...e details.[39m:Str   
 ing) [], RemoteException
    + FullyQualifiedErrorId :  
   NativeCommandError
 

[1m[7m[36m RUN [39m[27m[22m [36mv2.1.9 [39m[90mC:/Users/Dushyant.Rahangdale/Repo/OpsSentinal[39m

 [32mΓ£ô[39m tests/integration/status-page-webhooks.test.ts [2m([22m[2m18 tests[22m[2m)[22m[90m 9[2mms[22m[39m
 [31mΓ¥»[39m tests/lib/status-page-email-templates.test.ts [2m([22m[2m14 tests[22m[2m | [22m[31m5 failed[39m[2m)[22m[90m 27[2mms[22m[39m
[31m   [31m├ù[31m Status Page Email Templates[2m > [22mgetIncidentCreatedTemplate[2m > [22mshould generate incident created email with all fields[90m 14[2mms[22m[31m[39m
[31m     ΓåÆ expected '[Test Status Page] ≡ƒÜ¿ Incident: ServiΓÇª' to be '[Test Status Page] Incident: Service ΓÇª' // Object.is equality[39m
[31m   [31m├ù[31m Status Page Email Templates[2m > [22mgetIncidentCreatedTemplate[2m > [22mshould handle missing optional fields[90m 2[2mms[22m[31m[39m
[31m     ΓåÆ expected '[Test Status Page] ≡ƒÜ¿ Incident: New IΓÇª' to be '[Test Status Page] Incident: New InciΓÇª' // Object.is equality[39m
[31m   [31m├ù[31m Status Page Email Templates[2m > [22mgetIncidentResolvedTemplate[2m > [22mshould generate resolved email with all fields[90m 2[2mms[22m[31m[39m
[31m     ΓåÆ expected '[Test Status Page] Γ£à Resolved: ServicΓÇª' to be '[Test Status Page] Resolved: Service ΓÇª' // Object.is equality[39m
[31m   [31m├ù[31m Status Page Email Templates[2m > [22mgetIncidentResolvedTemplate[2m > [22mshould handle missing optional fields[90m 1[2mms[22m[31m[39m
[31m     ΓåÆ expected '[Test Status Page] Γ£à Resolved: IncideΓÇª' to be '[Test Status Page] Resolved: Incident' // Object.is equality[39m
[31m   [31m├ù[31m Status Page Email Templates[2m > [22mgetStatusChangeTemplate[2m > [22mshould generate status change email with all fields[90m 1[2mms[22m[31m[39m
[31m     ΓåÆ expected '[Test Status Page] ≡ƒöä Status Update' to be '[Test Status Page] Status Update' // Object.is equality[39m
 [31mΓ¥»[39m tests/lib/user-friendly-errors.test.ts [2m([22m[2m20 tests[22m[2m | [22m[31m11 failed[39m[2m)[22m[90m 32[2mms[22m[39m
[31m   [31m├ù[31m User-Friendly Error Messages[2m > [22mgetUserFriendlyError[2m > [22mshould translate Unique constraint errors[90m 16[2mms[22m[31m[39m
[31m     ΓåÆ expected 'Unique constraint failed on the fieldΓÇª' to be 'A user with this email already existsΓÇª' // Object.is equality[39m
[31m   [31m├ù[31m User-Friendly Error Messages[2m > [22mgetUserFriendlyError[2m > [22mshould translate key constraint errors[90m 2[2mms[22m[31m[39m
[31m     ΓåÆ expected 'Unique constraint failed on the fieldΓÇª' to be 'This key is already in use. Please chΓÇª' // Object.is equality[39m
[31m   [31m├ù[31m User-Friendly Error Messages[2m > [22mgetUserFriendlyError[2m > [22mshould translate Foreign key constraint errors[90m 2[2mms[22m[31m[39m
[31m     ΓåÆ expected 'Foreign key constraint failed on the ΓÇª' to be 'The selected item is invalid or no loΓÇª' // Object.is equality[39m
[31m   [31m├ù[31m User-Friendly Error Messages[2m > [22mgetUserFriendlyError[2m > [22mshould translate Record not found errors[90m 1[2mms[22m[31m[39m
[31m     ΓåÆ expected 'Record to update does not exist.' to be 'The item you are trying to update doeΓÇª' // Object.is equality[39m
[31m   [31m├ù[31m User-Friendly Error Messages[2m > [22mgetUserFriendlyError[2m > [22mshould translate Unauthorized errors[90m 2[2mms[22m[31m[39m
[31m     ΓåÆ expected 'Unauthorized' to contain 'You do not have permission to performΓÇª'[39m
[31m   [31m├ù[31m User-Friendly Error Messages[2m > [22mgetUserFriendlyError[2m > [22mshould translate not found errors[90m 1[2mms[22m[31m[39m
[31m     ΓåÆ expected 'Incident not found' to contain 'could not be found'[39m
[31m   [31m├ù[31m User-Friendly Error Messages[2m > [22mgetUserFriendlyError[2m > [22mshould translate network errors[90m 1[2mms[22m[31m[39m
[31m     ΓåÆ expected 'Failed to fetch' to contain 'Unable to connect to the server'[39m
[31m   [31m├ù[31m User-Friendly Error Messages[2m > [22mgetUserFriendlyError[2m > [22mshould translate timeout errors[90m 1[2mms[22m[31m[39m
[31m     ΓåÆ expected 'Request timeout' to be 'The request took too long to completeΓÇª' // Object.is equality[39m
[31m   [31m├ù[31m User-Friendly Error Messages[2m > [22mgetUserFriendlyError[2m > [22mshould translate Internal Server Error[90m 1[2mms[22m[31m[39m
[31m     ΓåÆ expected 'Internal Server Error' to contain 'An unexpected error occurred'[39m
[31m   [31m├ù[31m User-Friendly Error Messages[2m > [22mgetUserFriendlyError[2m > [22mshould handle Error objects[90m 1[2mms[22m[31m[39m
[31m     ΓåÆ expected 'Unique constraint failed on the fieldΓÇª' to contain 'A user with this email already exists'[39m
[31m   [31m├ù[31m User-Friendly Error Messages[2m > [22mgetUserFriendlyError[2m > [22mshould handle unknown error types[90m 1[2mms[22m[31m[39m
[31m     ΓåÆ expected 'An unexpected error occurred. Please ΓÇª' to be '[object Object]' // Object.is equality[39m
 [32mΓ£ô[39m tests/lib/date-format.test.ts [2m([22m[2m22 tests[22m[2m)[22m[90m 12[2mms[22m[39m
 [31mΓ¥»[39m tests/hooks/useRealtime.test.ts [2m([22m[2m0 test[22m[2m)[22m
 [31mΓ¥»[39m tests/components/ThemeToggle.test.tsx [2m([22m[2m0 test[22m[2m)[22m
 [32mΓ£ô[39m tests/lib/validation-extended.test.ts [2m([22m[2m20 tests[22m[2m)[22m[90m 18[2mms[22m[39m
 [32mΓ£ô[39m tests/lib/status-page-validation.test.ts [2m([22m[2m30 tests[22m[2m)[22m[90m 26[2mms[22m[39m
 [31mΓ¥»[39m tests/integration/status-page-css.test.tsx [2m([22m[2m0 test[22m[2m)[22m
 [32mΓ£ô[39m tests/lib/bootstrap-admin.test.ts [2m([22m[2m8 tests[22m[2m)[22m[90m 6[2mms[22m[39m
 [32mΓ£ô[39m tests/lib/accessibility.test.ts [2m([22m[2m12 tests[22m[2m)[22m[90m 12[2mms[22m[39m
 [32mΓ£ô[39m tests/lib/service-health.test.ts [2m([22m[2m17 tests[22m[2m)[22m[90m 11[2mms[22m[39m
 [32mΓ£ô[39m tests/lib/status-page-webhooks.test.ts [2m([22m[2m8 tests[22m[2m)[22m[90m 8[2mms[22m[39m
[90mstderr[2m | tests/lib/bul
k-actions.test.ts[2m > 
[22m[2mBulk Actions[2m > 
[22m[2mbulkAcknowledge[2m > 
[22m[2mshould acknowledge 
multiple incidents
[22m[39m{"level":"error","mes
sage":"Service notification err
or","time":"2025-12-26T17:03:02
.027Z","meta":{"error":"__vite_
ssr_import_0__.default.incident
.findUnique is not a 
function"}}

[90mstderr[2m | tests/lib/bul
k-actions.test.ts[2m > 
[22m[2mBulk Actions[2m > 
[22m[2mbulkAcknowledge[2m > 
[22m[2mshould acknowledge 
multiple incidents
[22m[39m{"level":"error","mes
sage":"Failed to notify status 
page subscribers","time":"2025-
12-26T17:03:02.117Z","meta":{"e
rror":"__vite_ssr_import_0__.de
fault.incident.findUnique is 
not a function","incidentId":"i
ncident-1"}}

 [32mΓ£ô[39m tests/integration/status-page-subscription.test.ts [2m([22m[2m14 tests[22m[2m)[22m[90m 8[2mms[22m[39m
 [32mΓ£ô[39m tests/lib/form-validation.test.ts [2m([22m[2m21 tests[22m[2m)[22m[90m 10[2mms[22m[39m
[90mstderr[2m | tests/lib/bul
k-actions.test.ts[2m > 
[22m[2mBulk Actions[2m > 
[22m[2mbulkAcknowledge[2m > 
[22m[2mshould acknowledge 
multiple incidents
[22m[39mFailed to send 
notifications for incident 
incident-1: TypeError: __vite_s
sr_import_0__.default.incident.
findUnique is not a function
    at Module.bulkAcknowledge 
[90m(C:\Users\Dushyant.Rahangda
le\Repo\OpsSentinal\[39msrc\ap
p\(app)\incidents\bulk-actions.
ts:53:56[90m)[39m
[90m    at 
processTicksAndRejections (node
:internal/process/task_queues:1
03:5)[39m
    at [90mC:\Users\Dushyant.R
ahangdale\Repo\OpsSentinal\[39
mtests\lib\bulk-actions.test.ts
:45:28
    at [90mfile:///C:/Users/Du
shyant.Rahangdale/Repo/OpsSenti
nal/[39mnode_modules/[4m@vite
st/runner[24m/dist/index.js:53
3:5
    at runTest [90m(file:///C:
/Users/Dushyant.Rahangdale/Repo
/OpsSentinal/[39mnode_modules/
[4m@vitest/runner[24m/dist/in
dex.js:1056:11[90m)[39m
    at runSuite [90m(file:///C
:/Users/Dushyant.Rahangdale/Rep
o/OpsSentinal/[39mnode_modules
/[4m@vitest/runner[24m/dist/i
ndex.js:1205:15[90m)[39m
    at runSuite [90m(file:///C
:/Users/Dushyant.Rahangdale/Rep
o/OpsSentinal/[39mnode_modules
/[4m@vitest/runner[24m/dist/i
ndex.js:1205:15[90m)[39m
    at runSuite [90m(file:///C
:/Users/Dushyant.Rahangdale/Rep
o/OpsSentinal/[39mnode_modules
/[4m@vitest/runner[24m/dist/i
ndex.js:1205:15[90m)[39m
    at runFiles [90m(file:///C
:/Users/Dushyant.Rahangdale/Rep
o/OpsSentinal/[39mnode_modules
/[4m@vitest/runner[24m/dist/i
ndex.js:1262:5[90m)[39m
    at startTests [90m(file://
/C:/Users/Dushyant.Rahangdale/R
epo/OpsSentinal/[39mnode_modul
es/[4m@vitest/runner[24m/dist
/index.js:1271:3[90m)[39m
{"level":"error","message":"Ser
vice notification error","time"
:"2025-12-26T17:03:02.129Z","me
ta":{"error":"__vite_ssr_import
_0__.default.incident.findUniqu
e is not a function"}}
{"level":"error","message":"Fai
led to notify status page subsc
ribers","time":"2025-12-26T17:0
3:02.130Z","meta":{"error":"__v
ite_ssr_import_0__.default.inci
dent.findUnique is not a functi
on","incidentId":"incident-2"}}
Failed to send notifications 
for incident incident-2: 
TypeError: __vite_ssr_import_0_
_.default.incident.findUnique 
is not a function
    at Module.bulkAcknowledge 
[90m(C:\Users\Dushyant.Rahangda
le\Repo\OpsSentinal\[39msrc\ap
p\(app)\incidents\bulk-actions.
ts:53:56[90m)[39m
[90m    at 
processTicksAndRejections (node
:internal/process/task_queues:1
03:5)[39m
    at [90mC:\Users\Dushyant.R
ahangdale\Repo\OpsSentinal\[39
mtests\lib\bulk-actions.test.ts
:45:28
    at [90mfile:///C:/Users/Du
shyant.Rahangdale/Repo/OpsSenti
nal/[39mnode_modules/[4m@vite
st/runner[24m/dist/index.js:53
3:5
    at runTest [90m(file:///C:
/Users/Dushyant.Rahangdale/Repo
/OpsSentinal/[39mnode_modules/
[4m@vitest/runner[24m/dist/in
dex.js:1056:11[90m)[39m
    at runSuite [90m(file:///C
:/Users/Dushyant.Rahangdale/Rep
o/OpsSentinal/[39mnode_modules
/[4m@vitest/runner[24m/dist/i
ndex.js:1205:15[90m)[39m
    at runSuite [90m(file:///C
:/Users/Dushyant.Rahangdale/Rep
o/OpsSentinal/[39mnode_modules
/[4m@vitest/runner[24m/dist/i
ndex.js:1205:15[90m)[39m
    at runSuite [90m(file:///C
:/Users/Dushyant.Rahangdale/Rep
o/OpsSentinal/[39mnode_modules
/[4m@vitest/runner[24m/dist/i
ndex.js:1205:15[90m)[39m
    at runFiles [90m(file:///C
:/Users/Dushyant.Rahangdale/Rep
o/OpsSentinal/[39mnode_modules
/[4m@vitest/runner[24m/dist/i
ndex.js:1262:5[90m)[39m
    at startTests [90m(file://
/C:/Users/Dushyant.Rahangdale/R
epo/OpsSentinal/[39mnode_modul
es/[4m@vitest/runner[24m/dist
/index.js:1271:3[90m)[39m

[90mstderr[2m | tests/lib/bul
k-actions.test.ts[2m > 
[22m[2mBulk Actions[2m > 
[22m[2mbulkResolve[2m > 
[22m[2mshould resolve 
multiple incidents
[22m[39m{"level":"error","mes
sage":"Service notification err
or","time":"2025-12-26T17:03:02
.140Z","meta":{"error":"__vite_
ssr_import_0__.default.incident
.findUnique is not a 
function"}}
{"level":"error","message":"Fai
led to notify status page subsc
ribers","time":"2025-12-26T17:0
3:02.140Z","meta":{"error":"__v
ite_ssr_import_0__.default.inci
dent.findUnique is not a functi
on","incidentId":"incident-1"}}
Failed to send notifications 
for incident incident-1: 
TypeError: __vite_ssr_import_0_
_.default.incident.findUnique 
is not a function
    at Module.bulkResolve [90m
(C:\Users\Dushyant.Rahangdale\R
epo\OpsSentinal\[39msrc\app\(a
pp)\incidents\bulk-actions.ts:1
39:56[90m)[39m
[90m    at 
processTicksAndRejections (node
:internal/process/task_queues:1
03:5)[39m
    at [90mC:\Users\Dushyant.R
ahangdale\Repo\OpsSentinal\[39
mtests\lib\bulk-actions.test.ts
:84:28
    at [90mfile:///C:/Users/Du
shyant.Rahangdale/Repo/OpsSenti
nal/[39mnode_modules/[4m@vite
st/runner[24m/dist/index.js:53
3:5
    at runTest [90m(file:///C:
/Users/Dushyant.Rahangdale/Repo
/OpsSentinal/[39mnode_modules/
[4m@vitest/runner[24m/dist/in
dex.js:1056:11[90m)[39m
    at runSuite [90m(file:///C
:/Users/Dushyant.Rahangdale/Rep
o/OpsSentinal/[39mnode_modules
/[4m@vitest/runner[24m/dist/i
ndex.js:1205:15[90m)[39m
    at runSuite [90m(file:///C
:/Users/Dushyant.Rahangdale/Rep
o/OpsSentinal/[39mnode_modules
/[4m@vitest/runner[24m/dist/i
ndex.js:1205:15[90m)[39m
    at runSuite [90m(file:///C
:/Users/Dushyant.Rahangdale/Rep
o/OpsSentinal/[39mnode_modules
/[4m@vitest/runner[24m/dist/i
ndex.js:1205:15[90m)[39m
    at runFiles [90m(file:///C
:/Users/Dushyant.Rahangdale/Rep
o/OpsSentinal/[39mnode_modules
/[4m@vitest/runner[24m/dist/i
ndex.js:1262:5[90m)[39m
    at startTests [90m(file://
/C:/Users/Dushyant.Rahangdale/R
epo/OpsSentinal/[39mnode_modul
es/[4m@vitest/runner[24m/dist
/index.js:1271:3[90m)[39m
{"level":"error","message":"Ser
vice notification error","time"
:"2025-12-26T17:03:02.142Z","me
ta":{"error":"__vite_ssr_import
_0__.default.incident.findUniqu
e is not a function"}}
{"level":"error","message":"Fai
led to notify status page subsc
ribers","time":"2025-12-26T17:0
3:02.142Z","meta":{"error":"__v
ite_ssr_import_0__.default.inci
dent.findUnique is not a functi
on","incidentId":"incident-2"}}
Failed to send notifications 
for incident incident-2: 
TypeError: __vite_ssr_import_0_
_.default.incident.findUnique 
is not a function
    at Module.bulkResolve [90m
(C:\Users\Dushyant.Rahangdale\R
epo\OpsSentinal\[39msrc\app\(a
pp)\incidents\bulk-actions.ts:1
39:56[90m)[39m
[90m    at 
processTicksAndRejections (node
:internal/process/task_queues:1
03:5)[39m
    at [90mC:\Users\Dushyant.R
ahangdale\Repo\OpsSentinal\[39
mtests\lib\bulk-actions.test.ts
:84:28
    at [90mfile:///C:/Users/Du
shyant.Rahangdale/Repo/OpsSenti
nal/[39mnode_modules/[4m@vite
st/runner[24m/dist/index.js:53
3:5
    at runTest [90m(file:///C:
/Users/Dushyant.Rahangdale/Repo
/OpsSentinal/[39mnode_modules/
[4m@vitest/runner[24m/dist/in
dex.js:1056:11[90m)[39m
    at runSuite [90m(file:///C
:/Users/Dushyant.Rahangdale/Rep
o/OpsSentinal/[39mnode_modules
/[4m@vitest/runner[24m/dist/i
ndex.js:1205:15[90m)[39m
    at runSuite [90m(file:///C
:/Users/Dushyant.Rahangdale/Rep
o/OpsSentinal/[39mnode_modules
/[4m@vitest/runner[24m/dist/i
ndex.js:1205:15[90m)[39m
    at runSuite [90m(file:///C
:/Users/Dushyant.Rahangdale/Rep
o/OpsSentinal/[39mnode_modules
/[4m@vitest/runner[24m/dist/i
ndex.js:1205:15[90m)[39m
    at runFiles [90m(file:///C
:/Users/Dushyant.Rahangdale/Rep
o/OpsSentinal/[39mnode_modules
/[4m@vitest/runner[24m/dist/i
ndex.js:1262:5[90m)[39m
    at startTests [90m(file://
/C:/Users/Dushyant.Rahangdale/R
epo/OpsSentinal/[39mnode_modul
es/[4m@vitest/runner[24m/dist
/index.js:1271:3[90m)[39m

[90mstderr[2m | tests/lib/bul
k-actions.test.ts[2m > 
[22m[2mBulk Actions[2m > 
[22m[2mbulkUpdateStatus[2m 
> [22m[2mshould update 
status to ACKNOWLEDGED with 
timestamp
[22m[39m{"level":"error","mes
sage":"Service notification err
or","time":"2025-12-26T17:03:02
.146Z","meta":{"error":"__vite_
ssr_import_0__.default.incident
.findUnique is not a 
function"}}
{"level":"error","message":"Fai
led to notify status page subsc
ribers","time":"2025-12-26T17:0
3:02.146Z","meta":{"error":"__v
ite_ssr_import_0__.default.inci
dent.findUnique is not a functi
on","incidentId":"incident-1"}}
Failed to send notifications 
for incident incident-1: 
TypeError: __vite_ssr_import_0_
_.default.incident.findUnique 
is not a function
    at Module.bulkUpdateStatus 
[90m(C:\Users\Dushyant.Rahangd
ale\Repo\OpsSentinal\[39msrc\a
pp\(app)\incidents\bulk-actions
.ts:590:56[90m)[39m
[90m    at 
processTicksAndRejections (node
:internal/process/task_queues:1
03:5)[39m
    at [90mC:\Users\Dushyant.R
ahangdale\Repo\OpsSentinal\[39
mtests\lib\bulk-actions.test.ts
:127:28
    at [90mfile:///C:/Users/Du
shyant.Rahangdale/Repo/OpsSenti
nal/[39mnode_modules/[4m@vite
st/runner[24m/dist/index.js:53
3:5
    at runTest [90m(file:///C:
/Users/Dushyant.Rahangdale/Repo
/OpsSentinal/[39mnode_modules/
[4m@vitest/runner[24m/dist/in
dex.js:1056:11[90m)[39m
    at runSuite [90m(file:///C
:/Users/Dushyant.Rahangdale/Rep
o/OpsSentinal/[39mnode_modules
/[4m@vitest/runner[24m/dist/i
ndex.js:1205:15[90m)[39m
    at runSuite [90m(file:///C
:/Users/Dushyant.Rahangdale/Rep
o/OpsSentinal/[39mnode_modules
/[4m@vitest/runner[24m/dist/i
ndex.js:1205:15[90m)[39m
    at runSuite [90m(file:///C
:/Users/Dushyant.Rahangdale/Rep
o/OpsSentinal/[39mnode_modules
/[4m@vitest/runner[24m/dist/i
ndex.js:1205:15[90m)[39m
    at runFiles [90m(file:///C
:/Users/Dushyant.Rahangdale/Rep
o/OpsSentinal/[39mnode_modules
/[4m@vitest/runner[24m/dist/i
ndex.js:1262:5[90m)[39m
    at startTests [90m(file://
/C:/Users/Dushyant.Rahangdale/R
epo/OpsSentinal/[39mnode_modul
es/[4m@vitest/runner[24m/dist
/index.js:1271:3[90m)[39m

[90mstderr[2m | tests/lib/bul
k-actions.test.ts[2m > 
[22m[2mBulk Actions[2m > 
[22m[2mbulkUpdateStatus[2m 
> [22m[2mshould update 
status to RESOLVED with proper 
data
[22m[39m{"level":"error","mes
sage":"Service notification err
or","time":"2025-12-26T17:03:02
.148Z","meta":{"error":"__vite_
ssr_import_0__.default.incident
.findUnique is not a 
function"}}
{"level":"error","message":"Fai
led to notify status page subsc
ribers","time":"2025-12-26T17:0
3:02.148Z","meta":{"error":"__v
ite_ssr_import_0__.default.inci
dent.findUnique is not a functi
on","incidentId":"incident-1"}}
Failed to send notifications 
for incident incident-1: 
TypeError: __vite_ssr_import_0_
_.default.incident.findUnique 
is not a function
    at Module.bulkUpdateStatus 
[90m(C:\Users\Dushyant.Rahangd
ale\Repo\OpsSentinal\[39msrc\a
pp\(app)\incidents\bulk-actions
.ts:590:56[90m)[39m
[90m    at 
processTicksAndRejections (node
:internal/process/task_queues:1
03:5)[39m
    at [90mC:\Users\Dushyant.R
ahangdale\Repo\OpsSentinal\[39
mtests\lib\bulk-actions.test.ts
:144:28
    at [90mfile:///C:/Users/Du
shyant.Rahangdale/Repo/OpsSenti
nal/[39mnode_modules/[4m@vite
st/runner[24m/dist/index.js:53
3:5
    at runTest [90m(file:///C:
/Users/Dushyant.Rahangdale/Repo
/OpsSentinal/[39mnode_modules/
[4m@vitest/runner[24m/dist/in
dex.js:1056:11[90m)[39m
    at runSuite [90m(file:///C
:/Users/Dushyant.Rahangdale/Rep
o/OpsSentinal/[39mnode_modules
/[4m@vitest/runner[24m/dist/i
ndex.js:1205:15[90m)[39m
    at runSuite [90m(file:///C
:/Users/Dushyant.Rahangdale/Rep
o/OpsSentinal/[39mnode_modules
/[4m@vitest/runner[24m/dist/i
ndex.js:1205:15[90m)[39m
    at runSuite [90m(file:///C
:/Users/Dushyant.Rahangdale/Rep
o/OpsSentinal/[39mnode_modules
/[4m@vitest/runner[24m/dist/i
ndex.js:1205:15[90m)[39m
    at runFiles [90m(file:///C
:/Users/Dushyant.Rahangdale/Rep
o/OpsSentinal/[39mnode_modules
/[4m@vitest/runner[24m/dist/i
ndex.js:1262:5[90m)[39m
    at startTests [90m(file://
/C:/Users/Dushyant.Rahangdale/R
epo/OpsSentinal/[39mnode_modul
es/[4m@vitest/runner[24m/dist
/index.js:1271:3[90m)[39m

 [32mΓ£ô[39m tests/lib/bulk-actions.test.ts [2m([22m[2m7 tests[22m[2m)[22m[33m 378[2mms[22m[39m
   [33m[2mΓ£ô[22m[39m Bulk Actions[2m > [22mbulkAcknowledge[2m > [22mshould acknowledge multiple incidents [33m364[2mms[22m[39m
 [32mΓ£ô[39m tests/lib/api-keys.test.ts [2m([22m[2m10 tests[22m[2m)[22m[90m 12[2mms[22m[39m
 [32mΓ£ô[39m tests/lib/validation.test.ts [2m([22m[2m7 tests[22m[2m)[22m[90m 10[2mms[22m[39m
 [32mΓ£ô[39m src/lib/__tests__/oncall.test.ts [2m([22m[2m2 tests[22m[2m)[22m[90m 6[2mms[22m[39m
[90mstderr[2m | tests/integra
tion/notification-flow.test.ts
[2m > [22m[2mNotification 
Flow Integration Tests[2m > 
[22m[2mshould send service 
notifications and escalation 
notifications separately
[22m[39m[DB Monitor] Slow 
query detected: 2057ms { 
query: [32m'Notification.delet
eMany'[39m, params: {} }
[DB Monitor] Query error: {
  query: [32m'Notification.del
eteMany'[39m,
  message: [32m'\n'[39m +
    [32m'Invalid `prisma.notif
ication.deleteMany()` 
invocation:\n'[39m +
    [32m'\n'[39m +
    [32m'\n'[39m +
    [32m'Authentication 
failed against database server 
at `localhost`, the provided 
database credentials for 
`opssentinal` are not 
valid.\n'[39m +
    [32m'\n'[39m +
    [32m'Please make sure to 
provide valid database 
credentials for the database 
server at `localhost`.'[39m,
  code: [90mundefined[39m,
  meta: [90mundefined[39m,
  stack: [32m'PrismaClientInit
ializationError: \n'[39m +
    [32m'Invalid `prisma.notif
ication.deleteMany()` 
invocation:\n'[39m +
    [32m'\n'[39m +
    [32m'\n'[39m +
    [32m'Authentication 
failed against database server 
at `localhost`, the provided 
database credentials for 
`opssentinal` are not 
valid.\n'[39m +
    [32m'\n'[39m +
    [32m'Please make sure to 
provide valid database 
credentials for the database 
server at `localhost`.\n'[39m 
+
    [32m'    at 
$n.handleRequestError (C:\\User
s\\Dushyant.Rahangdale\\Repo\\O
psSentinal\\node_modules\\@pris
ma\\client\\runtime\\library.js
:121:7615)\n'[39m +
    [32m'    at 
$n.handleAndLogRequestError (C:
\\Users\\Dushyant.Rahangdale\\R
epo\\OpsSentinal\\node_modules\
\@prisma\\client\\runtime\\libr
ary.js:121:6623)\n'[39m +
    [32m'    at $n.request (C:
\\Users\\Dushyant.Rahangdale\\R
epo\\OpsSentinal\\node_modules\
\@prisma\\client\\runtime\\libr
ary.js:121:6307)\n'[39m +
    [32m'    at 
Array.$allOperations (C:\\Users
\\Dushyant.Rahangdale\\Repo\\Op
sSentinal\\src\\lib\\prisma.ts:
11:40)\n'[39m +
    [32m'    at l (C:\\Users\\
Dushyant.Rahangdale\\Repo\\OpsS
entinal\\node_modules\\@prisma\
\client\\runtime\\library.js:13
0:9633)\n'[39m +
    [32m'    at C:\\Users\\Dus
hyant.Rahangdale\\Repo\\OpsSent
inal\\tests\\integration\\notif
ication-flow.test.ts:18:9\n'[3
9m +
    [32m'    at callSuiteHook 
(file:///C:/Users/Dushyant.Raha
ngdale/Repo/OpsSentinal/node_mo
dules/@vitest/runner/dist/index
.js:964:22)\n'[39m +
    [32m'    at runTest (file:
///C:/Users/Dushyant.Rahangdale
/Repo/OpsSentinal/node_modules/
@vitest/runner/dist/index.js:10
40:30)\n'[39m +
    [32m'    at runSuite (file
:///C:/Users/Dushyant.Rahangdal
e/Repo/OpsSentinal/node_modules
/@vitest/runner/dist/index.js:1
205:15)\n'[39m +
    [32m'    at runSuite (file
:///C:/Users/Dushyant.Rahangdal
e/Repo/OpsSentinal/node_modules
/@vitest/runner/dist/index.js:1
205:15)'[39m,
  params: [32m'{}'[39m,
  errorType: [32m'PrismaClient
InitializationError'[39m
}

 [32mΓ£ô[39m tests/components/status-page-components.test.tsx [2m([22m[2m12 tests[22m[2m)[22m[90m 6[2mms[22m[39m
[90mstderr[2m | tests/notific
ation-system.test.ts[2m > 
[22m[2mNotification System 
Tests[2m > [22m[2mService 
Notification Isolation[2m > 
[22m[2mshould send service 
notifications using only 
service-configured channels
[22m[39m[DB Monitor] Slow 
query detected: 2054ms { 
query: [32m'Notification.delet
eMany'[39m, params: {} }
[DB Monitor] Query error: {
  query: [32m'Notification.del
eteMany'[39m,
  message: [32m'\n'[39m +
    [32m'Invalid `prisma.notif
ication.deleteMany()` 
invocation:\n'[39m +
    [32m'\n'[39m +
    [32m'\n'[39m +
    [32m'Authentication 
failed against database server 
at `localhost`, the provided 
database credentials for 
`opssentinal` are not 
valid.\n'[39m +
    [32m'\n'[39m +
    [32m'Please make sure to 
provide valid database 
credentials for the database 
server at `localhost`.'[39m,
  code: [90mundefined[39m,
  meta: [90mundefined[39m,
  stack: [32m'PrismaClientInit
ializationError: \n'[39m +
    [32m'Invalid `prisma.notif
ication.deleteMany()` 
invocation:\n'[39m +
    [32m'\n'[39m +
    [32m'\n'[39m +
    [32m'Authentication 
failed against database server 
at `localhost`, the provided 
database credentials for 
`opssentinal` are not 
valid.\n'[39m +
    [32m'\n'[39m +
    [32m'Please make sure to 
provide valid database 
credentials for the database 
server at `localhost`.\n'[39m 
+
    [32m'    at 
$n.handleRequestError (C:\\User
s\\Dushyant.Rahangdale\\Repo\\O
psSentinal\\node_modules\\@pris
ma\\client\\runtime\\library.js
:121:7615)\n'[39m +
    [32m'    at 
$n.handleAndLogRequestError (C:
\\Users\\Dushyant.Rahangdale\\R
epo\\OpsSentinal\\node_modules\
\@prisma\\client\\runtime\\libr
ary.js:121:6623)\n'[39m +
    [32m'    at $n.request (C:
\\Users\\Dushyant.Rahangdale\\R
epo\\OpsSentinal\\node_modules\
\@prisma\\client\\runtime\\libr
ary.js:121:6307)\n'[39m +
    [32m'    at 
Array.$allOperations (C:\\Users
\\Dushyant.Rahangdale\\Repo\\Op
sSentinal\\src\\lib\\prisma.ts:
11:40)\n'[39m +
    [32m'    at l (C:\\Users\\
Dushyant.Rahangdale\\Repo\\OpsS
entinal\\node_modules\\@prisma\
\client\\runtime\\library.js:13
0:9633)\n'[39m +
    [32m'    at C:\\Users\\Dus
hyant.Rahangdale\\Repo\\OpsSent
inal\\tests\\notification-syste
m.test.ts:26:9\n'[39m +
    [32m'    at callSuiteHook 
(file:///C:/Users/Dushyant.Raha
ngdale/Repo/OpsSentinal/node_mo
dules/@vitest/runner/dist/index
.js:964:22)\n'[39m +
    [32m'    at callSuiteHook 
(file:///C:/Users/Dushyant.Raha
ngdale/Repo/OpsSentinal/node_mo
dules/@vitest/runner/dist/index
.js:953:10)\n'[39m +
    [32m'    at runTest (file:
///C:/Users/Dushyant.Rahangdale
/Repo/OpsSentinal/node_modules/
@vitest/runner/dist/index.js:10
40:30)\n'[39m +
    [32m'    at runSuite (file
:///C:/Users/Dushyant.Rahangdal
e/Repo/OpsSentinal/node_modules
/@vitest/runner/dist/index.js:1
205:15)'[39m,
  params: [32m'{}'[39m,
  errorType: [32m'PrismaClient
InitializationError'[39m
}

 [31mΓ¥»[39m tests/components/DashboardRealtimeWrapper.test.tsx [2m([22m[2m0 test[22m[2m)[22m
 [32mΓ£ô[39m tests/lib/api-response.test.ts [2m([22m[2m11 tests[22m[2m)[22m[90m 18[2mms[22m[39m
 [31mΓ¥»[39m tests/components/SkipLinks.test.tsx [2m([22m[2m0 test[22m[2m)[22m
 [32mΓ£ô[39m src/lib/__tests__/validation.test.ts [2m([22m[2m4 tests[22m[2m)[22m[90m 6[2mms[22m[39m
 [32mΓ£ô[39m src/lib/__tests__/passwords.test.ts [2m([22m[2m3 tests[22m[2m)[22m[90m 4[2mms[22m[39m
 [2m[90mΓåô[39m[22m tests/lib/rbac.test.ts [2m([22m[2m1 test[22m[2m | [22m[33m1 skipped[39m[2m)[22m
 [32mΓ£ô[39m src/lib/__tests__/rate-limit.test.ts [2m([22m[2m1 test[22m[2m)[22m[90m 5[2mms[22m[39m
[90mstderr[2m | tests/integra
tion/notification-flow.test.ts
[2m > [22m[2mNotification 
Flow Integration Tests[2m > 
[22m[2mshould send service 
notifications and escalation 
notifications separately
[22m[39m[DB Monitor] Slow 
query detected: 2057ms { 
query: [32m'Notification.delet
eMany'[39m, params: {} }
[DB Monitor] Query error: {
  query: [32m'Notification.del
eteMany'[39m,
  message: [32m'\n'[39m +
    [32m'Invalid `prisma.notif
ication.deleteMany()` 
invocation:\n'[39m +
    [32m'\n'[39m +
    [32m'\n'[39m +
    [32m'Authentication 
failed against database server 
at `localhost`, the provided 
database credentials for 
`opssentinal` are not 
valid.\n'[39m +
    [32m'\n'[39m +
    [32m'Please make sure to 
provide valid database 
credentials for the database 
server at `localhost`.'[39m,
  code: [90mundefined[39m,
  meta: [90mundefined[39m,
  stack: [32m'PrismaClientInit
ializationError: \n'[39m +
    [32m'Invalid `prisma.notif
ication.deleteMany()` 
invocation:\n'[39m +
    [32m'\n'[39m +
    [32m'\n'[39m +
    [32m'Authentication 
failed against database server 
at `localhost`, the provided 
database credentials for 
`opssentinal` are not 
valid.\n'[39m +
    [32m'\n'[39m +
    [32m'Please make sure to 
provide valid database 
credentials for the database 
server at `localhost`.\n'[39m 
+
    [32m'    at 
$n.handleRequestError (C:\\User
s\\Dushyant.Rahangdale\\Repo\\O
psSentinal\\node_modules\\@pris
ma\\client\\runtime\\library.js
:121:7615)\n'[39m +
    [32m'    at 
$n.handleAndLogRequestError (C:
\\Users\\Dushyant.Rahangdale\\R
epo\\OpsSentinal\\node_modules\
\@prisma\\client\\runtime\\libr
ary.js:121:6623)\n'[39m +
    [32m'    at $n.request (C:
\\Users\\Dushyant.Rahangdale\\R
epo\\OpsSentinal\\node_modules\
\@prisma\\client\\runtime\\libr
ary.js:121:6307)\n'[39m +
    [32m'    at 
Array.$allOperations (C:\\Users
\\Dushyant.Rahangdale\\Repo\\Op
sSentinal\\src\\lib\\prisma.ts:
11:40)\n'[39m +
    [32m'    at l (C:\\Users\\
Dushyant.Rahangdale\\Repo\\OpsS
entinal\\node_modules\\@prisma\
\client\\runtime\\library.js:13
0:9633)\n'[39m +
    [32m'    at C:\\Users\\Dus
hyant.Rahangdale\\Repo\\OpsSent
inal\\tests\\integration\\notif
ication-flow.test.ts:28:9\n'[3
9m +
    [32m'    at callSuiteHook 
(file:///C:/Users/Dushyant.Raha
ngdale/Repo/OpsSentinal/node_mo
dules/@vitest/runner/dist/index
.js:964:22)\n'[39m +
    [32m'    at runTest (file:
///C:/Users/Dushyant.Rahangdale
/Repo/OpsSentinal/node_modules/
@vitest/runner/dist/index.js:10
85:9)\n'[39m +
    [32m'    at runSuite (file
:///C:/Users/Dushyant.Rahangdal
e/Repo/OpsSentinal/node_modules
/@vitest/runner/dist/index.js:1
205:15)\n'[39m +
    [32m'    at runSuite (file
:///C:/Users/Dushyant.Rahangdal
e/Repo/OpsSentinal/node_modules
/@vitest/runner/dist/index.js:1
205:15)'[39m,
  params: [32m'{}'[39m,
  errorType: [32m'PrismaClient
InitializationError'[39m
}

[90mstderr[2m | tests/notific
ation-system.test.ts[2m > 
[22m[2mNotification System 
Tests[2m > [22m[2mService 
Notification Isolation[2m > 
[22m[2mshould send service 
notifications using only 
service-configured channels
[22m[39m[DB Monitor] Slow 
query detected: 2040ms { 
query: [32m'Notification.delet
eMany'[39m, params: {} }
[DB Monitor] Query error: {
  query: [32m'Notification.del
eteMany'[39m,
  message: [32m'\n'[39m +
    [32m'Invalid `prisma.notif
ication.deleteMany()` 
invocation:\n'[39m +
    [32m'\n'[39m +
    [32m'\n'[39m +
    [32m'Authentication 
failed against database server 
at `localhost`, the provided 
database credentials for 
`opssentinal` are not 
valid.\n'[39m +
    [32m'\n'[39m +
    [32m'Please make sure to 
provide valid database 
credentials for the database 
server at `localhost`.'[39m,
  code: [90mundefined[39m,
  meta: [90mundefined[39m,
  stack: [32m'PrismaClientInit
ializationError: \n'[39m +
    [32m'Invalid `prisma.notif
ication.deleteMany()` 
invocation:\n'[39m +
    [32m'\n'[39m +
    [32m'\n'[39m +
    [32m'Authentication 
failed against database server 
at `localhost`, the provided 
database credentials for 
`opssentinal` are not 
valid.\n'[39m +
    [32m'\n'[39m +
    [32m'Please make sure to 
provide valid database 
credentials for the database 
server at `localhost`.\n'[39m 
+
    [32m'    at 
$n.handleRequestError (C:\\User
s\\Dushyant.Rahangdale\\Repo\\O
psSentinal\\node_modules\\@pris
ma\\client\\runtime\\library.js
:121:7615)\n'[39m +
    [32m'    at 
$n.handleAndLogRequestError (C:
\\Users\\Dushyant.Rahangdale\\R
epo\\OpsSentinal\\node_modules\
\@prisma\\client\\runtime\\libr
ary.js:121:6623)\n'[39m +
    [32m'    at $n.request (C:
\\Users\\Dushyant.Rahangdale\\R
epo\\OpsSentinal\\node_modules\
\@prisma\\client\\runtime\\libr
ary.js:121:6307)\n'[39m +
    [32m'    at 
Array.$allOperations (C:\\Users
\\Dushyant.Rahangdale\\Repo\\Op
sSentinal\\src\\lib\\prisma.ts:
11:40)\n'[39m +
    [32m'    at l (C:\\Users\\
Dushyant.Rahangdale\\Repo\\OpsS
entinal\\node_modules\\@prisma\
\client\\runtime\\library.js:13
0:9633)\n'[39m +
    [32m'    at C:\\Users\\Dus
hyant.Rahangdale\\Repo\\OpsSent
inal\\tests\\notification-syste
m.test.ts:35:9\n'[39m +
    [32m'    at callSuiteHook 
(file:///C:/Users/Dushyant.Raha
ngdale/Repo/OpsSentinal/node_mo
dules/@vitest/runner/dist/index
.js:964:22)\n'[39m +
    [32m'    at callSuiteHook 
(file:///C:/Users/Dushyant.Raha
ngdale/Repo/OpsSentinal/node_mo
dules/@vitest/runner/dist/index
.js:970:10)\n'[39m +
    [32m'    at runTest (file:
///C:/Users/Dushyant.Rahangdale
/Repo/OpsSentinal/node_modules/
@vitest/runner/dist/index.js:10
85:9)\n'[39m +
    [32m'    at runSuite (file
:///C:/Users/Dushyant.Rahangdal
e/Repo/OpsSentinal/node_modules
/@vitest/runner/dist/index.js:1
205:15)'[39m,
  params: [32m'{}'[39m,
  errorType: [32m'PrismaClient
InitializationError'[39m
}

[90mstderr[2m | tests/integra
tion/notification-flow.test.ts
[2m > [22m[2mNotification 
Flow Integration Tests[2m > 
[22m[2mshould handle team 
escalation with 
notifyOnlyTeamLead option
[22m[39m[DB Monitor] Slow 
query detected: 2058ms { 
query: [32m'Notification.delet
eMany'[39m, params: {} }
[DB Monitor] Query error: {
  query: [32m'Notification.del
eteMany'[39m,
  message: [32m'\n'[39m +
    [32m'Invalid `prisma.notif
ication.deleteMany()` 
invocation:\n'[39m +
    [32m'\n'[39m +
    [32m'\n'[39m +
    [32m'Authentication 
failed against database server 
at `localhost`, the provided 
database credentials for 
`opssentinal` are not 
valid.\n'[39m +
    [32m'\n'[39m +
    [32m'Please make sure to 
provide valid database 
credentials for the database 
server at `localhost`.'[39m,
  code: [90mundefined[39m,
  meta: [90mundefined[39m,
  stack: [32m'PrismaClientInit
ializationError: \n'[39m +
    [32m'Invalid `prisma.notif
ication.deleteMany()` 
invocation:\n'[39m +
    [32m'\n'[39m +
    [32m'\n'[39m +
    [32m'Authentication 
failed against database server 
at `localhost`, the provided 
database credentials for 
`opssentinal` are not 
valid.\n'[39m +
    [32m'\n'[39m +
    [32m'Please make sure to 
provide valid database 
credentials for the database 
server at `localhost`.\n'[39m 
+
    [32m'    at 
$n.handleRequestError (C:\\User
s\\Dushyant.Rahangdale\\Repo\\O
psSentinal\\node_modules\\@pris
ma\\client\\runtime\\library.js
:121:7615)\n'[39m +
    [32m'    at 
$n.handleAndLogRequestError (C:
\\Users\\Dushyant.Rahangdale\\R
epo\\OpsSentinal\\node_modules\
\@prisma\\client\\runtime\\libr
ary.js:121:6623)\n'[39m +
    [32m'    at $n.request (C:
\\Users\\Dushyant.Rahangdale\\R
epo\\OpsSentinal\\node_modules\
\@prisma\\client\\runtime\\libr
ary.js:121:6307)\n'[39m +
    [32m'    at 
Array.$allOperations (C:\\Users
\\Dushyant.Rahangdale\\Repo\\Op
sSentinal\\src\\lib\\prisma.ts:
11:40)\n'[39m +
    [32m'    at l (C:\\Users\\
Dushyant.Rahangdale\\Repo\\OpsS
entinal\\node_modules\\@prisma\
\client\\runtime\\library.js:13
0:9633)\n'[39m +
    [32m'    at C:\\Users\\Dus
hyant.Rahangdale\\Repo\\OpsSent
inal\\tests\\integration\\notif
ication-flow.test.ts:18:9\n'[3
9m +
    [32m'    at callSuiteHook 
(file:///C:/Users/Dushyant.Raha
ngdale/Repo/OpsSentinal/node_mo
dules/@vitest/runner/dist/index
.js:964:22)\n'[39m +
    [32m'    at runTest (file:
///C:/Users/Dushyant.Rahangdale
/Repo/OpsSentinal/node_modules/
@vitest/runner/dist/index.js:10
40:30)\n'[39m +
    [32m'    at runSuite (file
:///C:/Users/Dushyant.Rahangdal
e/Repo/OpsSentinal/node_modules
/@vitest/runner/dist/index.js:1
205:15)\n'[39m +
    [32m'    at runSuite (file
:///C:/Users/Dushyant.Rahangdal
e/Repo/OpsSentinal/node_modules
/@vitest/runner/dist/index.js:1
205:15)'[39m,
  params: [32m'{}'[39m,
  errorType: [32m'PrismaClient
InitializationError'[39m
}

[90mstderr[2m | tests/notific
ation-system.test.ts[2m > 
[22m[2mNotification System 
Tests[2m > [22m[2mSchedule 
Escalation - Multiple On-Call 
Users[2m > [22m[2mshould 
return all active on-call 
users from all layers
[22m[39m[DB Monitor] Slow 
query detected: 2055ms { 
query: [32m'Notification.delet
eMany'[39m, params: {} }
[DB Monitor] Query error: {
  query: [32m'Notification.del
eteMany'[39m,
  message: [32m'\n'[39m +
    [32m'Invalid `prisma.notif
ication.deleteMany()` 
invocation:\n'[39m +
    [32m'\n'[39m +
    [32m'\n'[39m +
    [32m'Authentication 
failed against database server 
at `localhost`, the provided 
database credentials for 
`opssentinal` are not 
valid.\n'[39m +
    [32m'\n'[39m +
    [32m'Please make sure to 
provide valid database 
credentials for the database 
server at `localhost`.'[39m,
  code: [90mundefined[39m,
  meta: [90mundefined[39m,
  stack: [32m'PrismaClientInit
ializationError: \n'[39m +
    [32m'Invalid `prisma.notif
ication.deleteMany()` 
invocation:\n'[39m +
    [32m'\n'[39m +
    [32m'\n'[39m +
    [32m'Authentication 
failed against database server 
at `localhost`, the provided 
database credentials for 
`opssentinal` are not 
valid.\n'[39m +
    [32m'\n'[39m +
    [32m'Please make sure to 
provide valid database 
credentials for the database 
server at `localhost`.\n'[39m 
+
    [32m'    at 
$n.handleRequestError (C:\\User
s\\Dushyant.Rahangdale\\Repo\\O
psSentinal\\node_modules\\@pris
ma\\client\\runtime\\library.js
:121:7615)\n'[39m +
    [32m'    at 
$n.handleAndLogRequestError (C:
\\Users\\Dushyant.Rahangdale\\R
epo\\OpsSentinal\\node_modules\
\@prisma\\client\\runtime\\libr
ary.js:121:6623)\n'[39m +
    [32m'    at $n.request (C:
\\Users\\Dushyant.Rahangdale\\R
epo\\OpsSentinal\\node_modules\
\@prisma\\client\\runtime\\libr
ary.js:121:6307)\n'[39m +
    [32m'    at 
Array.$allOperations (C:\\Users
\\Dushyant.Rahangdale\\Repo\\Op
sSentinal\\src\\lib\\prisma.ts:
11:40)\n'[39m +
    [32m'    at l (C:\\Users\\
Dushyant.Rahangdale\\Repo\\OpsS
entinal\\node_modules\\@prisma\
\client\\runtime\\library.js:13
0:9633)\n'[39m +
    [32m'    at C:\\Users\\Dus
hyant.Rahangdale\\Repo\\OpsSent
inal\\tests\\notification-syste
m.test.ts:26:9\n'[39m +
    [32m'    at callSuiteHook 
(file:///C:/Users/Dushyant.Raha
ngdale/Repo/OpsSentinal/node_mo
dules/@vitest/runner/dist/index
.js:964:22)\n'[39m +
    [32m'    at callSuiteHook 
(file:///C:/Users/Dushyant.Raha
ngdale/Repo/OpsSentinal/node_mo
dules/@vitest/runner/dist/index
.js:953:10)\n'[39m +
    [32m'    at runTest (file:
///C:/Users/Dushyant.Rahangdale
/Repo/OpsSentinal/node_modules/
@vitest/runner/dist/index.js:10
40:30)\n'[39m +
    [32m'    at runSuite (file
:///C:/Users/Dushyant.Rahangdal
e/Repo/OpsSentinal/node_modules
/@vitest/runner/dist/index.js:1
205:15)'[39m,
  params: [32m'{}'[39m,
  errorType: [32m'PrismaClient
InitializationError'[39m
}

[90mstderr[2m | tests/integra
tion/notification-flow.test.ts
[2m > [22m[2mNotification 
Flow Integration Tests[2m > 
[22m[2mshould handle team 
escalation with 
notifyOnlyTeamLead option
[22m[39m[DB Monitor] Slow 
query detected: 2033ms { 
query: [32m'Notification.delet
eMany'[39m, params: {} }
[DB Monitor] Query error: {
  query: [32m'Notification.del
eteMany'[39m,
  message: [32m'\n'[39m +
    [32m'Invalid `prisma.notif
ication.deleteMany()` 
invocation:\n'[39m +
    [32m'\n'[39m +
    [32m'\n'[39m +
    [32m'Authentication 
failed against database server 
at `localhost`, the provided 
database credentials for 
`opssentinal` are not 
valid.\n'[39m +
    [32m'\n'[39m +
    [32m'Please make sure to 
provide valid database 
credentials for the database 
server at `localhost`.'[39m,
  code: [90mundefined[39m,
  meta: [90mundefined[39m,
  stack: [32m'PrismaClientInit
ializationError: \n'[39m +
    [32m'Invalid `prisma.notif
ication.deleteMany()` 
invocation:\n'[39m +
    [32m'\n'[39m +
    [32m'\n'[39m +
    [32m'Authentication 
failed against database server 
at `localhost`, the provided 
database credentials for 
`opssentinal` are not 
valid.\n'[39m +
    [32m'\n'[39m +
    [32m'Please make sure to 
provide valid database 
credentials for the database 
server at `localhost`.\n'[39m 
+
    [32m'    at 
$n.handleRequestError (C:\\User
s\\Dushyant.Rahangdale\\Repo\\O
psSentinal\\node_modules\\@pris
ma\\client\\runtime\\library.js
:121:7615)\n'[39m +
    [32m'    at 
$n.handleAndLogRequestError (C:
\\Users\\Dushyant.Rahangdale\\R
epo\\OpsSentinal\\node_modules\
\@prisma\\client\\runtime\\libr
ary.js:121:6623)\n'[39m +
    [32m'    at $n.request (C:
\\Users\\Dushyant.Rahangdale\\R
epo\\OpsSentinal\\node_modules\
\@prisma\\client\\runtime\\libr
ary.js:121:6307)\n'[39m +
    [32m'    at 
Array.$allOperations (C:\\Users
\\Dushyant.Rahangdale\\Repo\\Op
sSentinal\\src\\lib\\prisma.ts:
11:40)\n'[39m +
    [32m'    at l (C:\\Users\\
Dushyant.Rahangdale\\Repo\\OpsS
entinal\\node_modules\\@prisma\
\client\\runtime\\library.js:13
0:9633)\n'[39m +
    [32m'    at C:\\Users\\Dus
hyant.Rahangdale\\Repo\\OpsSent
inal\\tests\\integration\\notif
ication-flow.test.ts:28:9\n'[3
9m +
    [32m'    at callSuiteHook 
(file:///C:/Users/Dushyant.Raha
ngdale/Repo/OpsSentinal/node_mo
dules/@vitest/runner/dist/index
.js:964:22)\n'[39m +
    [32m'    at runTest (file:
///C:/Users/Dushyant.Rahangdale
/Repo/OpsSentinal/node_modules/
@vitest/runner/dist/index.js:10
85:9)\n'[39m +
    [32m'    at runSuite (file
:///C:/Users/Dushyant.Rahangdal
e/Repo/OpsSentinal/node_modules
/@vitest/runner/dist/index.js:1
205:15)\n'[39m +
    [32m'    at runSuite (file
:///C:/Users/Dushyant.Rahangdal
e/Repo/OpsSentinal/node_modules
/@vitest/runner/dist/index.js:1
205:15)'[39m,
  params: [32m'{}'[39m,
  errorType: [32m'PrismaClient
InitializationError'[39m
}

[90mstderr[2m | tests/notific
ation-system.test.ts[2m > 
[22m[2mNotification System 
Tests[2m > [22m[2mSchedule 
Escalation - Multiple On-Call 
Users[2m > [22m[2mshould 
return all active on-call 
users from all layers
[22m[39m[DB Monitor] Slow 
query detected: 2039ms { 
query: [32m'Notification.delet
eMany'[39m, params: {} }
[DB Monitor] Query error: {
  query: [32m'Notification.del
eteMany'[39m,
  message: [32m'\n'[39m +
    [32m'Invalid `prisma.notif
ication.deleteMany()` 
invocation:\n'[39m +
    [32m'\n'[39m +
    [32m'\n'[39m +
    [32m'Authentication 
failed against database server 
at `localhost`, the provided 
database credentials for 
`opssentinal` are not 
valid.\n'[39m +
    [32m'\n'[39m +
    [32m'Please make sure to 
provide valid database 
credentials for the database 
server at `localhost`.'[39m,
  code: [90mundefined[39m,
  meta: [90mundefined[39m,
  stack: [32m'PrismaClientInit
ializationError: \n'[39m +
    [32m'Invalid `prisma.notif
ication.deleteMany()` 
invocation:\n'[39m +
    [32m'\n'[39m +
    [32m'\n'[39m +
    [32m'Authentication 
failed against database server 
at `localhost`, the provided 
database credentials for 
`opssentinal` are not 
valid.\n'[39m +
    [32m'\n'[39m +
    [32m'Please make sure to 
provide valid database 
credentials for the database 
server at `localhost`.\n'[39m 
+
    [32m'    at 
$n.handleRequestError (C:\\User
s\\Dushyant.Rahangdale\\Repo\\O
psSentinal\\node_modules\\@pris
ma\\client\\runtime\\library.js
:121:7615)\n'[39m +
    [32m'    at 
$n.handleAndLogRequestError (C:
\\Users\\Dushyant.Rahangdale\\R
epo\\OpsSentinal\\node_modules\
\@prisma\\client\\runtime\\libr
ary.js:121:6623)\n'[39m +
    [32m'    at $n.request (C:
\\Users\\Dushyant.Rahangdale\\R
epo\\OpsSentinal\\node_modules\
\@prisma\\client\\runtime\\libr
ary.js:121:6307)\n'[39m +
    [32m'    at 
Array.$allOperations (C:\\Users
\\Dushyant.Rahangdale\\Repo\\Op
sSentinal\\src\\lib\\prisma.ts:
11:40)\n'[39m +
    [32m'    at l (C:\\Users\\
Dushyant.Rahangdale\\Repo\\OpsS
entinal\\node_modules\\@prisma\
\client\\runtime\\library.js:13
0:9633)\n'[39m +
    [32m'    at C:\\Users\\Dus
hyant.Rahangdale\\Repo\\OpsSent
inal\\tests\\notification-syste
m.test.ts:35:9\n'[39m +
    [32m'    at callSuiteHook 
(file:///C:/Users/Dushyant.Raha
ngdale/Repo/OpsSentinal/node_mo
dules/@vitest/runner/dist/index
.js:964:22)\n'[39m +
    [32m'    at callSuiteHook 
(file:///C:/Users/Dushyant.Raha
ngdale/Repo/OpsSentinal/node_mo
dules/@vitest/runner/dist/index
.js:970:10)\n'[39m +
    [32m'    at runTest (file:
///C:/Users/Dushyant.Rahangdale
/Repo/OpsSentinal/node_modules/
@vitest/runner/dist/index.js:10
85:9)\n'[39m +
    [32m'    at runSuite (file
:///C:/Users/Dushyant.Rahangdal
e/Repo/OpsSentinal/node_modules
/@vitest/runner/dist/index.js:1
205:15)'[39m,
  params: [32m'{}'[39m,
  errorType: [32m'PrismaClient
InitializationError'[39m
}

[90mstderr[2m | tests/integra
tion/notification-flow.test.ts
[2m > [22m[2mNotification 
Flow Integration Tests[2m > 
[22m[2mshould handle 
schedule escalation with 
multiple active layers
[22m[39m[DB Monitor] Slow 
query detected: 2056ms { 
query: [32m'Notification.delet
eMany'[39m, params: {} }
[DB Monitor] Query error: {
  query: [32m'Notification.del
eteMany'[39m,
  message: [32m'\n'[39m +
    [32m'Invalid `prisma.notif
ication.deleteMany()` 
invocation:\n'[39m +
    [32m'\n'[39m +
    [32m'\n'[39m +
    [32m'Authentication 
failed against database server 
at `localhost`, the provided 
database credentials for 
`opssentinal` are not 
valid.\n'[39m +
    [32m'\n'[39m +
    [32m'Please make sure to 
provide valid database 
credentials for the database 
server at `localhost`.'[39m,
  code: [90mundefined[39m,
  meta: [90mundefined[39m,
  stack: [32m'PrismaClientInit
ializationError: \n'[39m +
    [32m'Invalid `prisma.notif
ication.deleteMany()` 
invocation:\n'[39m +
    [32m'\n'[39m +
    [32m'\n'[39m +
    [32m'Authentication 
failed against database server 
at `localhost`, the provided 
database credentials for 
`opssentinal` are not 
valid.\n'[39m +
    [32m'\n'[39m +
    [32m'Please make sure to 
provide valid database 
credentials for the database 
server at `localhost`.\n'[39m 
+
    [32m'    at 
$n.handleRequestError (C:\\User
s\\Dushyant.Rahangdale\\Repo\\O
psSentinal\\node_modules\\@pris
ma\\client\\runtime\\library.js
:121:7615)\n'[39m +
    [32m'    at 
$n.handleAndLogRequestError (C:
\\Users\\Dushyant.Rahangdale\\R
epo\\OpsSentinal\\node_modules\
\@prisma\\client\\runtime\\libr
ary.js:121:6623)\n'[39m +
    [32m'    at $n.request (C:
\\Users\\Dushyant.Rahangdale\\R
epo\\OpsSentinal\\node_modules\
\@prisma\\client\\runtime\\libr
ary.js:121:6307)\n'[39m +
    [32m'    at 
Array.$allOperations (C:\\Users
\\Dushyant.Rahangdale\\Repo\\Op
sSentinal\\src\\lib\\prisma.ts:
11:40)\n'[39m +
    [32m'    at l (C:\\Users\\
Dushyant.Rahangdale\\Repo\\OpsS
entinal\\node_modules\\@prisma\
\client\\runtime\\library.js:13
0:9633)\n'[39m +
    [32m'    at C:\\Users\\Dus
hyant.Rahangdale\\Repo\\OpsSent
inal\\tests\\integration\\notif
ication-flow.test.ts:18:9\n'[3
9m +
    [32m'    at callSuiteHook 
(file:///C:/Users/Dushyant.Raha
ngdale/Repo/OpsSentinal/node_mo
dules/@vitest/runner/dist/index
.js:964:22)\n'[39m +
    [32m'    at runTest (file:
///C:/Users/Dushyant.Rahangdale
/Repo/OpsSentinal/node_modules/
@vitest/runner/dist/index.js:10
40:30)\n'[39m +
    [32m'    at runSuite (file
:///C:/Users/Dushyant.Rahangdal
e/Repo/OpsSentinal/node_modules
/@vitest/runner/dist/index.js:1
205:15)\n'[39m +
    [32m'    at runSuite (file
:///C:/Users/Dushyant.Rahangdal
e/Repo/OpsSentinal/node_modules
/@vitest/runner/dist/index.js:1
205:15)'[39m,
  params: [32m'{}'[39m,
  errorType: [32m'PrismaClient
InitializationError'[39m
}

[90mstderr[2m | tests/notific
ation-system.test.ts[2m > 
[22m[2mNotification System 
Tests[2m > [22m[2mTeam Lead 
Functionality[2m > 
[22m[2mshould return only 
team lead when 
notifyOnlyTeamLead is true
[22m[39m[DB Monitor] Slow 
query detected: 2030ms { 
query: [32m'Notification.delet
eMany'[39m, params: {} }
[DB Monitor] Query error: {
  query: [32m'Notification.del
eteMany'[39m,
  message: [32m'\n'[39m +
    [32m'Invalid `prisma.notif
ication.deleteMany()` 
invocation:\n'[39m +
    [32m'\n'[39m +
    [32m'\n'[39m +
    [32m'Authentication 
failed against database server 
at `localhost`, the provided 
database credentials for 
`opssentinal` are not 
valid.\n'[39m +
    [32m'\n'[39m +
    [32m'Please make sure to 
provide valid database 
credentials for the database 
server at `localhost`.'[39m,
  code: [90mundefined[39m,
  meta: [90mundefined[39m,
  stack: [32m'PrismaClientInit
ializationError: \n'[39m +
    [32m'Invalid `prisma.notif
ication.deleteMany()` 
invocation:\n'[39m +
    [32m'\n'[39m +
    [32m'\n'[39m +
    [32m'Authentication 
failed against database server 
at `localhost`, the provided 
database credentials for 
`opssentinal` are not 
valid.\n'[39m +
    [32m'\n'[39m +
    [32m'Please make sure to 
provide valid database 
credentials for the database 
server at `localhost`.\n'[39m 
+
    [32m'    at 
$n.handleRequestError (C:\\User
s\\Dushyant.Rahangdale\\Repo\\O
psSentinal\\node_modules\\@pris
ma\\client\\runtime\\library.js
:121:7615)\n'[39m +
    [32m'    at 
$n.handleAndLogRequestError (C:
\\Users\\Dushyant.Rahangdale\\R
epo\\OpsSentinal\\node_modules\
\@prisma\\client\\runtime\\libr
ary.js:121:6623)\n'[39m +
    [32m'    at $n.request (C:
\\Users\\Dushyant.Rahangdale\\R
epo\\OpsSentinal\\node_modules\
\@prisma\\client\\runtime\\libr
ary.js:121:6307)\n'[39m +
    [32m'    at 
Array.$allOperations (C:\\Users
\\Dushyant.Rahangdale\\Repo\\Op
sSentinal\\src\\lib\\prisma.ts:
11:40)\n'[39m +
    [32m'    at l (C:\\Users\\
Dushyant.Rahangdale\\Repo\\OpsS
entinal\\node_modules\\@prisma\
\client\\runtime\\library.js:13
0:9633)\n'[39m +
    [32m'    at C:\\Users\\Dus
hyant.Rahangdale\\Repo\\OpsSent
inal\\tests\\notification-syste
m.test.ts:26:9\n'[39m +
    [32m'    at callSuiteHook 
(file:///C:/Users/Dushyant.Raha
ngdale/Repo/OpsSentinal/node_mo
dules/@vitest/runner/dist/index
.js:964:22)\n'[39m +
    [32m'    at callSuiteHook 
(file:///C:/Users/Dushyant.Raha
ngdale/Repo/OpsSentinal/node_mo
dules/@vitest/runner/dist/index
.js:953:10)\n'[39m +
    [32m'    at runTest (file:
///C:/Users/Dushyant.Rahangdale
/Repo/OpsSentinal/node_modules/
@vitest/runner/dist/index.js:10
40:30)\n'[39m +
    [32m'    at runSuite (file
:///C:/Users/Dushyant.Rahangdal
e/Repo/OpsSentinal/node_modules
/@vitest/runner/dist/index.js:1
205:15)'[39m,
  params: [32m'{}'[39m,
  errorType: [32m'PrismaClient
InitializationError'[39m
}

 [32mΓ£ô[39m tests/lib/retry.test.ts [2m([22m[2m15 tests[22m[2m)[22m[33m 11918[2mms[22m[39m
   [33m[2mΓ£ô[22m[39m Retry Utilities[2m > [22mretry[2m > [22mshould retry on failure and succeed [33m3015[2mms[22m[39m
   [33m[2mΓ£ô[22m[39m Retry Utilities[2m > [22mretry[2m > [22mshould fail after max attempts [33m3012[2mms[22m[39m
   [33m[2mΓ£ô[22m[39m Retry Utilities[2m > [22mretry[2m > [22mshould use exponential backoff [33m319[2mms[22m[39m
   [33m[2mΓ£ô[22m[39m Retry Utilities[2m > [22mretry[2m > [22mshould respect max delay [33m2529[2mms[22m[39m
   [33m[2mΓ£ô[22m[39m Retry Utilities[2m > [22mretryWithThrow[2m > [22mshould throw error on failure [33m1017[2mms[22m[39m
   [33m[2mΓ£ô[22m[39m Retry Utilities[2m > [22mretryFetch[2m > [22mshould retry on network errors [33m1011[2mms[22m[39m
   [33m[2mΓ£ô[22m[39m Retry Utilities[2m > [22mretryFetch[2m > [22mshould retry on 5xx errors [33m1006[2mms[22m[39m
[90mstderr[2m | tests/integra
tion/notification-flow.test.ts
[2m > [22m[2mNotification 
Flow Integration Tests[2m > 
[22m[2mshould handle 
schedule escalation with 
multiple active layers
[22m[39m[DB Monitor] Slow 
query detected: 2049ms { 
query: [32m'Notification.delet
eMany'[39m, params: {} }
[DB Monitor] Query error: {
  query: [32m'Notification.del
eteMany'[39m,
  message: [32m'\n'[39m +
    [32m'Invalid `prisma.notif
ication.deleteMany()` 
invocation:\n'[39m +
    [32m'\n'[39m +
    [32m'\n'[39m +
    [32m'Authentication 
failed against database server 
at `localhost`, the provided 
database credentials for 
`opssentinal` are not 
valid.\n'[39m +
    [32m'\n'[39m +
    [32m'Please make sure to 
provide valid database 
credentials for the database 
server at `localhost`.'[39m,
  code: [90mundefined[39m,
  meta: [90mundefined[39m,
  stack: [32m'PrismaClientInit
ializationError: \n'[39m +
    [32m'Invalid `prisma.notif
ication.deleteMany()` 
invocation:\n'[39m +
    [32m'\n'[39m +
    [32m'\n'[39m +
    [32m'Authentication 
failed against database server 
at `localhost`, the provided 
database credentials for 
`opssentinal` are not 
valid.\n'[39m +
    [32m'\n'[39m +
    [32m'Please make sure to 
provide valid database 
credentials for the database 
server at `localhost`.\n'[39m 
+
    [32m'    at 
$n.handleRequestError (C:\\User
s\\Dushyant.Rahangdale\\Repo\\O
psSentinal\\node_modules\\@pris
ma\\client\\runtime\\library.js
:121:7615)\n'[39m +
    [32m'    at 
$n.handleAndLogRequestError (C:
\\Users\\Dushyant.Rahangdale\\R
epo\\OpsSentinal\\node_modules\
\@prisma\\client\\runtime\\libr
ary.js:121:6623)\n'[39m +
    [32m'    at $n.request (C:
\\Users\\Dushyant.Rahangdale\\R
epo\\OpsSentinal\\node_modules\
\@prisma\\client\\runtime\\libr
ary.js:121:6307)\n'[39m +
    [32m'    at 
Array.$allOperations (C:\\Users
\\Dushyant.Rahangdale\\Repo\\Op
sSentinal\\src\\lib\\prisma.ts:
11:40)\n'[39m +
    [32m'    at l (C:\\Users\\
Dushyant.Rahangdale\\Repo\\OpsS
entinal\\node_modules\\@prisma\
\client\\runtime\\library.js:13
0:9633)\n'[39m +
    [32m'    at C:\\Users\\Dus
hyant.Rahangdale\\Repo\\OpsSent
inal\\tests\\integration\\notif
ication-flow.test.ts:28:9\n'[3
9m +
    [32m'    at callSuiteHook 
(file:///C:/Users/Dushyant.Raha
ngdale/Repo/OpsSentinal/node_mo
dules/@vitest/runner/dist/index
.js:964:22)\n'[39m +
    [32m'    at runTest (file:
///C:/Users/Dushyant.Rahangdale
/Repo/OpsSentinal/node_modules/
@vitest/runner/dist/index.js:10
85:9)\n'[39m +
    [32m'    at runSuite (file
:///C:/Users/Dushyant.Rahangdal
e/Repo/OpsSentinal/node_modules
/@vitest/runner/dist/index.js:1
205:15)\n'[39m +
    [32m'    at runSuite (file
:///C:/Users/Dushyant.Rahangdal
e/Repo/OpsSentinal/node_modules
/@vitest/runner/dist/index.js:1
205:15)'[39m,
  params: [32m'{}'[39m,
  errorType: [32m'PrismaClient
InitializationError'[39m
}

 [31mΓ¥»[39m tests/integration/notification-flow.test.ts [2m([22m[2m3 tests[22m[2m | [22m[31m3 failed[39m[2m)[22m[33m 12336[2mms[22m[39m
[31m   [31m├ù[31m Notification Flow Integration Tests[2m > [22mshould send service notifications and escalation notifications separately[33m 4132[2mms[22m[31m[39m
[31m     ΓåÆ 
Invalid `prisma.notification.deleteMany()` invocation:


Authentication failed against database server at `localhost`, the provided database credentials for `opssentinal` are not valid.

Please make sure to provide valid database credentials for the database server at `localhost`.[39m
[31m     ΓåÆ 
Invalid `prisma.notification.deleteMany()` invocation:


Authentication failed against database server at `localhost`, the provided database credentials for `opssentinal` are not valid.

Please make sure to provide valid database credentials for the database server at `localhost`.[39m
[31m   [31m├ù[31m Notification Flow Integration Tests[2m > [22mshould handle team escalation with notifyOnlyTeamLead option[33m 4094[2mms[22m[31m[39m
[31m     ΓåÆ 
Invalid `prisma.notification.deleteMany()` invocation:


Authentication failed against database server at `localhost`, the provided database credentials for `opssentinal` are not valid.

Please make sure to provide valid database credentials for the database server at `localhost`.[39m
[31m     ΓåÆ 
Invalid `prisma.notification.deleteMany()` invocation:


Authentication failed against database server at `localhost`, the provided database credentials for `opssentinal` are not valid.

Please make sure to provide valid database credentials for the database server at `localhost`.[39m
[31m   [31m├ù[31m Notification Flow Integration Tests[2m > [22mshould handle schedule escalation with multiple active layers[33m 4108[2mms[22m[31m[39m
[31m     ΓåÆ 
Invalid `prisma.notification.deleteMany()` invocation:


Authentication failed against database server at `localhost`, the provided database credentials for `opssentinal` are not valid.

Please make sure to provide valid database credentials for the database server at `localhost`.[39m
[31m     ΓåÆ 
Invalid `prisma.notification.deleteMany()` invocation:


Authentication failed against database server at `localhost`, the provided database credentials for `opssentinal` are not valid.

Please make sure to provide valid database credentials for the database server at `localhost`.[39m
[90mstderr[2m | tests/notific
ation-system.test.ts[2m > 
[22m[2mNotification System 
Tests[2m > [22m[2mTeam Lead 
Functionality[2m > 
[22m[2mshould return only 
team lead when 
notifyOnlyTeamLead is true
[22m[39m[DB Monitor] Slow 
query detected: 2034ms { 
query: [32m'Notification.delet
eMany'[39m, params: {} }
[DB Monitor] Query error: {
  query: [32m'Notification.del
eteMany'[39m,
  message: [32m'\n'[39m +
    [32m'Invalid `prisma.notif
ication.deleteMany()` 
invocation:\n'[39m +
    [32m'\n'[39m +
    [32m'\n'[39m +
    [32m'Authentication 
failed against database server 
at `localhost`, the provided 
database credentials for 
`opssentinal` are not 
valid.\n'[39m +
    [32m'\n'[39m +
    [32m'Please make sure to 
provide valid database 
credentials for the database 
server at `localhost`.'[39m,
  code: [90mundefined[39m,
  meta: [90mundefined[39m,
  stack: [32m'PrismaClientInit
ializationError: \n'[39m +
    [32m'Invalid `prisma.notif
ication.deleteMany()` 
invocation:\n'[39m +
    [32m'\n'[39m +
    [32m'\n'[39m +
    [32m'Authentication 
failed against database server 
at `localhost`, the provided 
database credentials for 
`opssentinal` are not 
valid.\n'[39m +
    [32m'\n'[39m +
    [32m'Please make sure to 
provide valid database 
credentials for the database 
server at `localhost`.\n'[39m 
+
    [32m'    at 
$n.handleRequestError (C:\\User
s\\Dushyant.Rahangdale\\Repo\\O
psSentinal\\node_modules\\@pris
ma\\client\\runtime\\library.js
:121:7615)\n'[39m +
    [32m'    at 
$n.handleAndLogRequestError (C:
\\Users\\Dushyant.Rahangdale\\R
epo\\OpsSentinal\\node_modules\
\@prisma\\client\\runtime\\libr
ary.js:121:6623)\n'[39m +
    [32m'    at $n.request (C:
\\Users\\Dushyant.Rahangdale\\R
epo\\OpsSentinal\\node_modules\
\@prisma\\client\\runtime\\libr
ary.js:121:6307)\n'[39m +
    [32m'    at 
Array.$allOperations (C:\\Users
\\Dushyant.Rahangdale\\Repo\\Op
sSentinal\\src\\lib\\prisma.ts:
11:40)\n'[39m +
    [32m'    at l (C:\\Users\\
Dushyant.Rahangdale\\Repo\\OpsS
entinal\\node_modules\\@prisma\
\client\\runtime\\library.js:13
0:9633)\n'[39m +
    [32m'    at C:\\Users\\Dus
hyant.Rahangdale\\Repo\\OpsSent
inal\\tests\\notification-syste
m.test.ts:35:9\n'[39m +
    [32m'    at callSuiteHook 
(file:///C:/Users/Dushyant.Raha
ngdale/Repo/OpsSentinal/node_mo
dules/@vitest/runner/dist/index
.js:964:22)\n'[39m +
    [32m'    at callSuiteHook 
(file:///C:/Users/Dushyant.Raha
ngdale/Repo/OpsSentinal/node_mo
dules/@vitest/runner/dist/index
.js:970:10)\n'[39m +
    [32m'    at runTest (file:
///C:/Users/Dushyant.Rahangdale
/Repo/OpsSentinal/node_modules/
@vitest/runner/dist/index.js:10
85:9)\n'[39m +
    [32m'    at runSuite (file
:///C:/Users/Dushyant.Rahangdal
e/Repo/OpsSentinal/node_modules
/@vitest/runner/dist/index.js:1
205:15)'[39m,
  params: [32m'{}'[39m,
  errorType: [32m'PrismaClient
InitializationError'[39m
}

[90mstderr[2m | tests/notific
ation-system.test.ts[2m > 
[22m[2mNotification System 
Tests[2m > [22m[2mTeam Lead 
Functionality[2m > 
[22m[2mshould return no 
users when team lead has team 
notifications disabled
[22m[39m[DB Monitor] Slow 
query detected: 2048ms { 
query: [32m'Notification.delet
eMany'[39m, params: {} }
[DB Monitor] Query error: {
  query: [32m'Notification.del
eteMany'[39m,
  message: [32m'\n'[39m +
    [32m'Invalid `prisma.notif
ication.deleteMany()` 
invocation:\n'[39m +
    [32m'\n'[39m +
    [32m'\n'[39m +
    [32m'Authentication 
failed against database server 
at `localhost`, the provided 
database credentials for 
`opssentinal` are not 
valid.\n'[39m +
    [32m'\n'[39m +
    [32m'Please make sure to 
provide valid database 
credentials for the database 
server at `localhost`.'[39m,
  code: [90mundefined[39m,
  meta: [90mundefined[39m,
  stack: [32m'PrismaClientInit
ializationError: \n'[39m +
    [32m'Invalid `prisma.notif
ication.deleteMany()` 
invocation:\n'[39m +
    [32m'\n'[39m +
    [32m'\n'[39m +
    [32m'Authentication 
failed against database server 
at `localhost`, the provided 
database credentials for 
`opssentinal` are not 
valid.\n'[39m +
    [32m'\n'[39m +
    [32m'Please make sure to 
provide valid database 
credentials for the database 
server at `localhost`.\n'[39m 
+
    [32m'    at 
$n.handleRequestError (C:\\User
s\\Dushyant.Rahangdale\\Repo\\O
psSentinal\\node_modules\\@pris
ma\\client\\runtime\\library.js
:121:7615)\n'[39m +
    [32m'    at 
$n.handleAndLogRequestError (C:
\\Users\\Dushyant.Rahangdale\\R
epo\\OpsSentinal\\node_modules\
\@prisma\\client\\runtime\\libr
ary.js:121:6623)\n'[39m +
    [32m'    at $n.request (C:
\\Users\\Dushyant.Rahangdale\\R
epo\\OpsSentinal\\node_modules\
\@prisma\\client\\runtime\\libr
ary.js:121:6307)\n'[39m +
    [32m'    at 
Array.$allOperations (C:\\Users
\\Dushyant.Rahangdale\\Repo\\Op
sSentinal\\src\\lib\\prisma.ts:
11:40)\n'[39m +
    [32m'    at l (C:\\Users\\
Dushyant.Rahangdale\\Repo\\OpsS
entinal\\node_modules\\@prisma\
\client\\runtime\\library.js:13
0:9633)\n'[39m +
    [32m'    at C:\\Users\\Dus
hyant.Rahangdale\\Repo\\OpsSent
inal\\tests\\notification-syste
m.test.ts:26:9\n'[39m +
    [32m'    at callSuiteHook 
(file:///C:/Users/Dushyant.Raha
ngdale/Repo/OpsSentinal/node_mo
dules/@vitest/runner/dist/index
.js:964:22)\n'[39m +
    [32m'    at callSuiteHook 
(file:///C:/Users/Dushyant.Raha
ngdale/Repo/OpsSentinal/node_mo
dules/@vitest/runner/dist/index
.js:953:10)\n'[39m +
    [32m'    at runTest (file:
///C:/Users/Dushyant.Rahangdale
/Repo/OpsSentinal/node_modules/
@vitest/runner/dist/index.js:10
40:30)\n'[39m +
    [32m'    at runSuite (file
:///C:/Users/Dushyant.Rahangdal
e/Repo/OpsSentinal/node_modules
/@vitest/runner/dist/index.js:1
205:15)'[39m,
  params: [32m'{}'[39m,
  errorType: [32m'PrismaClient
InitializationError'[39m
}

[90mstderr[2m | tests/notific
ation-system.test.ts[2m > 
[22m[2mNotification System 
Tests[2m > [22m[2mTeam Lead 
Functionality[2m > 
[22m[2mshould return no 
users when team lead has team 
notifications disabled
[22m[39m[DB Monitor] Slow 
query detected: 2039ms { 
query: [32m'Notification.delet
eMany'[39m, params: {} }
[DB Monitor] Query error: {
  query: [32m'Notification.del
eteMany'[39m,
  message: [32m'\n'[39m +
    [32m'Invalid `prisma.notif
ication.deleteMany()` 
invocation:\n'[39m +
    [32m'\n'[39m +
    [32m'\n'[39m +
    [32m'Authentication 
failed against database server 
at `localhost`, the provided 
database credentials for 
`opssentinal` are not 
valid.\n'[39m +
    [32m'\n'[39m +
    [32m'Please make sure to 
provide valid database 
credentials for the database 
server at `localhost`.'[39m,
  code: [90mundefined[39m,
  meta: [90mundefined[39m,
  stack: [32m'PrismaClientInit
ializationError: \n'[39m +
    [32m'Invalid `prisma.notif
ication.deleteMany()` 
invocation:\n'[39m +
    [32m'\n'[39m +
    [32m'\n'[39m +
    [32m'Authentication 
failed against database server 
at `localhost`, the provided 
database credentials for 
`opssentinal` are not 
valid.\n'[39m +
    [32m'\n'[39m +
    [32m'Please make sure to 
provide valid database 
credentials for the database 
server at `localhost`.\n'[39m 
+
    [32m'    at 
$n.handleRequestError (C:\\User
s\\Dushyant.Rahangdale\\Repo\\O
psSentinal\\node_modules\\@pris
ma\\client\\runtime\\library.js
:121:7615)\n'[39m +
    [32m'    at 
$n.handleAndLogRequestError (C:
\\Users\\Dushyant.Rahangdale\\R
epo\\OpsSentinal\\node_modules\
\@prisma\\client\\runtime\\libr
ary.js:121:6623)\n'[39m +
    [32m'    at $n.request (C:
\\Users\\Dushyant.Rahangdale\\R
epo\\OpsSentinal\\node_modules\
\@prisma\\client\\runtime\\libr
ary.js:121:6307)\n'[39m +
    [32m'    at 
Array.$allOperations (C:\\Users
\\Dushyant.Rahangdale\\Repo\\Op
sSentinal\\src\\lib\\prisma.ts:
11:40)\n'[39m +
    [32m'    at l (C:\\Users\\
Dushyant.Rahangdale\\Repo\\OpsS
entinal\\node_modules\\@prisma\
\client\\runtime\\library.js:13
0:9633)\n'[39m +
    [32m'    at C:\\Users\\Dus
hyant.Rahangdale\\Repo\\OpsSent
inal\\tests\\notification-syste
m.test.ts:35:9\n'[39m +
    [32m'    at callSuiteHook 
(file:///C:/Users/Dushyant.Raha
ngdale/Repo/OpsSentinal/node_mo
dules/@vitest/runner/dist/index
.js:964:22)\n'[39m +
    [32m'    at callSuiteHook 
(file:///C:/Users/Dushyant.Raha
ngdale/Repo/OpsSentinal/node_mo
dules/@vitest/runner/dist/index
.js:970:10)\n'[39m +
    [32m'    at runTest (file:
///C:/Users/Dushyant.Rahangdale
/Repo/OpsSentinal/node_modules/
@vitest/runner/dist/index.js:10
85:9)\n'[39m +
    [32m'    at runSuite (file
:///C:/Users/Dushyant.Rahangdal
e/Repo/OpsSentinal/node_modules
/@vitest/runner/dist/index.js:1
205:15)'[39m,
  params: [32m'{}'[39m,
  errorType: [32m'PrismaClient
InitializationError'[39m
}

[90mstderr[2m | tests/notific
ation-system.test.ts[2m > 
[22m[2mNotification System 
Tests[2m > [22m[2mTeam Lead 
Functionality[2m > 
[22m[2mshould return all 
team members when 
notifyOnlyTeamLead is false
[22m[39m[DB Monitor] Slow 
query detected: 2057ms { 
query: [32m'Notification.delet
eMany'[39m, params: {} }
[DB Monitor] Query error: {
  query: [32m'Notification.del
eteMany'[39m,
  message: [32m'\n'[39m +
    [32m'Invalid `prisma.notif
ication.deleteMany()` 
invocation:\n'[39m +
    [32m'\n'[39m +
    [32m'\n'[39m +
    [32m'Authentication 
failed against database server 
at `localhost`, the provided 
database credentials for 
`opssentinal` are not 
valid.\n'[39m +
    [32m'\n'[39m +
    [32m'Please make sure to 
provide valid database 
credentials for the database 
server at `localhost`.'[39m,
  code: [90mundefined[39m,
  meta: [90mundefined[39m,
  stack: [32m'PrismaClientInit
ializationError: \n'[39m +
    [32m'Invalid `prisma.notif
ication.deleteMany()` 
invocation:\n'[39m +
    [32m'\n'[39m +
    [32m'\n'[39m +
    [32m'Authentication 
failed against database server 
at `localhost`, the provided 
database credentials for 
`opssentinal` are not 
valid.\n'[39m +
    [32m'\n'[39m +
    [32m'Please make sure to 
provide valid database 
credentials for the database 
server at `localhost`.\n'[39m 
+
    [32m'    at 
$n.handleRequestError (C:\\User
s\\Dushyant.Rahangdale\\Repo\\O
psSentinal\\node_modules\\@pris
ma\\client\\runtime\\library.js
:121:7615)\n'[39m +
    [32m'    at 
$n.handleAndLogRequestError (C:
\\Users\\Dushyant.Rahangdale\\R
epo\\OpsSentinal\\node_modules\
\@prisma\\client\\runtime\\libr
ary.js:121:6623)\n'[39m +
    [32m'    at $n.request (C:
\\Users\\Dushyant.Rahangdale\\R
epo\\OpsSentinal\\node_modules\
\@prisma\\client\\runtime\\libr
ary.js:121:6307)\n'[39m +
    [32m'    at 
Array.$allOperations (C:\\Users
\\Dushyant.Rahangdale\\Repo\\Op
sSentinal\\src\\lib\\prisma.ts:
11:40)\n'[39m +
    [32m'    at l (C:\\Users\\
Dushyant.Rahangdale\\Repo\\OpsS
entinal\\node_modules\\@prisma\
\client\\runtime\\library.js:13
0:9633)\n'[39m +
    [32m'    at C:\\Users\\Dus
hyant.Rahangdale\\Repo\\OpsSent
inal\\tests\\notification-syste
m.test.ts:26:9\n'[39m +
    [32m'    at callSuiteHook 
(file:///C:/Users/Dushyant.Raha
ngdale/Repo/OpsSentinal/node_mo
dules/@vitest/runner/dist/index
.js:964:22)\n'[39m +
    [32m'    at callSuiteHook 
(file:///C:/Users/Dushyant.Raha
ngdale/Repo/OpsSentinal/node_mo
dules/@vitest/runner/dist/index
.js:953:10)\n'[39m +
    [32m'    at runTest (file:
///C:/Users/Dushyant.Rahangdale
/Repo/OpsSentinal/node_modules/
@vitest/runner/dist/index.js:10
40:30)\n'[39m +
    [32m'    at runSuite (file
:///C:/Users/Dushyant.Rahangdal
e/Repo/OpsSentinal/node_modules
/@vitest/runner/dist/index.js:1
205:15)'[39m,
  params: [32m'{}'[39m,
  errorType: [32m'PrismaClient
InitializationError'[39m
}

[90mstderr[2m | tests/notific
ation-system.test.ts[2m > 
[22m[2mNotification System 
Tests[2m > [22m[2mTeam Lead 
Functionality[2m > 
[22m[2mshould return all 
team members when 
notifyOnlyTeamLead is false
[22m[39m[DB Monitor] Slow 
query detected: 2040ms { 
query: [32m'Notification.delet
eMany'[39m, params: {} }
[DB Monitor] Query error: {
  query: [32m'Notification.del
eteMany'[39m,
  message: [32m'\n'[39m +
    [32m'Invalid `prisma.notif
ication.deleteMany()` 
invocation:\n'[39m +
    [32m'\n'[39m +
    [32m'\n'[39m +
    [32m'Authentication 
failed against database server 
at `localhost`, the provided 
database credentials for 
`opssentinal` are not 
valid.\n'[39m +
    [32m'\n'[39m +
    [32m'Please make sure to 
provide valid database 
credentials for the database 
server at `localhost`.'[39m,
  code: [90mundefined[39m,
  meta: [90mundefined[39m,
  stack: [32m'PrismaClientInit
ializationError: \n'[39m +
    [32m'Invalid `prisma.notif
ication.deleteMany()` 
invocation:\n'[39m +
    [32m'\n'[39m +
    [32m'\n'[39m +
    [32m'Authentication 
failed against database server 
at `localhost`, the provided 
database credentials for 
`opssentinal` are not 
valid.\n'[39m +
    [32m'\n'[39m +
    [32m'Please make sure to 
provide valid database 
credentials for the database 
server at `localhost`.\n'[39m 
+
    [32m'    at 
$n.handleRequestError (C:\\User
s\\Dushyant.Rahangdale\\Repo\\O
psSentinal\\node_modules\\@pris
ma\\client\\runtime\\library.js
:121:7615)\n'[39m +
    [32m'    at 
$n.handleAndLogRequestError (C:
\\Users\\Dushyant.Rahangdale\\R
epo\\OpsSentinal\\node_modules\
\@prisma\\client\\runtime\\libr
ary.js:121:6623)\n'[39m +
    [32m'    at $n.request (C:
\\Users\\Dushyant.Rahangdale\\R
epo\\OpsSentinal\\node_modules\
\@prisma\\client\\runtime\\libr
ary.js:121:6307)\n'[39m +
    [32m'    at 
Array.$allOperations (C:\\Users
\\Dushyant.Rahangdale\\Repo\\Op
sSentinal\\src\\lib\\prisma.ts:
11:40)\n'[39m +
    [32m'    at l (C:\\Users\\
Dushyant.Rahangdale\\Repo\\OpsS
entinal\\node_modules\\@prisma\
\client\\runtime\\library.js:13
0:9633)\n'[39m +
    [32m'    at C:\\Users\\Dus
hyant.Rahangdale\\Repo\\OpsSent
inal\\tests\\notification-syste
m.test.ts:35:9\n'[39m +
    [32m'    at callSuiteHook 
(file:///C:/Users/Dushyant.Raha
ngdale/Repo/OpsSentinal/node_mo
dules/@vitest/runner/dist/index
.js:964:22)\n'[39m +
    [32m'    at callSuiteHook 
(file:///C:/Users/Dushyant.Raha
ngdale/Repo/OpsSentinal/node_mo
dules/@vitest/runner/dist/index
.js:970:10)\n'[39m +
    [32m'    at runTest (file:
///C:/Users/Dushyant.Rahangdale
/Repo/OpsSentinal/node_modules/
@vitest/runner/dist/index.js:10
85:9)\n'[39m +
    [32m'    at runSuite (file
:///C:/Users/Dushyant.Rahangdal
e/Repo/OpsSentinal/node_modules
/@vitest/runner/dist/index.js:1
205:15)'[39m,
  params: [32m'{}'[39m,
  errorType: [32m'PrismaClient
InitializationError'[39m
}

[90mstderr[2m | tests/notific
ation-system.test.ts[2m > 
[22m[2mNotification System 
Tests[2m > [22m[2mSlack 
Integration[2m > 
[22m[2mshould send Slack 
notification via webhook
[22m[39m[DB Monitor] Slow 
query detected: 2059ms { 
query: [32m'Notification.delet
eMany'[39m, params: {} }
[DB Monitor] Query error: {
  query: [32m'Notification.del
eteMany'[39m,
  message: [32m'\n'[39m +
    [32m'Invalid `prisma.notif
ication.deleteMany()` 
invocation:\n'[39m +
    [32m'\n'[39m +
    [32m'\n'[39m +
    [32m'Authentication 
failed against database server 
at `localhost`, the provided 
database credentials for 
`opssentinal` are not 
valid.\n'[39m +
    [32m'\n'[39m +
    [32m'Please make sure to 
provide valid database 
credentials for the database 
server at `localhost`.'[39m,
  code: [90mundefined[39m,
  meta: [90mundefined[39m,
  stack: [32m'PrismaClientInit
ializationError: \n'[39m +
    [32m'Invalid `prisma.notif
ication.deleteMany()` 
invocation:\n'[39m +
    [32m'\n'[39m +
    [32m'\n'[39m +
    [32m'Authentication 
failed against database server 
at `localhost`, the provided 
database credentials for 
`opssentinal` are not 
valid.\n'[39m +
    [32m'\n'[39m +
    [32m'Please make sure to 
provide valid database 
credentials for the database 
server at `localhost`.\n'[39m 
+
    [32m'    at 
$n.handleRequestError (C:\\User
s\\Dushyant.Rahangdale\\Repo\\O
psSentinal\\node_modules\\@pris
ma\\client\\runtime\\library.js
:121:7615)\n'[39m +
    [32m'    at 
$n.handleAndLogRequestError (C:
\\Users\\Dushyant.Rahangdale\\R
epo\\OpsSentinal\\node_modules\
\@prisma\\client\\runtime\\libr
ary.js:121:6623)\n'[39m +
    [32m'    at $n.request (C:
\\Users\\Dushyant.Rahangdale\\R
epo\\OpsSentinal\\node_modules\
\@prisma\\client\\runtime\\libr
ary.js:121:6307)\n'[39m +
    [32m'    at 
Array.$allOperations (C:\\Users
\\Dushyant.Rahangdale\\Repo\\Op
sSentinal\\src\\lib\\prisma.ts:
11:40)\n'[39m +
    [32m'    at l (C:\\Users\\
Dushyant.Rahangdale\\Repo\\OpsS
entinal\\node_modules\\@prisma\
\client\\runtime\\library.js:13
0:9633)\n'[39m +
    [32m'    at C:\\Users\\Dus
hyant.Rahangdale\\Repo\\OpsSent
inal\\tests\\notification-syste
m.test.ts:26:9\n'[39m +
    [32m'    at callSuiteHook 
(file:///C:/Users/Dushyant.Raha
ngdale/Repo/OpsSentinal/node_mo
dules/@vitest/runner/dist/index
.js:964:22)\n'[39m +
    [32m'    at callSuiteHook 
(file:///C:/Users/Dushyant.Raha
ngdale/Repo/OpsSentinal/node_mo
dules/@vitest/runner/dist/index
.js:953:10)\n'[39m +
    [32m'    at runTest (file:
///C:/Users/Dushyant.Rahangdale
/Repo/OpsSentinal/node_modules/
@vitest/runner/dist/index.js:10
40:30)\n'[39m +
    [32m'    at runSuite (file
:///C:/Users/Dushyant.Rahangdal
e/Repo/OpsSentinal/node_modules
/@vitest/runner/dist/index.js:1
205:15)'[39m,
  params: [32m'{}'[39m,
  errorType: [32m'PrismaClient
InitializationError'[39m
}

[90mstderr[2m | tests/notific
ation-system.test.ts[2m > 
[22m[2mNotification System 
Tests[2m > [22m[2mSlack 
Integration[2m > 
[22m[2mshould send Slack 
notification via webhook
[22m[39m[DB Monitor] Slow 
query detected: 2045ms { 
query: [32m'Notification.delet
eMany'[39m, params: {} }
[DB Monitor] Query error: {
  query: [32m'Notification.del
eteMany'[39m,
  message: [32m'\n'[39m +
    [32m'Invalid `prisma.notif
ication.deleteMany()` 
invocation:\n'[39m +
    [32m'\n'[39m +
    [32m'\n'[39m +
    [32m'Authentication 
failed against database server 
at `localhost`, the provided 
database credentials for 
`opssentinal` are not 
valid.\n'[39m +
    [32m'\n'[39m +
    [32m'Please make sure to 
provide valid database 
credentials for the database 
server at `localhost`.'[39m,
  code: [90mundefined[39m,
  meta: [90mundefined[39m,
  stack: [32m'PrismaClientInit
ializationError: \n'[39m +
    [32m'Invalid `prisma.notif
ication.deleteMany()` 
invocation:\n'[39m +
    [32m'\n'[39m +
    [32m'\n'[39m +
    [32m'Authentication 
failed against database server 
at `localhost`, the provided 
database credentials for 
`opssentinal` are not 
valid.\n'[39m +
    [32m'\n'[39m +
    [32m'Please make sure to 
provide valid database 
credentials for the database 
server at `localhost`.\n'[39m 
+
    [32m'    at 
$n.handleRequestError (C:\\User
s\\Dushyant.Rahangdale\\Repo\\O
psSentinal\\node_modules\\@pris
ma\\client\\runtime\\library.js
:121:7615)\n'[39m +
    [32m'    at 
$n.handleAndLogRequestError (C:
\\Users\\Dushyant.Rahangdale\\R
epo\\OpsSentinal\\node_modules\
\@prisma\\client\\runtime\\libr
ary.js:121:6623)\n'[39m +
    [32m'    at $n.request (C:
\\Users\\Dushyant.Rahangdale\\R
epo\\OpsSentinal\\node_modules\
\@prisma\\client\\runtime\\libr
ary.js:121:6307)\n'[39m +
    [32m'    at 
Array.$allOperations (C:\\Users
\\Dushyant.Rahangdale\\Repo\\Op
sSentinal\\src\\lib\\prisma.ts:
11:40)\n'[39m +
    [32m'    at l (C:\\Users\\
Dushyant.Rahangdale\\Repo\\OpsS
entinal\\node_modules\\@prisma\
\client\\runtime\\library.js:13
0:9633)\n'[39m +
    [32m'    at C:\\Users\\Dus
hyant.Rahangdale\\Repo\\OpsSent
inal\\tests\\notification-syste
m.test.ts:35:9\n'[39m +
    [32m'    at callSuiteHook 
(file:///C:/Users/Dushyant.Raha
ngdale/Repo/OpsSentinal/node_mo
dules/@vitest/runner/dist/index
.js:964:22)\n'[39m +
    [32m'    at callSuiteHook 
(file:///C:/Users/Dushyant.Raha
ngdale/Repo/OpsSentinal/node_mo
dules/@vitest/runner/dist/index
.js:970:10)\n'[39m +
    [32m'    at runTest (file:
///C:/Users/Dushyant.Rahangdale
/Repo/OpsSentinal/node_modules/
@vitest/runner/dist/index.js:10
85:9)\n'[39m +
    [32m'    at runSuite (file
:///C:/Users/Dushyant.Rahangdal
e/Repo/OpsSentinal/node_modules
/@vitest/runner/dist/index.js:1
205:15)'[39m,
  params: [32m'{}'[39m,
  errorType: [32m'PrismaClient
InitializationError'[39m
}

[90mstderr[2m | tests/notific
ation-system.test.ts[2m > 
[22m[2mNotification System 
Tests[2m > [22m[2mSlack 
Integration[2m > 
[22m[2mshould send Slack 
message to channel via API
[22m[39m[DB Monitor] Slow 
query detected: 2050ms { 
query: [32m'Notification.delet
eMany'[39m, params: {} }
[DB Monitor] Query error: {
  query: [32m'Notification.del
eteMany'[39m,
  message: [32m'\n'[39m +
    [32m'Invalid `prisma.notif
ication.deleteMany()` 
invocation:\n'[39m +
    [32m'\n'[39m +
    [32m'\n'[39m +
    [32m'Authentication 
failed against database server 
at `localhost`, the provided 
database credentials for 
`opssentinal` are not 
valid.\n'[39m +
    [32m'\n'[39m +
    [32m'Please make sure to 
provide valid database 
credentials for the database 
server at `localhost`.'[39m,
  code: [90mundefined[39m,
  meta: [90mundefined[39m,
  stack: [32m'PrismaClientInit
ializationError: \n'[39m +
    [32m'Invalid `prisma.notif
ication.deleteMany()` 
invocation:\n'[39m +
    [32m'\n'[39m +
    [32m'\n'[39m +
    [32m'Authentication 
failed against database server 
at `localhost`, the provided 
database credentials for 
`opssentinal` are not 
valid.\n'[39m +
    [32m'\n'[39m +
    [32m'Please make sure to 
provide valid database 
credentials for the database 
server at `localhost`.\n'[39m 
+
    [32m'    at 
$n.handleRequestError (C:\\User
s\\Dushyant.Rahangdale\\Repo\\O
psSentinal\\node_modules\\@pris
ma\\client\\runtime\\library.js
:121:7615)\n'[39m +
    [32m'    at 
$n.handleAndLogRequestError (C:
\\Users\\Dushyant.Rahangdale\\R
epo\\OpsSentinal\\node_modules\
\@prisma\\client\\runtime\\libr
ary.js:121:6623)\n'[39m +
    [32m'    at $n.request (C:
\\Users\\Dushyant.Rahangdale\\R
epo\\OpsSentinal\\node_modules\
\@prisma\\client\\runtime\\libr
ary.js:121:6307)\n'[39m +
    [32m'    at 
Array.$allOperations (C:\\Users
\\Dushyant.Rahangdale\\Repo\\Op
sSentinal\\src\\lib\\prisma.ts:
11:40)\n'[39m +
    [32m'    at l (C:\\Users\\
Dushyant.Rahangdale\\Repo\\OpsS
entinal\\node_modules\\@prisma\
\client\\runtime\\library.js:13
0:9633)\n'[39m +
    [32m'    at C:\\Users\\Dus
hyant.Rahangdale\\Repo\\OpsSent
inal\\tests\\notification-syste
m.test.ts:26:9\n'[39m +
    [32m'    at callSuiteHook 
(file:///C:/Users/Dushyant.Raha
ngdale/Repo/OpsSentinal/node_mo
dules/@vitest/runner/dist/index
.js:964:22)\n'[39m +
    [32m'    at callSuiteHook 
(file:///C:/Users/Dushyant.Raha
ngdale/Repo/OpsSentinal/node_mo
dules/@vitest/runner/dist/index
.js:953:10)\n'[39m +
    [32m'    at runTest (file:
///C:/Users/Dushyant.Rahangdale
/Repo/OpsSentinal/node_modules/
@vitest/runner/dist/index.js:10
40:30)\n'[39m +
    [32m'    at runSuite (file
:///C:/Users/Dushyant.Rahangdal
e/Repo/OpsSentinal/node_modules
/@vitest/runner/dist/index.js:1
205:15)'[39m,
  params: [32m'{}'[39m,
  errorType: [32m'PrismaClient
InitializationError'[39m
}

[90mstderr[2m | tests/notific
ation-system.test.ts[2m > 
[22m[2mNotification System 
Tests[2m > [22m[2mSlack 
Integration[2m > 
[22m[2mshould send Slack 
message to channel via API
[22m[39m[DB Monitor] Slow 
query detected: 2028ms { 
query: [32m'Notification.delet
eMany'[39m, params: {} }
[DB Monitor] Query error: {
  query: [32m'Notification.del
eteMany'[39m,
  message: [32m'\n'[39m +
    [32m'Invalid `prisma.notif
ication.deleteMany()` 
invocation:\n'[39m +
    [32m'\n'[39m +
    [32m'\n'[39m +
    [32m'Authentication 
failed against database server 
at `localhost`, the provided 
database credentials for 
`opssentinal` are not 
valid.\n'[39m +
    [32m'\n'[39m +
    [32m'Please make sure to 
provide valid database 
credentials for the database 
server at `localhost`.'[39m,
  code: [90mundefined[39m,
  meta: [90mundefined[39m,
  stack: [32m'PrismaClientInit
ializationError: \n'[39m +
    [32m'Invalid `prisma.notif
ication.deleteMany()` 
invocation:\n'[39m +
    [32m'\n'[39m +
    [32m'\n'[39m +
    [32m'Authentication 
failed against database server 
at `localhost`, the provided 
database credentials for 
`opssentinal` are not 
valid.\n'[39m +
    [32m'\n'[39m +
    [32m'Please make sure to 
provide valid database 
credentials for the database 
server at `localhost`.\n'[39m 
+
    [32m'    at 
$n.handleRequestError (C:\\User
s\\Dushyant.Rahangdale\\Repo\\O
psSentinal\\node_modules\\@pris
ma\\client\\runtime\\library.js
:121:7615)\n'[39m +
    [32m'    at 
$n.handleAndLogRequestError (C:
\\Users\\Dushyant.Rahangdale\\R
epo\\OpsSentinal\\node_modules\
\@prisma\\client\\runtime\\libr
ary.js:121:6623)\n'[39m +
    [32m'    at $n.request (C:
\\Users\\Dushyant.Rahangdale\\R
epo\\OpsSentinal\\node_modules\
\@prisma\\client\\runtime\\libr
ary.js:121:6307)\n'[39m +
    [32m'    at 
Array.$allOperations (C:\\Users
\\Dushyant.Rahangdale\\Repo\\Op
sSentinal\\src\\lib\\prisma.ts:
11:40)\n'[39m +
    [32m'    at l (C:\\Users\\
Dushyant.Rahangdale\\Repo\\OpsS
entinal\\node_modules\\@prisma\
\client\\runtime\\library.js:13
0:9633)\n'[39m +
    [32m'    at C:\\Users\\Dus
hyant.Rahangdale\\Repo\\OpsSent
inal\\tests\\notification-syste
m.test.ts:35:9\n'[39m +
    [32m'    at callSuiteHook 
(file:///C:/Users/Dushyant.Raha
ngdale/Repo/OpsSentinal/node_mo
dules/@vitest/runner/dist/index
.js:964:22)\n'[39m +
    [32m'    at callSuiteHook 
(file:///C:/Users/Dushyant.Raha
ngdale/Repo/OpsSentinal/node_mo
dules/@vitest/runner/dist/index
.js:970:10)\n'[39m +
    [32m'    at runTest (file:
///C:/Users/Dushyant.Rahangdale
/Repo/OpsSentinal/node_modules/
@vitest/runner/dist/index.js:10
85:9)\n'[39m +
    [32m'    at runSuite (file
:///C:/Users/Dushyant.Rahangdal
e/Repo/OpsSentinal/node_modules
/@vitest/runner/dist/index.js:1
205:15)'[39m,
  params: [32m'{}'[39m,
  errorType: [32m'PrismaClient
InitializationError'[39m
}

[90mstderr[2m | tests/notific
ation-system.test.ts[2m > 
[22m[2mNotification System 
Tests[2m > [22m[2mWebhook 
Formatters[2m > 
[22m[2mshould format Google 
Chat payload correctly
[22m[39m[DB Monitor] Slow 
query detected: 2046ms { 
query: [32m'Notification.delet
eMany'[39m, params: {} }
[DB Monitor] Query error: {
  query: [32m'Notification.del
eteMany'[39m,
  message: [32m'\n'[39m +
    [32m'Invalid `prisma.notif
ication.deleteMany()` 
invocation:\n'[39m +
    [32m'\n'[39m +
    [32m'\n'[39m +
    [32m'Authentication 
failed against database server 
at `localhost`, the provided 
database credentials for 
`opssentinal` are not 
valid.\n'[39m +
    [32m'\n'[39m +
    [32m'Please make sure to 
provide valid database 
credentials for the database 
server at `localhost`.'[39m,
  code: [90mundefined[39m,
  meta: [90mundefined[39m,
  stack: [32m'PrismaClientInit
ializationError: \n'[39m +
    [32m'Invalid `prisma.notif
ication.deleteMany()` 
invocation:\n'[39m +
    [32m'\n'[39m +
    [32m'\n'[39m +
    [32m'Authentication 
failed against database server 
at `localhost`, the provided 
database credentials for 
`opssentinal` are not 
valid.\n'[39m +
    [32m'\n'[39m +
    [32m'Please make sure to 
provide valid database 
credentials for the database 
server at `localhost`.\n'[39m 
+
    [32m'    at 
$n.handleRequestError (C:\\User
s\\Dushyant.Rahangdale\\Repo\\O
psSentinal\\node_modules\\@pris
ma\\client\\runtime\\library.js
:121:7615)\n'[39m +
    [32m'    at 
$n.handleAndLogRequestError (C:
\\Users\\Dushyant.Rahangdale\\R
epo\\OpsSentinal\\node_modules\
\@prisma\\client\\runtime\\libr
ary.js:121:6623)\n'[39m +
    [32m'    at $n.request (C:
\\Users\\Dushyant.Rahangdale\\R
epo\\OpsSentinal\\node_modules\
\@prisma\\client\\runtime\\libr
ary.js:121:6307)\n'[39m +
    [32m'    at 
Array.$allOperations (C:\\Users
\\Dushyant.Rahangdale\\Repo\\Op
sSentinal\\src\\lib\\prisma.ts:
11:40)\n'[39m +
    [32m'    at l (C:\\Users\\
Dushyant.Rahangdale\\Repo\\OpsS
entinal\\node_modules\\@prisma\
\client\\runtime\\library.js:13
0:9633)\n'[39m +
    [32m'    at C:\\Users\\Dus
hyant.Rahangdale\\Repo\\OpsSent
inal\\tests\\notification-syste
m.test.ts:26:9\n'[39m +
    [32m'    at callSuiteHook 
(file:///C:/Users/Dushyant.Raha
ngdale/Repo/OpsSentinal/node_mo
dules/@vitest/runner/dist/index
.js:964:22)\n'[39m +
    [32m'    at callSuiteHook 
(file:///C:/Users/Dushyant.Raha
ngdale/Repo/OpsSentinal/node_mo
dules/@vitest/runner/dist/index
.js:953:10)\n'[39m +
    [32m'    at runTest (file:
///C:/Users/Dushyant.Rahangdale
/Repo/OpsSentinal/node_modules/
@vitest/runner/dist/index.js:10
40:30)\n'[39m +
    [32m'    at runSuite (file
:///C:/Users/Dushyant.Rahangdal
e/Repo/OpsSentinal/node_modules
/@vitest/runner/dist/index.js:1
205:15)'[39m,
  params: [32m'{}'[39m,
  errorType: [32m'PrismaClient
InitializationError'[39m
}

[90mstderr[2m | tests/notific
ation-system.test.ts[2m > 
[22m[2mNotification System 
Tests[2m > [22m[2mWebhook 
Formatters[2m > 
[22m[2mshould format Google 
Chat payload correctly
[22m[39m[DB Monitor] Slow 
query detected: 2048ms { 
query: [32m'Notification.delet
eMany'[39m, params: {} }
[DB Monitor] Query error: {
  query: [32m'Notification.del
eteMany'[39m,
  message: [32m'\n'[39m +
    [32m'Invalid `prisma.notif
ication.deleteMany()` 
invocation:\n'[39m +
    [32m'\n'[39m +
    [32m'\n'[39m +
    [32m'Authentication 
failed against database server 
at `localhost`, the provided 
database credentials for 
`opssentinal` are not 
valid.\n'[39m +
    [32m'\n'[39m +
    [32m'Please make sure to 
provide valid database 
credentials for the database 
server at `localhost`.'[39m,
  code: [90mundefined[39m,
  meta: [90mundefined[39m,
  stack: [32m'PrismaClientInit
ializationError: \n'[39m +
    [32m'Invalid `prisma.notif
ication.deleteMany()` 
invocation:\n'[39m +
    [32m'\n'[39m +
    [32m'\n'[39m +
    [32m'Authentication 
failed against database server 
at `localhost`, the provided 
database credentials for 
`opssentinal` are not 
valid.\n'[39m +
    [32m'\n'[39m +
    [32m'Please make sure to 
provide valid database 
credentials for the database 
server at `localhost`.\n'[39m 
+
    [32m'    at 
$n.handleRequestError (C:\\User
s\\Dushyant.Rahangdale\\Repo\\O
psSentinal\\node_modules\\@pris
ma\\client\\runtime\\library.js
:121:7615)\n'[39m +
    [32m'    at 
$n.handleAndLogRequestError (C:
\\Users\\Dushyant.Rahangdale\\R
epo\\OpsSentinal\\node_modules\
\@prisma\\client\\runtime\\libr
ary.js:121:6623)\n'[39m +
    [32m'    at $n.request (C:
\\Users\\Dushyant.Rahangdale\\R
epo\\OpsSentinal\\node_modules\
\@prisma\\client\\runtime\\libr
ary.js:121:6307)\n'[39m +
    [32m'    at 
Array.$allOperations (C:\\Users
\\Dushyant.Rahangdale\\Repo\\Op
sSentinal\\src\\lib\\prisma.ts:
11:40)\n'[39m +
    [32m'    at l (C:\\Users\\
Dushyant.Rahangdale\\Repo\\OpsS
entinal\\node_modules\\@prisma\
\client\\runtime\\library.js:13
0:9633)\n'[39m +
    [32m'    at C:\\Users\\Dus
hyant.Rahangdale\\Repo\\OpsSent
inal\\tests\\notification-syste
m.test.ts:35:9\n'[39m +
    [32m'    at callSuiteHook 
(file:///C:/Users/Dushyant.Raha
ngdale/Repo/OpsSentinal/node_mo
dules/@vitest/runner/dist/index
.js:964:22)\n'[39m +
    [32m'    at callSuiteHook 
(file:///C:/Users/Dushyant.Raha
ngdale/Repo/OpsSentinal/node_mo
dules/@vitest/runner/dist/index
.js:970:10)\n'[39m +
    [32m'    at runTest (file:
///C:/Users/Dushyant.Rahangdale
/Repo/OpsSentinal/node_modules/
@vitest/runner/dist/index.js:10
85:9)\n'[39m +
    [32m'    at runSuite (file
:///C:/Users/Dushyant.Rahangdal
e/Repo/OpsSentinal/node_modules
/@vitest/runner/dist/index.js:1
205:15)'[39m,
  params: [32m'{}'[39m,
  errorType: [32m'PrismaClient
InitializationError'[39m
}

[90mstderr[2m | tests/notific
ation-system.test.ts[2m > 
[22m[2mNotification System 
Tests[2m > [22m[2mWebhook 
Formatters[2m > 
[22m[2mshould format 
Microsoft Teams payload 
correctly
[22m[39m[DB Monitor] Slow 
query detected: 2045ms { 
query: [32m'Notification.delet
eMany'[39m, params: {} }
[DB Monitor] Query error: {
  query: [32m'Notification.del
eteMany'[39m,
  message: [32m'\n'[39m +
    [32m'Invalid `prisma.notif
ication.deleteMany()` 
invocation:\n'[39m +
    [32m'\n'[39m +
    [32m'\n'[39m +
    [32m'Authentication 
failed against database server 
at `localhost`, the provided 
database credentials for 
`opssentinal` are not 
valid.\n'[39m +
    [32m'\n'[39m +
    [32m'Please make sure to 
provide valid database 
credentials for the database 
server at `localhost`.'[39m,
  code: [90mundefined[39m,
  meta: [90mundefined[39m,
  stack: [32m'PrismaClientInit
ializationError: \n'[39m +
    [32m'Invalid `prisma.notif
ication.deleteMany()` 
invocation:\n'[39m +
    [32m'\n'[39m +
    [32m'\n'[39m +
    [32m'Authentication 
failed against database server 
at `localhost`, the provided 
database credentials for 
`opssentinal` are not 
valid.\n'[39m +
    [32m'\n'[39m +
    [32m'Please make sure to 
provide valid database 
credentials for the database 
server at `localhost`.\n'[39m 
+
    [32m'    at 
$n.handleRequestError (C:\\User
s\\Dushyant.Rahangdale\\Repo\\O
psSentinal\\node_modules\\@pris
ma\\client\\runtime\\library.js
:121:7615)\n'[39m +
    [32m'    at 
$n.handleAndLogRequestError (C:
\\Users\\Dushyant.Rahangdale\\R
epo\\OpsSentinal\\node_modules\
\@prisma\\client\\runtime\\libr
ary.js:121:6623)\n'[39m +
    [32m'    at $n.request (C:
\\Users\\Dushyant.Rahangdale\\R
epo\\OpsSentinal\\node_modules\
\@prisma\\client\\runtime\\libr
ary.js:121:6307)\n'[39m +
    [32m'    at 
Array.$allOperations (C:\\Users
\\Dushyant.Rahangdale\\Repo\\Op
sSentinal\\src\\lib\\prisma.ts:
11:40)\n'[39m +
    [32m'    at l (C:\\Users\\
Dushyant.Rahangdale\\Repo\\OpsS
entinal\\node_modules\\@prisma\
\client\\runtime\\library.js:13
0:9633)\n'[39m +
    [32m'    at C:\\Users\\Dus
hyant.Rahangdale\\Repo\\OpsSent
inal\\tests\\notification-syste
m.test.ts:26:9\n'[39m +
    [32m'    at callSuiteHook 
(file:///C:/Users/Dushyant.Raha
ngdale/Repo/OpsSentinal/node_mo
dules/@vitest/runner/dist/index
.js:964:22)\n'[39m +
    [32m'    at callSuiteHook 
(file:///C:/Users/Dushyant.Raha
ngdale/Repo/OpsSentinal/node_mo
dules/@vitest/runner/dist/index
.js:953:10)\n'[39m +
    [32m'    at runTest (file:
///C:/Users/Dushyant.Rahangdale
/Repo/OpsSentinal/node_modules/
@vitest/runner/dist/index.js:10
40:30)\n'[39m +
    [32m'    at runSuite (file
:///C:/Users/Dushyant.Rahangdal
e/Repo/OpsSentinal/node_modules
/@vitest/runner/dist/index.js:1
205:15)'[39m,
  params: [32m'{}'[39m,
  errorType: [32m'PrismaClient
InitializationError'[39m
}

[90mstderr[2m | tests/notific
ation-system.test.ts[2m > 
[22m[2mNotification System 
Tests[2m > [22m[2mWebhook 
Formatters[2m > 
[22m[2mshould format 
Microsoft Teams payload 
correctly
[22m[39m[DB Monitor] Slow 
query detected: 2024ms { 
query: [32m'Notification.delet
eMany'[39m, params: {} }
[DB Monitor] Query error: {
  query: [32m'Notification.del
eteMany'[39m,
  message: [32m'\n'[39m +
    [32m'Invalid `prisma.notif
ication.deleteMany()` 
invocation:\n'[39m +
    [32m'\n'[39m +
    [32m'\n'[39m +
    [32m'Authentication 
failed against database server 
at `localhost`, the provided 
database credentials for 
`opssentinal` are not 
valid.\n'[39m +
    [32m'\n'[39m +
    [32m'Please make sure to 
provide valid database 
credentials for the database 
server at `localhost`.'[39m,
  code: [90mundefined[39m,
  meta: [90mundefined[39m,
  stack: [32m'PrismaClientInit
ializationError: \n'[39m +
    [32m'Invalid `prisma.notif
ication.deleteMany()` 
invocation:\n'[39m +
    [32m'\n'[39m +
    [32m'\n'[39m +
    [32m'Authentication 
failed against database server 
at `localhost`, the provided 
database credentials for 
`opssentinal` are not 
valid.\n'[39m +
    [32m'\n'[39m +
    [32m'Please make sure to 
provide valid database 
credentials for the database 
server at `localhost`.\n'[39m 
+
    [32m'    at 
$n.handleRequestError (C:\\User
s\\Dushyant.Rahangdale\\Repo\\O
psSentinal\\node_modules\\@pris
ma\\client\\runtime\\library.js
:121:7615)\n'[39m +
    [32m'    at 
$n.handleAndLogRequestError (C:
\\Users\\Dushyant.Rahangdale\\R
epo\\OpsSentinal\\node_modules\
\@prisma\\client\\runtime\\libr
ary.js:121:6623)\n'[39m +
    [32m'    at $n.request (C:
\\Users\\Dushyant.Rahangdale\\R
epo\\OpsSentinal\\node_modules\
\@prisma\\client\\runtime\\libr
ary.js:121:6307)\n'[39m +
    [32m'    at 
Array.$allOperations (C:\\Users
\\Dushyant.Rahangdale\\Repo\\Op
sSentinal\\src\\lib\\prisma.ts:
11:40)\n'[39m +
    [32m'    at l (C:\\Users\\
Dushyant.Rahangdale\\Repo\\OpsS
entinal\\node_modules\\@prisma\
\client\\runtime\\library.js:13
0:9633)\n'[39m +
    [32m'    at C:\\Users\\Dus
hyant.Rahangdale\\Repo\\OpsSent
inal\\tests\\notification-syste
m.test.ts:35:9\n'[39m +
    [32m'    at callSuiteHook 
(file:///C:/Users/Dushyant.Raha
ngdale/Repo/OpsSentinal/node_mo
dules/@vitest/runner/dist/index
.js:964:22)\n'[39m +
    [32m'    at callSuiteHook 
(file:///C:/Users/Dushyant.Raha
ngdale/Repo/OpsSentinal/node_mo
dules/@vitest/runner/dist/index
.js:970:10)\n'[39m +
    [32m'    at runTest (file:
///C:/Users/Dushyant.Rahangdale
/Repo/OpsSentinal/node_modules/
@vitest/runner/dist/index.js:10
85:9)\n'[39m +
    [32m'    at runSuite (file
:///C:/Users/Dushyant.Rahangdal
e/Repo/OpsSentinal/node_modules
/@vitest/runner/dist/index.js:1
205:15)'[39m,
  params: [32m'{}'[39m,
  errorType: [32m'PrismaClient
InitializationError'[39m
}

[90mstderr[2m | tests/notific
ation-system.test.ts[2m > 
[22m[2mNotification System 
Tests[2m > [22m[2mWebhook 
Formatters[2m > 
[22m[2mshould format Discord 
payload correctly
[22m[39m[DB Monitor] Slow 
query detected: 2037ms { 
query: [32m'Notification.delet
eMany'[39m, params: {} }
[DB Monitor] Query error: {
  query: [32m'Notification.del
eteMany'[39m,
  message: [32m'\n'[39m +
    [32m'Invalid `prisma.notif
ication.deleteMany()` 
invocation:\n'[39m +
    [32m'\n'[39m +
    [32m'\n'[39m +
    [32m'Authentication 
failed against database server 
at `localhost`, the provided 
database credentials for 
`opssentinal` are not 
valid.\n'[39m +
    [32m'\n'[39m +
    [32m'Please make sure to 
provide valid database 
credentials for the database 
server at `localhost`.'[39m,
  code: [90mundefined[39m,
  meta: [90mundefined[39m,
  stack: [32m'PrismaClientInit
ializationError: \n'[39m +
    [32m'Invalid `prisma.notif
ication.deleteMany()` 
invocation:\n'[39m +
    [32m'\n'[39m +
    [32m'\n'[39m +
    [32m'Authentication 
failed against database server 
at `localhost`, the provided 
database credentials for 
`opssentinal` are not 
valid.\n'[39m +
    [32m'\n'[39m +
    [32m'Please make sure to 
provide valid database 
credentials for the database 
server at `localhost`.\n'[39m 
+
    [32m'    at 
$n.handleRequestError (C:\\User
s\\Dushyant.Rahangdale\\Repo\\O
psSentinal\\node_modules\\@pris
ma\\client\\runtime\\library.js
:121:7615)\n'[39m +
    [32m'    at 
$n.handleAndLogRequestError (C:
\\Users\\Dushyant.Rahangdale\\R
epo\\OpsSentinal\\node_modules\
\@prisma\\client\\runtime\\libr
ary.js:121:6623)\n'[39m +
    [32m'    at $n.request (C:
\\Users\\Dushyant.Rahangdale\\R
epo\\OpsSentinal\\node_modules\
\@prisma\\client\\runtime\\libr
ary.js:121:6307)\n'[39m +
    [32m'    at 
Array.$allOperations (C:\\Users
\\Dushyant.Rahangdale\\Repo\\Op
sSentinal\\src\\lib\\prisma.ts:
11:40)\n'[39m +
    [32m'    at l (C:\\Users\\
Dushyant.Rahangdale\\Repo\\OpsS
entinal\\node_modules\\@prisma\
\client\\runtime\\library.js:13
0:9633)\n'[39m +
    [32m'    at C:\\Users\\Dus
hyant.Rahangdale\\Repo\\OpsSent
inal\\tests\\notification-syste
m.test.ts:26:9\n'[39m +
    [32m'    at callSuiteHook 
(file:///C:/Users/Dushyant.Raha
ngdale/Repo/OpsSentinal/node_mo
dules/@vitest/runner/dist/index
.js:964:22)\n'[39m +
    [32m'    at callSuiteHook 
(file:///C:/Users/Dushyant.Raha
ngdale/Repo/OpsSentinal/node_mo
dules/@vitest/runner/dist/index
.js:953:10)\n'[39m +
    [32m'    at runTest (file:
///C:/Users/Dushyant.Rahangdale
/Repo/OpsSentinal/node_modules/
@vitest/runner/dist/index.js:10
40:30)\n'[39m +
    [32m'    at runSuite (file
:///C:/Users/Dushyant.Rahangdal
e/Repo/OpsSentinal/node_modules
/@vitest/runner/dist/index.js:1
205:15)'[39m,
  params: [32m'{}'[39m,
  errorType: [32m'PrismaClient
InitializationError'[39m
}

[90mstderr[2m | tests/notific
ation-system.test.ts[2m > 
[22m[2mNotification System 
Tests[2m > [22m[2mWebhook 
Formatters[2m > 
[22m[2mshould format Discord 
payload correctly
[22m[39m[DB Monitor] Slow 
query detected: 2062ms { 
query: [32m'Notification.delet
eMany'[39m, params: {} }
[DB Monitor] Query error: {
  query: [32m'Notification.del
eteMany'[39m,
  message: [32m'\n'[39m +
    [32m'Invalid `prisma.notif
ication.deleteMany()` 
invocation:\n'[39m +
    [32m'\n'[39m +
    [32m'\n'[39m +
    [32m'Authentication 
failed against database server 
at `localhost`, the provided 
database credentials for 
`opssentinal` are not 
valid.\n'[39m +
    [32m'\n'[39m +
    [32m'Please make sure to 
provide valid database 
credentials for the database 
server at `localhost`.'[39m,
  code: [90mundefined[39m,
  meta: [90mundefined[39m,
  stack: [32m'PrismaClientInit
ializationError: \n'[39m +
    [32m'Invalid `prisma.notif
ication.deleteMany()` 
invocation:\n'[39m +
    [32m'\n'[39m +
    [32m'\n'[39m +
    [32m'Authentication 
failed against database server 
at `localhost`, the provided 
database credentials for 
`opssentinal` are not 
valid.\n'[39m +
    [32m'\n'[39m +
    [32m'Please make sure to 
provide valid database 
credentials for the database 
server at `localhost`.\n'[39m 
+
    [32m'    at 
$n.handleRequestError (C:\\User
s\\Dushyant.Rahangdale\\Repo\\O
psSentinal\\node_modules\\@pris
ma\\client\\runtime\\library.js
:121:7615)\n'[39m +
    [32m'    at 
$n.handleAndLogRequestError (C:
\\Users\\Dushyant.Rahangdale\\R
epo\\OpsSentinal\\node_modules\
\@prisma\\client\\runtime\\libr
ary.js:121:6623)\n'[39m +
    [32m'    at $n.request (C:
\\Users\\Dushyant.Rahangdale\\R
epo\\OpsSentinal\\node_modules\
\@prisma\\client\\runtime\\libr
ary.js:121:6307)\n'[39m +
    [32m'    at 
Array.$allOperations (C:\\Users
\\Dushyant.Rahangdale\\Repo\\Op
sSentinal\\src\\lib\\prisma.ts:
11:40)\n'[39m +
    [32m'    at l (C:\\Users\\
Dushyant.Rahangdale\\Repo\\OpsS
entinal\\node_modules\\@prisma\
\client\\runtime\\library.js:13
0:9633)\n'[39m +
    [32m'    at C:\\Users\\Dus
hyant.Rahangdale\\Repo\\OpsSent
inal\\tests\\notification-syste
m.test.ts:35:9\n'[39m +
    [32m'    at callSuiteHook 
(file:///C:/Users/Dushyant.Raha
ngdale/Repo/OpsSentinal/node_mo
dules/@vitest/runner/dist/index
.js:964:22)\n'[39m +
    [32m'    at callSuiteHook 
(file:///C:/Users/Dushyant.Raha
ngdale/Repo/OpsSentinal/node_mo
dules/@vitest/runner/dist/index
.js:970:10)\n'[39m +
    [32m'    at runTest (file:
///C:/Users/Dushyant.Rahangdale
/Repo/OpsSentinal/node_modules/
@vitest/runner/dist/index.js:10
85:9)\n'[39m +
    [32m'    at runSuite (file
:///C:/Users/Dushyant.Rahangdal
e/Repo/OpsSentinal/node_modules
/@vitest/runner/dist/index.js:1
205:15)'[39m,
  params: [32m'{}'[39m,
  errorType: [32m'PrismaClient
InitializationError'[39m
}

[90mstderr[2m | tests/notific
ation-system.test.ts[2m > 
[22m[2mNotification System 
Tests[2m > [22m[2mWhatsApp 
Integration[2m > 
[22m[2mshould send WhatsApp 
notification via Twilio
[22m[39m[DB Monitor] Slow 
query detected: 2071ms { 
query: [32m'Notification.delet
eMany'[39m, params: {} }
[DB Monitor] Query error: {
  query: [32m'Notification.del
eteMany'[39m,
  message: [32m'\n'[39m +
    [32m'Invalid `prisma.notif
ication.deleteMany()` 
invocation:\n'[39m +
    [32m'\n'[39m +
    [32m'\n'[39m +
    [32m'Authentication 
failed against database server 
at `localhost`, the provided 
database credentials for 
`opssentinal` are not 
valid.\n'[39m +
    [32m'\n'[39m +
    [32m'Please make sure to 
provide valid database 
credentials for the database 
server at `localhost`.'[39m,
  code: [90mundefined[39m,
  meta: [90mundefined[39m,
  stack: [32m'PrismaClientInit
ializationError: \n'[39m +
    [32m'Invalid `prisma.notif
ication.deleteMany()` 
invocation:\n'[39m +
    [32m'\n'[39m +
    [32m'\n'[39m +
    [32m'Authentication 
failed against database server 
at `localhost`, the provided 
database credentials for 
`opssentinal` are not 
valid.\n'[39m +
    [32m'\n'[39m +
    [32m'Please make sure to 
provide valid database 
credentials for the database 
server at `localhost`.\n'[39m 
+
    [32m'    at 
$n.handleRequestError (C:\\User
s\\Dushyant.Rahangdale\\Repo\\O
psSentinal\\node_modules\\@pris
ma\\client\\runtime\\library.js
:121:7615)\n'[39m +
    [32m'    at 
$n.handleAndLogRequestError (C:
\\Users\\Dushyant.Rahangdale\\R
epo\\OpsSentinal\\node_modules\
\@prisma\\client\\runtime\\libr
ary.js:121:6623)\n'[39m +
    [32m'    at $n.request (C:
\\Users\\Dushyant.Rahangdale\\R
epo\\OpsSentinal\\node_modules\
\@prisma\\client\\runtime\\libr
ary.js:121:6307)\n'[39m +
    [32m'    at 
Array.$allOperations (C:\\Users
\\Dushyant.Rahangdale\\Repo\\Op
sSentinal\\src\\lib\\prisma.ts:
11:40)\n'[39m +
    [32m'    at l (C:\\Users\\
Dushyant.Rahangdale\\Repo\\OpsS
entinal\\node_modules\\@prisma\
\client\\runtime\\library.js:13
0:9633)\n'[39m +
    [32m'    at C:\\Users\\Dus
hyant.Rahangdale\\Repo\\OpsSent
inal\\tests\\notification-syste
m.test.ts:26:9\n'[39m +
    [32m'    at callSuiteHook 
(file:///C:/Users/Dushyant.Raha
ngdale/Repo/OpsSentinal/node_mo
dules/@vitest/runner/dist/index
.js:964:22)\n'[39m +
    [32m'    at callSuiteHook 
(file:///C:/Users/Dushyant.Raha
ngdale/Repo/OpsSentinal/node_mo
dules/@vitest/runner/dist/index
.js:953:10)\n'[39m +
    [32m'    at runTest (file:
///C:/Users/Dushyant.Rahangdale
/Repo/OpsSentinal/node_modules/
@vitest/runner/dist/index.js:10
40:30)\n'[39m +
    [32m'    at runSuite (file
:///C:/Users/Dushyant.Rahangdal
e/Repo/OpsSentinal/node_modules
/@vitest/runner/dist/index.js:1
205:15)'[39m,
  params: [32m'{}'[39m,
  errorType: [32m'PrismaClient
InitializationError'[39m
}

[90mstderr[2m | tests/notific
ation-system.test.ts[2m > 
[22m[2mNotification System 
Tests[2m > [22m[2mWhatsApp 
Integration[2m > 
[22m[2mshould send WhatsApp 
notification via Twilio
[22m[39m[DB Monitor] Slow 
query detected: 2044ms { 
query: [32m'Notification.delet
eMany'[39m, params: {} }
[DB Monitor] Query error: {
  query: [32m'Notification.del
eteMany'[39m,
  message: [32m'\n'[39m +
    [32m'Invalid `prisma.notif
ication.deleteMany()` 
invocation:\n'[39m +
    [32m'\n'[39m +
    [32m'\n'[39m +
    [32m'Authentication 
failed against database server 
at `localhost`, the provided 
database credentials for 
`opssentinal` are not 
valid.\n'[39m +
    [32m'\n'[39m +
    [32m'Please make sure to 
provide valid database 
credentials for the database 
server at `localhost`.'[39m,
  code: [90mundefined[39m,
  meta: [90mundefined[39m,
  stack: [32m'PrismaClientInit
ializationError: \n'[39m +
    [32m'Invalid `prisma.notif
ication.deleteMany()` 
invocation:\n'[39m +
    [32m'\n'[39m +
    [32m'\n'[39m +
    [32m'Authentication 
failed against database server 
at `localhost`, the provided 
database credentials for 
`opssentinal` are not 
valid.\n'[39m +
    [32m'\n'[39m +
    [32m'Please make sure to 
provide valid database 
credentials for the database 
server at `localhost`.\n'[39m 
+
    [32m'    at 
$n.handleRequestError (C:\\User
s\\Dushyant.Rahangdale\\Repo\\O
psSentinal\\node_modules\\@pris
ma\\client\\runtime\\library.js
:121:7615)\n'[39m +
    [32m'    at 
$n.handleAndLogRequestError (C:
\\Users\\Dushyant.Rahangdale\\R
epo\\OpsSentinal\\node_modules\
\@prisma\\client\\runtime\\libr
ary.js:121:6623)\n'[39m +
    [32m'    at $n.request (C:
\\Users\\Dushyant.Rahangdale\\R
epo\\OpsSentinal\\node_modules\
\@prisma\\client\\runtime\\libr
ary.js:121:6307)\n'[39m +
    [32m'    at 
Array.$allOperations (C:\\Users
\\Dushyant.Rahangdale\\Repo\\Op
sSentinal\\src\\lib\\prisma.ts:
11:40)\n'[39m +
    [32m'    at l (C:\\Users\\
Dushyant.Rahangdale\\Repo\\OpsS
entinal\\node_modules\\@prisma\
\client\\runtime\\library.js:13
0:9633)\n'[39m +
    [32m'    at C:\\Users\\Dus
hyant.Rahangdale\\Repo\\OpsSent
inal\\tests\\notification-syste
m.test.ts:35:9\n'[39m +
    [32m'    at callSuiteHook 
(file:///C:/Users/Dushyant.Raha
ngdale/Repo/OpsSentinal/node_mo
dules/@vitest/runner/dist/index
.js:964:22)\n'[39m +
    [32m'    at callSuiteHook 
(file:///C:/Users/Dushyant.Raha
ngdale/Repo/OpsSentinal/node_mo
dules/@vitest/runner/dist/index
.js:970:10)\n'[39m +
    [32m'    at runTest (file:
///C:/Users/Dushyant.Rahangdale
/Repo/OpsSentinal/node_modules/
@vitest/runner/dist/index.js:10
85:9)\n'[39m +
    [32m'    at runSuite (file
:///C:/Users/Dushyant.Rahangdal
e/Repo/OpsSentinal/node_modules
/@vitest/runner/dist/index.js:1
205:15)'[39m,
  params: [32m'{}'[39m,
  errorType: [32m'PrismaClient
InitializationError'[39m
}

[90mstderr[2m | tests/notific
ation-system.test.ts[2m > 
[22m[2mNotification System 
Tests[2m > [22m[2mChannel 
Priority[2m > [22m[2mshould 
return channels in priority 
order: PUSH ΓåÆ SMS ΓåÆ 
WhatsApp ΓåÆ EMAIL
[22m[39m[DB Monitor] Slow 
query detected: 2041ms { 
query: [32m'Notification.delet
eMany'[39m, params: {} }
[DB Monitor] Query error: {
  query: [32m'Notification.del
eteMany'[39m,
  message: [32m'\n'[39m +
    [32m'Invalid `prisma.notif
ication.deleteMany()` 
invocation:\n'[39m +
    [32m'\n'[39m +
    [32m'\n'[39m +
    [32m'Authentication 
failed against database server 
at `localhost`, the provided 
database credentials for 
`opssentinal` are not 
valid.\n'[39m +
    [32m'\n'[39m +
    [32m'Please make sure to 
provide valid database 
credentials for the database 
server at `localhost`.'[39m,
  code: [90mundefined[39m,
  meta: [90mundefined[39m,
  stack: [32m'PrismaClientInit
ializationError: \n'[39m +
    [32m'Invalid `prisma.notif
ication.deleteMany()` 
invocation:\n'[39m +
    [32m'\n'[39m +
    [32m'\n'[39m +
    [32m'Authentication 
failed against database server 
at `localhost`, the provided 
database credentials for 
`opssentinal` are not 
valid.\n'[39m +
    [32m'\n'[39m +
    [32m'Please make sure to 
provide valid database 
credentials for the database 
server at `localhost`.\n'[39m 
+
    [32m'    at 
$n.handleRequestError (C:\\User
s\\Dushyant.Rahangdale\\Repo\\O
psSentinal\\node_modules\\@pris
ma\\client\\runtime\\library.js
:121:7615)\n'[39m +
    [32m'    at 
$n.handleAndLogRequestError (C:
\\Users\\Dushyant.Rahangdale\\R
epo\\OpsSentinal\\node_modules\
\@prisma\\client\\runtime\\libr
ary.js:121:6623)\n'[39m +
    [32m'    at $n.request (C:
\\Users\\Dushyant.Rahangdale\\R
epo\\OpsSentinal\\node_modules\
\@prisma\\client\\runtime\\libr
ary.js:121:6307)\n'[39m +
    [32m'    at 
Array.$allOperations (C:\\Users
\\Dushyant.Rahangdale\\Repo\\Op
sSentinal\\src\\lib\\prisma.ts:
11:40)\n'[39m +
    [32m'    at l (C:\\Users\\
Dushyant.Rahangdale\\Repo\\OpsS
entinal\\node_modules\\@prisma\
\client\\runtime\\library.js:13
0:9633)\n'[39m +
    [32m'    at C:\\Users\\Dus
hyant.Rahangdale\\Repo\\OpsSent
inal\\tests\\notification-syste
m.test.ts:26:9\n'[39m +
    [32m'    at callSuiteHook 
(file:///C:/Users/Dushyant.Raha
ngdale/Repo/OpsSentinal/node_mo
dules/@vitest/runner/dist/index
.js:964:22)\n'[39m +
    [32m'    at callSuiteHook 
(file:///C:/Users/Dushyant.Raha
ngdale/Repo/OpsSentinal/node_mo
dules/@vitest/runner/dist/index
.js:953:10)\n'[39m +
    [32m'    at runTest (file:
///C:/Users/Dushyant.Rahangdale
/Repo/OpsSentinal/node_modules/
@vitest/runner/dist/index.js:10
40:30)\n'[39m +
    [32m'    at runSuite (file
:///C:/Users/Dushyant.Rahangdal
e/Repo/OpsSentinal/node_modules
/@vitest/runner/dist/index.js:1
205:15)'[39m,
  params: [32m'{}'[39m,
  errorType: [32m'PrismaClient
InitializationError'[39m
}

[90mstderr[2m | tests/notific
ation-system.test.ts[2m > 
[22m[2mNotification System 
Tests[2m > [22m[2mChannel 
Priority[2m > [22m[2mshould 
return channels in priority 
order: PUSH ΓåÆ SMS ΓåÆ 
WhatsApp ΓåÆ EMAIL
[22m[39m[DB Monitor] Slow 
query detected: 2064ms { 
query: [32m'Notification.delet
eMany'[39m, params: {} }
[DB Monitor] Query error: {
  query: [32m'Notification.del
eteMany'[39m,
  message: [32m'\n'[39m +
    [32m'Invalid `prisma.notif
ication.deleteMany()` 
invocation:\n'[39m +
    [32m'\n'[39m +
    [32m'\n'[39m +
    [32m'Authentication 
failed against database server 
at `localhost`, the provided 
database credentials for 
`opssentinal` are not 
valid.\n'[39m +
    [32m'\n'[39m +
    [32m'Please make sure to 
provide valid database 
credentials for the database 
server at `localhost`.'[39m,
  code: [90mundefined[39m,
  meta: [90mundefined[39m,
  stack: [32m'PrismaClientInit
ializationError: \n'[39m +
    [32m'Invalid `prisma.notif
ication.deleteMany()` 
invocation:\n'[39m +
    [32m'\n'[39m +
    [32m'\n'[39m +
    [32m'Authentication 
failed against database server 
at `localhost`, the provided 
database credentials for 
`opssentinal` are not 
valid.\n'[39m +
    [32m'\n'[39m +
    [32m'Please make sure to 
provide valid database 
credentials for the database 
server at `localhost`.\n'[39m 
+
    [32m'    at 
$n.handleRequestError (C:\\User
s\\Dushyant.Rahangdale\\Repo\\O
psSentinal\\node_modules\\@pris
ma\\client\\runtime\\library.js
:121:7615)\n'[39m +
    [32m'    at 
$n.handleAndLogRequestError (C:
\\Users\\Dushyant.Rahangdale\\R
epo\\OpsSentinal\\node_modules\
\@prisma\\client\\runtime\\libr
ary.js:121:6623)\n'[39m +
    [32m'    at $n.request (C:
\\Users\\Dushyant.Rahangdale\\R
epo\\OpsSentinal\\node_modules\
\@prisma\\client\\runtime\\libr
ary.js:121:6307)\n'[39m +
    [32m'    at 
Array.$allOperations (C:\\Users
\\Dushyant.Rahangdale\\Repo\\Op
sSentinal\\src\\lib\\prisma.ts:
11:40)\n'[39m +
    [32m'    at l (C:\\Users\\
Dushyant.Rahangdale\\Repo\\OpsS
entinal\\node_modules\\@prisma\
\client\\runtime\\library.js:13
0:9633)\n'[39m +
    [32m'    at C:\\Users\\Dus
hyant.Rahangdale\\Repo\\OpsSent
inal\\tests\\notification-syste
m.test.ts:35:9\n'[39m +
    [32m'    at callSuiteHook 
(file:///C:/Users/Dushyant.Raha
ngdale/Repo/OpsSentinal/node_mo
dules/@vitest/runner/dist/index
.js:964:22)\n'[39m +
    [32m'    at callSuiteHook 
(file:///C:/Users/Dushyant.Raha
ngdale/Repo/OpsSentinal/node_mo
dules/@vitest/runner/dist/index
.js:970:10)\n'[39m +
    [32m'    at runTest (file:
///C:/Users/Dushyant.Rahangdale
/Repo/OpsSentinal/node_modules/
@vitest/runner/dist/index.js:10
85:9)\n'[39m +
    [32m'    at runSuite (file
:///C:/Users/Dushyant.Rahangdal
e/Repo/OpsSentinal/node_modules
/@vitest/runner/dist/index.js:1
205:15)'[39m,
  params: [32m'{}'[39m,
  errorType: [32m'PrismaClient
InitializationError'[39m
}

[90mstderr[2m | tests/notific
ation-system.test.ts[2m > 
[22m[2mNotification System 
Tests[2m > 
[22m[2mEscalation Step 
Channels[2m > [22m[2mshould 
use escalation step channels 
when configured
[22m[39m[DB Monitor] Slow 
query detected: 2059ms { 
query: [32m'Notification.delet
eMany'[39m, params: {} }
[DB Monitor] Query error: {
  query: [32m'Notification.del
eteMany'[39m,
  message: [32m'\n'[39m +
    [32m'Invalid `prisma.notif
ication.deleteMany()` 
invocation:\n'[39m +
    [32m'\n'[39m +
    [32m'\n'[39m +
    [32m'Authentication 
failed against database server 
at `localhost`, the provided 
database credentials for 
`opssentinal` are not 
valid.\n'[39m +
    [32m'\n'[39m +
    [32m'Please make sure to 
provide valid database 
credentials for the database 
server at `localhost`.'[39m,
  code: [90mundefined[39m,
  meta: [90mundefined[39m,
  stack: [32m'PrismaClientInit
ializationError: \n'[39m +
    [32m'Invalid `prisma.notif
ication.deleteMany()` 
invocation:\n'[39m +
    [32m'\n'[39m +
    [32m'\n'[39m +
    [32m'Authentication 
failed against database server 
at `localhost`, the provided 
database credentials for 
`opssentinal` are not 
valid.\n'[39m +
    [32m'\n'[39m +
    [32m'Please make sure to 
provide valid database 
credentials for the database 
server at `localhost`.\n'[39m 
+
    [32m'    at 
$n.handleRequestError (C:\\User
s\\Dushyant.Rahangdale\\Repo\\O
psSentinal\\node_modules\\@pris
ma\\client\\runtime\\library.js
:121:7615)\n'[39m +
    [32m'    at 
$n.handleAndLogRequestError (C:
\\Users\\Dushyant.Rahangdale\\R
epo\\OpsSentinal\\node_modules\
\@prisma\\client\\runtime\\libr
ary.js:121:6623)\n'[39m +
    [32m'    at $n.request (C:
\\Users\\Dushyant.Rahangdale\\R
epo\\OpsSentinal\\node_modules\
\@prisma\\client\\runtime\\libr
ary.js:121:6307)\n'[39m +
    [32m'    at 
Array.$allOperations (C:\\Users
\\Dushyant.Rahangdale\\Repo\\Op
sSentinal\\src\\lib\\prisma.ts:
11:40)\n'[39m +
    [32m'    at l (C:\\Users\\
Dushyant.Rahangdale\\Repo\\OpsS
entinal\\node_modules\\@prisma\
\client\\runtime\\library.js:13
0:9633)\n'[39m +
    [32m'    at C:\\Users\\Dus
hyant.Rahangdale\\Repo\\OpsSent
inal\\tests\\notification-syste
m.test.ts:26:9\n'[39m +
    [32m'    at callSuiteHook 
(file:///C:/Users/Dushyant.Raha
ngdale/Repo/OpsSentinal/node_mo
dules/@vitest/runner/dist/index
.js:964:22)\n'[39m +
    [32m'    at callSuiteHook 
(file:///C:/Users/Dushyant.Raha
ngdale/Repo/OpsSentinal/node_mo
dules/@vitest/runner/dist/index
.js:953:10)\n'[39m +
    [32m'    at runTest (file:
///C:/Users/Dushyant.Rahangdale
/Repo/OpsSentinal/node_modules/
@vitest/runner/dist/index.js:10
40:30)\n'[39m +
    [32m'    at runSuite (file
:///C:/Users/Dushyant.Rahangdal
e/Repo/OpsSentinal/node_modules
/@vitest/runner/dist/index.js:1
205:15)'[39m,
  params: [32m'{}'[39m,
  errorType: [32m'PrismaClient
InitializationError'[39m
}

[90mstderr[2m | tests/notific
ation-system.test.ts[2m > 
[22m[2mNotification System 
Tests[2m > 
[22m[2mEscalation Step 
Channels[2m > [22m[2mshould 
use escalation step channels 
when configured
[22m[39m[DB Monitor] Slow 
query detected: 2045ms { 
query: [32m'Notification.delet
eMany'[39m, params: {} }
[DB Monitor] Query error: {
  query: [32m'Notification.del
eteMany'[39m,
  message: [32m'\n'[39m +
    [32m'Invalid `prisma.notif
ication.deleteMany()` 
invocation:\n'[39m +
    [32m'\n'[39m +
    [32m'\n'[39m +
    [32m'Authentication 
failed against database server 
at `localhost`, the provided 
database credentials for 
`opssentinal` are not 
valid.\n'[39m +
    [32m'\n'[39m +
    [32m'Please make sure to 
provide valid database 
credentials for the database 
server at `localhost`.'[39m,
  code: [90mundefined[39m,
  meta: [90mundefined[39m,
  stack: [32m'PrismaClientInit
ializationError: \n'[39m +
    [32m'Invalid `prisma.notif
ication.deleteMany()` 
invocation:\n'[39m +
    [32m'\n'[39m +
    [32m'\n'[39m +
    [32m'Authentication 
failed against database server 
at `localhost`, the provided 
database credentials for 
`opssentinal` are not 
valid.\n'[39m +
    [32m'\n'[39m +
    [32m'Please make sure to 
provide valid database 
credentials for the database 
server at `localhost`.\n'[39m 
+
    [32m'    at 
$n.handleRequestError (C:\\User
s\\Dushyant.Rahangdale\\Repo\\O
psSentinal\\node_modules\\@pris
ma\\client\\runtime\\library.js
:121:7615)\n'[39m +
    [32m'    at 
$n.handleAndLogRequestError (C:
\\Users\\Dushyant.Rahangdale\\R
epo\\OpsSentinal\\node_modules\
\@prisma\\client\\runtime\\libr
ary.js:121:6623)\n'[39m +
    [32m'    at $n.request (C:
\\Users\\Dushyant.Rahangdale\\R
epo\\OpsSentinal\\node_modules\
\@prisma\\client\\runtime\\libr
ary.js:121:6307)\n'[39m +
    [32m'    at 
Array.$allOperations (C:\\Users
\\Dushyant.Rahangdale\\Repo\\Op
sSentinal\\src\\lib\\prisma.ts:
11:40)\n'[39m +
    [32m'    at l (C:\\Users\\
Dushyant.Rahangdale\\Repo\\OpsS
entinal\\node_modules\\@prisma\
\client\\runtime\\library.js:13
0:9633)\n'[39m +
    [32m'    at C:\\Users\\Dus
hyant.Rahangdale\\Repo\\OpsSent
inal\\tests\\notification-syste
m.test.ts:35:9\n'[39m +
    [32m'    at callSuiteHook 
(file:///C:/Users/Dushyant.Raha
ngdale/Repo/OpsSentinal/node_mo
dules/@vitest/runner/dist/index
.js:964:22)\n'[39m +
    [32m'    at callSuiteHook 
(file:///C:/Users/Dushyant.Raha
ngdale/Repo/OpsSentinal/node_mo
dules/@vitest/runner/dist/index
.js:970:10)\n'[39m +
    [32m'    at runTest (file:
///C:/Users/Dushyant.Rahangdale
/Repo/OpsSentinal/node_modules/
@vitest/runner/dist/index.js:10
85:9)\n'[39m +
    [32m'    at runSuite (file
:///C:/Users/Dushyant.Rahangdal
e/Repo/OpsSentinal/node_modules
/@vitest/runner/dist/index.js:1
205:15)'[39m,
  params: [32m'{}'[39m,
  errorType: [32m'PrismaClient
InitializationError'[39m
}

 [31mΓ¥»[39m tests/notification-system.test.ts [2m([22m[2m13 tests[22m[2m | [22m[31m13 failed[39m[2m)[22m[33m 53262[2mms[22m[39m
[31m   [31m├ù[31m Notification System Tests[2m > [22mService Notification Isolation[2m > [22mshould send service notifications using only service-configured channels[33m 4111[2mms[22m[31m[39m
[31m     ΓåÆ 
Invalid `prisma.notification.deleteMany()` invocation:


Authentication failed against database server at `localhost`, the provided database credentials for `opssentinal` are not valid.

Please make sure to provide valid database credentials for the database server at `localhost`.[39m
[31m     ΓåÆ 
Invalid `prisma.notification.deleteMany()` invocation:


Authentication failed against database server at `localhost`, the provided database credentials for `opssentinal` are not valid.

Please make sure to provide valid database credentials for the database server at `localhost`.[39m
[31m   [31m├ù[31m Notification System Tests[2m > [22mSchedule Escalation - Multiple On-Call Users[2m > [22mshould return all active on-call users from all layers[33m 4098[2mms[22m[31m[39m
[31m     ΓåÆ 
Invalid `prisma.notification.deleteMany()` invocation:


Authentication failed against database server at `localhost`, the provided database credentials for `opssentinal` are not valid.

Please make sure to provide valid database credentials for the database server at `localhost`.[39m
[31m     ΓåÆ 
Invalid `prisma.notification.deleteMany()` invocation:


Authentication failed against database server at `localhost`, the provided database credentials for `opssentinal` are not valid.

Please make sure to provide valid database credentials for the database server at `localhost`.[39m
[31m   [31m├ù[31m Notification System Tests[2m > [22mTeam Lead Functionality[2m > [22mshould return only team lead when notifyOnlyTeamLead is true[33m 4069[2mms[22m[31m[39m
[31m     ΓåÆ 
Invalid `prisma.notification.deleteMany()` invocation:


Authentication failed against database server at `localhost`, the provided database credentials for `opssentinal` are not valid.

Please make sure to provide valid database credentials for the database server at `localhost`.[39m
[31m     ΓåÆ 
Invalid `prisma.notification.deleteMany()` invocation:


Authentication failed against database server at `localhost`, the provided database credentials for `opssentinal` are not valid.

Please make sure to provide valid database credentials for the database server at `localhost`.[39m
[31m   [31m├ù[31m Notification System Tests[2m > [22mTeam Lead Functionality[2m > [22mshould return no users when team lead has team notifications disabled[33m 4089[2mms[22m[31m[39m
[31m     ΓåÆ 
Invalid `prisma.notification.deleteMany()` invocation:


Authentication failed against database server at `localhost`, the provided database credentials for `opssentinal` are not valid.

Please make sure to provide valid database credentials for the database server at `localhost`.[39m
[31m     ΓåÆ 
Invalid `prisma.notification.deleteMany()` invocation:


Authentication failed against database server at `localhost`, the provided database credentials for `opssentinal` are not valid.

Please make sure to provide valid database credentials for the database server at `localhost`.[39m
[31m   [31m├ù[31m Notification System Tests[2m > [22mTeam Lead Functionality[2m > [22mshould return all team members when notifyOnlyTeamLead is false[33m 4100[2mms[22m[31m[39m
[31m     ΓåÆ 
Invalid `prisma.notification.deleteMany()` invocation:


Authentication failed against database server at `localhost`, the provided database credentials for `opssentinal` are not valid.

Please make sure to provide valid database credentials for the database server at `localhost`.[39m
[31m     ΓåÆ 
Invalid `prisma.notification.deleteMany()` invocation:


Authentication failed against database server at `localhost`, the provided database credentials for `opssentinal` are not valid.

Please make sure to provide valid database credentials for the database server at `localhost`.[39m
[31m   [31m├ù[31m Notification System Tests[2m > [22mSlack Integration[2m > [22mshould send Slack notification via webhook[33m 4107[2mms[22m[31m[39m
[31m     ΓåÆ 
Invalid `prisma.notification.deleteMany()` invocation:


Authentication failed against database server at `localhost`, the provided database credentials for `opssentinal` are not valid.

Please make sure to provide valid database credentials for the database server at `localhost`.[39m
[31m     ΓåÆ 
Invalid `prisma.notification.deleteMany()` invocation:


Authentication failed against database server at `localhost`, the provided database credentials for `opssentinal` are not valid.

Please make sure to provide valid database credentials for the database server at `localhost`.[39m
[31m   [31m├ù[31m Notification System Tests[2m > [22mSlack Integration[2m > [22mshould send Slack message to channel via API[33m 4082[2mms[22m[31m[39m
[31m     ΓåÆ 
Invalid `prisma.notification.deleteMany()` invocation:


Authentication failed against database server at `localhost`, the provided database credentials for `opssentinal` are not valid.

Please make sure to provide valid database credentials for the database server at `localhost`.[39m
[31m     ΓåÆ 
Invalid `prisma.notification.deleteMany()` invocation:


Authentication failed against database server at `localhost`, the provided database credentials for `opssentinal` are not valid.

Please make sure to provide valid database credentials for the database server at `localhost`.[39m
[31m   [31m├ù[31m Notification System Tests[2m > [22mWebhook Formatters[2m > [22mshould format Google Chat payload correctly[33m 4097[2mms[22m[31m[39m
[31m     ΓåÆ 
Invalid `prisma.notification.deleteMany()` invocation:


Authentication failed against database server at `localhost`, the provided database credentials for `opssentinal` are not valid.

Please make sure to provide valid database credentials for the database server at `localhost`.[39m
[31m     ΓåÆ 
Invalid `prisma.notification.deleteMany()` invocation:


Authentication failed against database server at `localhost`, the provided database credentials for `opssentinal` are not valid.

Please make sure to provide valid database credentials for the database server at `localhost`.[39m
[31m   [31m├ù[31m Notification System Tests[2m > [22mWebhook Formatters[2m > [22mshould format Microsoft Teams payload correctly[33m 4073[2mms[22m[31m[39m
[31m     ΓåÆ 
Invalid `prisma.notification.deleteMany()` invocation:


Authentication failed against database server at `localhost`, the provided database credentials for `opssentinal` are not valid.

Please make sure to provide valid database credentials for the database server at `localhost`.[39m
[31m     ΓåÆ 
Invalid `prisma.notification.deleteMany()` invocation:


Authentication failed against database server at `localhost`, the provided database credentials for `opssentinal` are not valid.

Please make sure to provide valid database credentials for the database server at `localhost`.[39m
[31m   [31m├ù[31m Notification System Tests[2m > [22mWebhook Formatters[2m > [22mshould format Discord payload correctly[33m 4101[2mms[22m[31m[39m
[31m     ΓåÆ 
Invalid `prisma.notification.deleteMany()` invocation:


Authentication failed against database server at `localhost`, the provided database credentials for `opssentinal` are not valid.

Please make sure to provide valid database credentials for the database server at `localhost`.[39m
[31m     ΓåÆ 
Invalid `prisma.notification.deleteMany()` invocation:


Authentication failed against database server at `localhost`, the provided database credentials for `opssentinal` are not valid.

Please make sure to provide valid database credentials for the database server at `localhost`.[39m
[31m   [31m├ù[31m Notification System Tests[2m > [22mWhatsApp Integration[2m > [22mshould send WhatsApp notification via Twilio[33m 4116[2mms[22m[31m[39m
[31m     ΓåÆ 
Invalid `prisma.notification.deleteMany()` invocation:


Authentication failed against database server at `localhost`, the provided database credentials for `opssentinal` are not valid.

Please make sure to provide valid database credentials for the database server at `localhost`.[39m
[31m     ΓåÆ 
Invalid `prisma.notification.deleteMany()` invocation:


Authentication failed against database server at `localhost`, the provided database credentials for `opssentinal` are not valid.

Please make sure to provide valid database credentials for the database server at `localhost`.[39m
[31m   [31m├ù[31m Notification System Tests[2m > [22mChannel Priority[2m > [22mshould return channels in priority order: PUSH ΓåÆ SMS ΓåÆ WhatsApp ΓåÆ EMAIL[33m 4108[2mms[22m[31m[39m
[31m     ΓåÆ 
Invalid `prisma.notification.deleteMany()` invocation:


Authentication failed against database server at `localhost`, the provided database credentials for `opssentinal` are not valid.

Please make sure to provide valid database credentials for the database server at `localhost`.[39m
[31m     ΓåÆ 
Invalid `prisma.notification.deleteMany()` invocation:


Authentication failed against database server at `localhost`, the provided database credentials for `opssentinal` are not valid.

Please make sure to provide valid database credentials for the database server at `localhost`.[39m
[31m   [31m├ù[31m Notification System Tests[2m > [22mEscalation Step Channels[2m > [22mshould use escalation step channels when configured[33m 4107[2mms[22m[31m[39m
[31m     ΓåÆ 
Invalid `prisma.notification.deleteMany()` invocation:


Authentication failed against database server at `localhost`, the provided database credentials for `opssentinal` are not valid.

Please make sure to provide valid database credentials for the database server at `localhost`.[39m
[31m     ΓåÆ 
Invalid `prisma.notification.deleteMany()` invocation:


Authentication failed against database server at `localhost`, the provided database credentials for `opssentinal` are not valid.

Please make sure to provide valid database credentials for the database server at `localhost`.[39m

[31mΓÄ»ΓÄ»ΓÄ»ΓÄ»ΓÄ»ΓÄ»[1m[7m
 Failed Suites 5 [27m[22mΓÄ»Γ
Ä»ΓÄ»ΓÄ»ΓÄ»ΓÄ»ΓÄ»[39m

[31m[1m[7m FAIL 
[27m[22m[39m tests/hooks/use
Realtime.test.ts[2m [ tests/ho
oks/useRealtime.test.ts ][22m
[31m[1m[7m FAIL 
[27m[22m[39m tests/component
s/DashboardRealtimeWrapper.test
.tsx[2m [ tests/components/Das
hboardRealtimeWrapper.test.tsx 
][22m
[31m[1m[7m FAIL 
[27m[22m[39m tests/component
s/SkipLinks.test.tsx[2m [ test
s/components/SkipLinks.test.tsx
 ][22m
[31m[1m[7m FAIL 
[27m[22m[39m tests/component
s/ThemeToggle.test.tsx[2m [ te
sts/components/ThemeToggle.test
.tsx ][22m
[31m[1m[7m FAIL 
[27m[22m[39m tests/integrati
on/status-page-css.test.tsx[2m
 [ tests/integration/status-pag
e-css.test.tsx ][22m
[31m[1mError[22m: Cannot 
find module 
'@testing-library/dom'
Require stack:
- C:\Users\Dushyant.Rahangdale\
Repo\OpsSentinal\node_modules\@
testing-library\react\dist\pure
.js[39m
[90m [2mΓ¥»[22m 
Object.<anonymous> node_modules
/@testing-library/react/dist/pu
re.js:[2m46:12[22m[39m

[31m[2mΓÄ»ΓÄ»ΓÄ»ΓÄ»ΓÄ»ΓÄ»ΓÄ»Γ
Ä»ΓÄ»ΓÄ»ΓÄ»ΓÄ»ΓÄ»ΓÄ»ΓÄ»ΓÄ»ΓÄ»ΓÄ
»ΓÄ»ΓÄ»ΓÄ»ΓÄ»ΓÄ»[1/53]ΓÄ»[22m
[39m

[31mΓÄ»ΓÄ»ΓÄ»ΓÄ»ΓÄ»ΓÄ»[1m[7m
 Failed Tests 32 [27m[22mΓÄ»Γ
Ä»ΓÄ»ΓÄ»ΓÄ»ΓÄ»ΓÄ»[39m

[31m[1m[7m FAIL 
[27m[22m[39m tests/notificat
ion-system.test.ts[2m > 
[22mNotification System 
Tests[2m > [22mService 
Notification Isolation[2m > 
[22mshould send service 
notifications using only 
service-configured channels
[31m[1m[7m FAIL 
[27m[22m[39m tests/notificat
ion-system.test.ts[2m > 
[22mNotification System 
Tests[2m > [22mSchedule 
Escalation - Multiple On-Call 
Users[2m > [22mshould return 
all active on-call users from 
all layers
[31m[1m[7m FAIL 
[27m[22m[39m tests/notificat
ion-system.test.ts[2m > 
[22mNotification System 
Tests[2m > [22mTeam Lead 
Functionality[2m > 
[22mshould return only team 
lead when notifyOnlyTeamLead 
is true
[31m[1m[7m FAIL 
[27m[22m[39m tests/notificat
ion-system.test.ts[2m > 
[22mNotification System 
Tests[2m > [22mTeam Lead 
Functionality[2m > 
[22mshould return no users 
when team lead has team 
notifications disabled
[31m[1m[7m FAIL 
[27m[22m[39m tests/notificat
ion-system.test.ts[2m > 
[22mNotification System 
Tests[2m > [22mTeam Lead 
Functionality[2m > 
[22mshould return all team 
members when 
notifyOnlyTeamLead is false
[31m[1m[7m FAIL 
[27m[22m[39m tests/notificat
ion-system.test.ts[2m > 
[22mNotification System 
Tests[2m > [22mSlack 
Integration[2m > [22mshould 
send Slack notification via 
webhook
[31m[1m[7m FAIL 
[27m[22m[39m tests/notificat
ion-system.test.ts[2m > 
[22mNotification System 
Tests[2m > [22mSlack 
Integration[2m > [22mshould 
send Slack message to channel 
via API
[31m[1m[7m FAIL 
[27m[22m[39m tests/notificat
ion-system.test.ts[2m > 
[22mNotification System 
Tests[2m > [22mWebhook 
Formatters[2m > [22mshould 
format Google Chat payload 
correctly
[31m[1m[7m FAIL 
[27m[22m[39m tests/notificat
ion-system.test.ts[2m > 
[22mNotification System 
Tests[2m > [22mWebhook 
Formatters[2m > [22mshould 
format Microsoft Teams payload 
correctly
[31m[1m[7m FAIL 
[27m[22m[39m tests/notificat
ion-system.test.ts[2m > 
[22mNotification System 
Tests[2m > [22mWebhook 
Formatters[2m > [22mshould 
format Discord payload 
correctly
[31m[1m[7m FAIL 
[27m[22m[39m tests/notificat
ion-system.test.ts[2m > 
[22mNotification System 
Tests[2m > [22mWhatsApp 
Integration[2m > [22mshould 
send WhatsApp notification via 
Twilio
[31m[1m[7m FAIL 
[27m[22m[39m tests/notificat
ion-system.test.ts[2m > 
[22mNotification System 
Tests[2m > [22mChannel 
Priority[2m > [22mshould 
return channels in priority 
order: PUSH ΓåÆ SMS ΓåÆ 
WhatsApp ΓåÆ EMAIL
[31m[1m[7m FAIL 
[27m[22m[39m tests/notificat
ion-system.test.ts[2m > 
[22mNotification System 
Tests[2m > [22mEscalation 
Step Channels[2m > 
[22mshould use escalation 
step channels when configured
[31m[1mPrismaClientInitializa
tionError[22m: 
Invalid `prisma.notification.de
leteMany()` invocation:


Authentication failed against 
database server at 
`localhost`, the provided 
database credentials for 
`opssentinal` are not valid.

Please make sure to provide 
valid database credentials for 
the database server at 
`localhost`.[39m
[90m [2mΓ¥»[22m 
$n.handleRequestError node_modu
les/@prisma/client/runtime/libr
ary.js:[2m121:7615[22m[39m
[90m [2mΓ¥»[22m 
$n.handleAndLogRequestError nod
e_modules/@prisma/client/runtim
e/library.js:[2m121:6623[22m
[39m
[90m [2mΓ¥»[22m $n.request n
ode_modules/@prisma/client/runt
ime/library.js:[2m121:6307[22
m[39m
[36m [2mΓ¥»[22m 
Array.$allOperations src/lib/pr
isma.ts:[2m11:40[22m[39m
    [90m  9| [39m            
        [35mconst[39m start 
[33m=[39m [33mDate[39m[33m
.[39m[34mnow[39m()
    [90m 10| [39m            
        [35mtry[39m {
    [90m 11| [39m            
            [35mconst[39m 
result [33m=[39m 
[35mawait[39m 
[34mquery[39m(args)
    [90m   | [39m            
                           
[31m^[39m
    [90m 12| [39m            
            [35mconst[39m 
duration [33m=[39m [33mDate
[39m[33m.[39m[34mnow[39m() 
[33m-[39m start
    [90m 13| [39m            
            [90m// 
console.log(`[Prisma Monitor] 
${model}.${op[39mΓÇª
[90m [2mΓ¥»[22m l node_modul
es/@prisma/client/runtime/libra
ry.js:[2m130:9633[22m[39m
[90m [2mΓ¥»[22m tests/notifi
cation-system.test.ts:[2m26:9
[22m[39m

[31m[2mΓÄ»ΓÄ»ΓÄ»ΓÄ»ΓÄ»ΓÄ»ΓÄ»Γ
Ä»ΓÄ»ΓÄ»ΓÄ»ΓÄ»ΓÄ»ΓÄ»ΓÄ»ΓÄ»ΓÄ»ΓÄ
»ΓÄ»ΓÄ»ΓÄ»ΓÄ»ΓÄ»[2/53]ΓÄ»[22m
[39m

[31m[1m[7m FAIL 
[27m[22m[39m tests/notificat
ion-system.test.ts[2m > 
[22mNotification System 
Tests[2m > [22mService 
Notification Isolation[2m > 
[22mshould send service 
notifications using only 
service-configured channels
[31m[1m[7m FAIL 
[27m[22m[39m tests/notificat
ion-system.test.ts[2m > 
[22mNotification System 
Tests[2m > [22mSchedule 
Escalation - Multiple On-Call 
Users[2m > [22mshould return 
all active on-call users from 
all layers
[31m[1m[7m FAIL 
[27m[22m[39m tests/notificat
ion-system.test.ts[2m > 
[22mNotification System 
Tests[2m > [22mTeam Lead 
Functionality[2m > 
[22mshould return only team 
lead when notifyOnlyTeamLead 
is true
[31m[1m[7m FAIL 
[27m[22m[39m tests/notificat
ion-system.test.ts[2m > 
[22mNotification System 
Tests[2m > [22mTeam Lead 
Functionality[2m > 
[22mshould return no users 
when team lead has team 
notifications disabled
[31m[1m[7m FAIL 
[27m[22m[39m tests/notificat
ion-system.test.ts[2m > 
[22mNotification System 
Tests[2m > [22mTeam Lead 
Functionality[2m > 
[22mshould return all team 
members when 
notifyOnlyTeamLead is false
[31m[1m[7m FAIL 
[27m[22m[39m tests/notificat
ion-system.test.ts[2m > 
[22mNotification System 
Tests[2m > [22mSlack 
Integration[2m > [22mshould 
send Slack notification via 
webhook
[31m[1m[7m FAIL 
[27m[22m[39m tests/notificat
ion-system.test.ts[2m > 
[22mNotification System 
Tests[2m > [22mSlack 
Integration[2m > [22mshould 
send Slack message to channel 
via API
[31m[1m[7m FAIL 
[27m[22m[39m tests/notificat
ion-system.test.ts[2m > 
[22mNotification System 
Tests[2m > [22mWebhook 
Formatters[2m > [22mshould 
format Google Chat payload 
correctly
[31m[1m[7m FAIL 
[27m[22m[39m tests/notificat
ion-system.test.ts[2m > 
[22mNotification System 
Tests[2m > [22mWebhook 
Formatters[2m > [22mshould 
format Microsoft Teams payload 
correctly
[31m[1m[7m FAIL 
[27m[22m[39m tests/notificat
ion-system.test.ts[2m > 
[22mNotification System 
Tests[2m > [22mWebhook 
Formatters[2m > [22mshould 
format Discord payload 
correctly
[31m[1m[7m FAIL 
[27m[22m[39m tests/notificat
ion-system.test.ts[2m > 
[22mNotification System 
Tests[2m > [22mWhatsApp 
Integration[2m > [22mshould 
send WhatsApp notification via 
Twilio
[31m[1m[7m FAIL 
[27m[22m[39m tests/notificat
ion-system.test.ts[2m > 
[22mNotification System 
Tests[2m > [22mChannel 
Priority[2m > [22mshould 
return channels in priority 
order: PUSH ΓåÆ SMS ΓåÆ 
WhatsApp ΓåÆ EMAIL
[31m[1m[7m FAIL 
[27m[22m[39m tests/notificat
ion-system.test.ts[2m > 
[22mNotification System 
Tests[2m > [22mEscalation 
Step Channels[2m > 
[22mshould use escalation 
step channels when configured
[31m[1mPrismaClientInitializa
tionError[22m: 
Invalid `prisma.notification.de
leteMany()` invocation:


Authentication failed against 
database server at 
`localhost`, the provided 
database credentials for 
`opssentinal` are not valid.

Please make sure to provide 
valid database credentials for 
the database server at 
`localhost`.[39m
[90m [2mΓ¥»[22m 
$n.handleRequestError node_modu
les/@prisma/client/runtime/libr
ary.js:[2m121:7615[22m[39m
[90m [2mΓ¥»[22m 
$n.handleAndLogRequestError nod
e_modules/@prisma/client/runtim
e/library.js:[2m121:6623[22m
[39m
[90m [2mΓ¥»[22m $n.request n
ode_modules/@prisma/client/runt
ime/library.js:[2m121:6307[22
m[39m
[36m [2mΓ¥»[22m 
Array.$allOperations src/lib/pr
isma.ts:[2m11:40[22m[39m
    [90m  9| [39m            
        [35mconst[39m start 
[33m=[39m [33mDate[39m[33m
.[39m[34mnow[39m()
    [90m 10| [39m            
        [35mtry[39m {
    [90m 11| [39m            
            [35mconst[39m 
result [33m=[39m 
[35mawait[39m 
[34mquery[39m(args)
    [90m   | [39m            
                           
[31m^[39m
    [90m 12| [39m            
            [35mconst[39m 
duration [33m=[39m [33mDate
[39m[33m.[39m[34mnow[39m() 
[33m-[39m start
    [90m 13| [39m            
            [90m// 
console.log(`[Prisma Monitor] 
${model}.${op[39mΓÇª
[90m [2mΓ¥»[22m l node_modul
es/@prisma/client/runtime/libra
ry.js:[2m130:9633[22m[39m
[90m [2mΓ¥»[22m tests/notifi
cation-system.test.ts:[2m35:9
[22m[39m

[31m[2mΓÄ»ΓÄ»ΓÄ»ΓÄ»ΓÄ»ΓÄ»ΓÄ»Γ
Ä»ΓÄ»ΓÄ»ΓÄ»ΓÄ»ΓÄ»ΓÄ»ΓÄ»ΓÄ»ΓÄ»ΓÄ
»ΓÄ»ΓÄ»ΓÄ»ΓÄ»ΓÄ»[3/53]ΓÄ»[22m
[39m

[31m[1m[7m FAIL 
[27m[22m[39m tests/lib/statu
s-page-email-templates.test.ts
[2m > [22mStatus Page Email 
Templates[2m > [22mgetInciden
tCreatedTemplate[2m > 
[22mshould generate incident 
created email with all fields
[31m[1mAssertionError[22m: 
expected '[Test Status Page] 
≡ƒÜ¿ Incident: ServiΓÇª' to be 
'[Test Status Page] Incident: 
Service ΓÇª' // Object.is 
equality[39m

Expected: [32m"[Test Status 
Page] Incident: Service 
Outage"[39m
Received: [31m"[Test Status 
Page][7m ≡ƒÜ¿[27m Incident: 
Service Outage"[39m

[36m [2mΓ¥»[22m tests/lib/st
atus-page-email-templates.test.
ts:[2m28:36[22m[39m
    [90m 26| [39m            
[35mconst[39m result 
[33m=[39m [34mgetIncidentCre
atedTemplate[39m(data)[33m;[
39m
    [90m 27| [39m
    [90m 28| [39m            
[34mexpect[39m(result[33m.[
39msubject)[33m.[39m[34mtoBe
[39m([32m'[Test Status Page] 
Incident: [39mΓÇª
    [90m   | [39m            
                       
[31m^[39m
    [90m 29| [39m            
[34mexpect[39m(result[33m.[
39mhtml)[33m.[39m[34mtoConta
in[39m([32m'Test Status 
Page'[39m)[33m;[39m
    [90m 30| [39m            
[34mexpect[39m(result[33m.[
39mhtml)[33m.[39m[34mtoConta
in[39m([32m'Service 
Outage'[39m)[33m;[39m

[31m[2mΓÄ»ΓÄ»ΓÄ»ΓÄ»ΓÄ»ΓÄ»ΓÄ»Γ
Ä»ΓÄ»ΓÄ»ΓÄ»ΓÄ»ΓÄ»ΓÄ»ΓÄ»ΓÄ»ΓÄ»ΓÄ
»ΓÄ»ΓÄ»ΓÄ»ΓÄ»ΓÄ»[4/53]ΓÄ»[22m
[39m

[31m[1m[7m FAIL 
[27m[22m[39m tests/lib/statu
s-page-email-templates.test.ts
[2m > [22mStatus Page Email 
Templates[2m > [22mgetInciden
tCreatedTemplate[2m > 
[22mshould handle missing 
optional fields
[31m[1mAssertionError[22m: 
expected '[Test Status Page] 
≡ƒÜ¿ Incident: New IΓÇª' to be 
'[Test Status Page] Incident: 
New InciΓÇª' // Object.is 
equality[39m

Expected: [32m"[Test Status 
Page] Incident: New 
Incident"[39m
Received: [31m"[Test Status 
Page][7m ≡ƒÜ¿[27m Incident: 
New Incident"[39m

[36m [2mΓ¥»[22m tests/lib/st
atus-page-email-templates.test.
ts:[2m46:36[22m[39m
    [90m 44| [39m            
[35mconst[39m result 
[33m=[39m [34mgetIncidentCre
atedTemplate[39m(baseData)[33
m;[39m
    [90m 45| [39m
    [90m 46| [39m            
[34mexpect[39m(result[33m.[
39msubject)[33m.[39m[34mtoBe
[39m([32m'[Test Status Page] 
Incident: [39mΓÇª
    [90m   | [39m            
                       
[31m^[39m
    [90m 47| [39m            
[34mexpect[39m(result[33m.[
39mhtml)[33m.[39m[34mtoConta
in[39m([32m'New 
Incident'[39m)[33m;[39m
    [90m 48| [39m            
[34mexpect[39m(result[33m.[
39mhtml)[33m.[39mnot[33m.[3
9m[34mtoContain[39m([32m'Aff
ected 
Services'[39m)[33m;[39m

[31m[2mΓÄ»ΓÄ»ΓÄ»ΓÄ»ΓÄ»ΓÄ»ΓÄ»Γ
Ä»ΓÄ»ΓÄ»ΓÄ»ΓÄ»ΓÄ»ΓÄ»ΓÄ»ΓÄ»ΓÄ»ΓÄ
»ΓÄ»ΓÄ»ΓÄ»ΓÄ»ΓÄ»[5/53]ΓÄ»[22m
[39m

[31m[1m[7m FAIL 
[27m[22m[39m tests/lib/statu
s-page-email-templates.test.ts
[2m > [22mStatus Page Email 
Templates[2m > [22mgetInciden
tResolvedTemplate[2m > 
[22mshould generate resolved 
email with all fields
[31m[1mAssertionError[22m: 
expected '[Test Status Page] 
Γ£à Resolved: ServicΓÇª' to be 
'[Test Status Page] Resolved: 
Service ΓÇª' // Object.is 
equality[39m

Expected: [32m"[Test Status 
Page] Resolved: Service 
Outage"[39m
Received: [31m"[Test Status 
Page][7m Γ£à[27m Resolved: 
Service Outage"[39m

[36m [2mΓ¥»[22m tests/lib/st
atus-page-email-templates.test.
ts:[2m95:36[22m[39m
    [90m 93| [39m            
[35mconst[39m result 
[33m=[39m [34mgetIncidentRes
olvedTemplate[39m(data)[33m;
[39m
    [90m 94| [39m
    [90m 95| [39m            
[34mexpect[39m(result[33m.[
39msubject)[33m.[39m[34mtoBe
[39m([32m'[Test Status Page] 
Resolved: [39mΓÇª
    [90m   | [39m            
                       
[31m^[39m
    [90m 96| [39m            
[34mexpect[39m(result[33m.[
39mhtml)[33m.[39m[34mtoConta
in[39m([32m'Incident 
Resolved'[39m)[33m;[39m
    [90m 97| [39m            
[34mexpect[39m(result[33m.[
39mhtml)[33m.[39m[34mtoConta
in[39m([32m'Service 
Outage'[39m)[33m;[39m

[31m[2mΓÄ»ΓÄ»ΓÄ»ΓÄ»ΓÄ»ΓÄ»ΓÄ»Γ
Ä»ΓÄ»ΓÄ»ΓÄ»ΓÄ»ΓÄ»ΓÄ»ΓÄ»ΓÄ»ΓÄ»ΓÄ
»ΓÄ»ΓÄ»ΓÄ»ΓÄ»ΓÄ»[6/53]ΓÄ»[22m
[39m

[31m[1m[7m FAIL 
[27m[22m[39m tests/lib/statu
s-page-email-templates.test.ts
[2m > [22mStatus Page Email 
Templates[2m > [22mgetInciden
tResolvedTemplate[2m > 
[22mshould handle missing 
optional fields
[31m[1mAssertionError[22m: 
expected '[Test Status Page] 
Γ£à Resolved: IncideΓÇª' to be 
'[Test Status Page] Resolved: 
Incident' // Object.is 
equality[39m

Expected: [32m"[Test Status 
Page] Resolved: Incident"[39m
Received: [31m"[Test Status 
Page][7m Γ£à[27m Resolved: 
Incident"[39m

[36m [2mΓ¥»[22m tests/lib/st
atus-page-email-templates.test.
ts:[2m109:36[22m[39m
    [90m107| [39m            
[35mconst[39m result 
[33m=[39m [34mgetIncidentRes
olvedTemplate[39m(baseData)[3
3m;[39m
    [90m108| [39m
    [90m109| [39m            
[34mexpect[39m(result[33m.[
39msubject)[33m.[39m[34mtoBe
[39m([32m'[Test Status Page] 
Resolved: [39mΓÇª
    [90m   | [39m            
                       
[31m^[39m
    [90m110| [39m            
[34mexpect[39m(result[33m.[
39mhtml)[33m.[39m[34mtoConta
in[39m([32m'Incident'[39m)[
33m;[39m
    [90m111| [39m            
[34mexpect[39m(result[33m.[
39mtext)[33m.[39m[34mtoConta
in[39m([32m'Incident has 
been resolved'[39mΓÇª

[31m[2mΓÄ»ΓÄ»ΓÄ»ΓÄ»ΓÄ»ΓÄ»ΓÄ»Γ
Ä»ΓÄ»ΓÄ»ΓÄ»ΓÄ»ΓÄ»ΓÄ»ΓÄ»ΓÄ»ΓÄ»ΓÄ
»ΓÄ»ΓÄ»ΓÄ»ΓÄ»ΓÄ»[7/53]ΓÄ»[22m
[39m

[31m[1m[7m FAIL 
[27m[22m[39m tests/lib/statu
s-page-email-templates.test.ts
[2m > [22mStatus Page Email 
Templates[2m > [22mgetStatusC
hangeTemplate[2m > 
[22mshould generate status 
change email with all fields
[31m[1mAssertionError[22m: 
expected '[Test Status Page] 
≡ƒöä Status Update' to be 
'[Test Status Page] Status 
Update' // Object.is 
equality[39m

Expected: [32m"[Test Status 
Page] Status Update"[39m
Received: [31m"[Test Status 
Page][7m ≡ƒöä[27m Status 
Update"[39m

[36m [2mΓ¥»[22m tests/lib/st
atus-page-email-templates.test.
ts:[2m137:36[22m[39m
    [90m135| [39m            
[35mconst[39m result 
[33m=[39m [34mgetStatusChang
eTemplate[39m(data)[33m;[39m
    [90m136| [39m
    [90m137| [39m            
[34mexpect[39m(result[33m.[
39msubject)[33m.[39m[34mtoBe
[39m([32m'[Test Status Page] 
Status Upd[39mΓÇª
    [90m   | [39m            
                       
[31m^[39m
    [90m138| [39m            
[34mexpect[39m(result[33m.[
39mhtml)[33m.[39m[34mtoConta
in[39m([32m'Status 
Update'[39m)[33m;[39m
    [90m139| [39m            
[34mexpect[39m(result[33m.[
39mhtml)[33m.[39m[34mtoConta
in[39m([32m'Investigating'[3
9m)[33m;[39m

[31m[2mΓÄ»ΓÄ»ΓÄ»ΓÄ»ΓÄ»ΓÄ»ΓÄ»Γ
Ä»ΓÄ»ΓÄ»ΓÄ»ΓÄ»ΓÄ»ΓÄ»ΓÄ»ΓÄ»ΓÄ»ΓÄ
»ΓÄ»ΓÄ»ΓÄ»ΓÄ»ΓÄ»[8/53]ΓÄ»[22m
[39m

[31m[1m[7m FAIL 
[27m[22m[39m tests/lib/user-
friendly-errors.test.ts[2m > 
[22mUser-Friendly Error 
Messages[2m > 
[22mgetUserFriendlyError[2m 
> [22mshould translate Unique 
constraint errors
[31m[1mAssertionError[22m: 
expected 'Unique constraint 
failed on the fieldΓÇª' to be 
'A user with this email 
already existsΓÇª' // 
Object.is equality[39m

Expected: [32m"A user with 
this email already exists. 
Please use a different email 
address."[39m
Received: [31m"Unique 
constraint failed on the 
fields: (`email`)"[39m

[36m [2mΓ¥»[22m tests/lib/us
er-friendly-errors.test.ts:[2m
8:43[22m[39m
    [90m  6| [39m    
[34mit[39m([32m'should 
translate Unique constraint 
errors'[39m[33m,[39m () 
[33m=>[39m {
    [90m  7| [39m      
[35mconst[39m error 
[33m=[39m [32m'Unique 
constraint failed on the 
fields: (`email`)[39mΓÇª
    [90m  8| [39m      [34me
xpect[39m([34mgetUserFriendly
Error[39m(error))[33m.[39m[
34mtoBe[39m(
    [90m   | [39m            
                              
[31m^[39m
    [90m  9| [39m        
[32m'A user with this email 
already exists. Please use a 
different[39mΓÇª
    [90m 10| [39m      
)[33m;[39m

[31m[2mΓÄ»ΓÄ»ΓÄ»ΓÄ»ΓÄ»ΓÄ»ΓÄ»Γ
Ä»ΓÄ»ΓÄ»ΓÄ»ΓÄ»ΓÄ»ΓÄ»ΓÄ»ΓÄ»ΓÄ»ΓÄ
»ΓÄ»ΓÄ»ΓÄ»ΓÄ»ΓÄ»[9/53]ΓÄ»[22m
[39m

[31m[1m[7m FAIL 
[27m[22m[39m tests/lib/user-
friendly-errors.test.ts[2m > 
[22mUser-Friendly Error 
Messages[2m > 
[22mgetUserFriendlyError[2m 
> [22mshould translate key 
constraint errors
[31m[1mAssertionError[22m: 
expected 'Unique constraint 
failed on the fieldΓÇª' to be 
'This key is already in use. 
Please chΓÇª' // Object.is 
equality[39m

Expected: [32m"This key is 
already in use. Please choose 
a different one."[39m
Received: [31m"Unique 
constraint failed on the 
fields: (`key`)"[39m

[36m [2mΓ¥»[22m tests/lib/us
er-friendly-errors.test.ts:[2m
15:43[22m[39m
    [90m 13| [39m    
[34mit[39m([32m'should 
translate key constraint 
errors'[39m[33m,[39m () 
[33m=>[39m {
    [90m 14| [39m      
[35mconst[39m error 
[33m=[39m [32m'Unique 
constraint failed on the 
fields: 
(`key`)'[39m[33m;[39m
    [90m 15| [39m      [34me
xpect[39m([34mgetUserFriendly
Error[39m(error))[33m.[39m[
34mtoBe[39m(
    [90m   | [39m            
                              
[31m^[39m
    [90m 16| [39m        
[32m'This key is already in 
use. Please choose a different 
one.'[39m
    [90m 17| [39m      
)[33m;[39m

[31m[2mΓÄ»ΓÄ»ΓÄ»ΓÄ»ΓÄ»ΓÄ»ΓÄ»Γ
Ä»ΓÄ»ΓÄ»ΓÄ»ΓÄ»ΓÄ»ΓÄ»ΓÄ»ΓÄ»ΓÄ»ΓÄ
»ΓÄ»ΓÄ»ΓÄ»ΓÄ»[10/53]ΓÄ»[22m[3
9m

[31m[1m[7m FAIL 
[27m[22m[39m tests/lib/user-
friendly-errors.test.ts[2m > 
[22mUser-Friendly Error 
Messages[2m > 
[22mgetUserFriendlyError[2m 
> [22mshould translate 
Foreign key constraint errors
[31m[1mAssertionError[22m: 
expected 'Foreign key 
constraint failed on the ΓÇª' 
to be 'The selected item is 
invalid or no loΓÇª' // 
Object.is equality[39m

Expected: [32m"The selected 
item is invalid or no longer 
exists. Please refresh the 
page and try again."[39m
Received: [31m"Foreign key 
constraint failed on the 
field: (`serviceId`)"[39m

[36m [2mΓ¥»[22m tests/lib/us
er-friendly-errors.test.ts:[2m
22:43[22m[39m
    [90m 20| [39m    
[34mit[39m([32m'should 
translate Foreign key 
constraint 
errors'[39m[33m,[39m () 
[33m=>[39m {
    [90m 21| [39m      
[35mconst[39m error 
[33m=[39m [32m'Foreign key 
constraint failed on the 
field: (`ser[39mΓÇª
    [90m 22| [39m      [34me
xpect[39m([34mgetUserFriendly
Error[39m(error))[33m.[39m[
34mtoBe[39m(
    [90m   | [39m            
                              
[31m^[39m
    [90m 23| [39m        
[32m'The selected item is 
invalid or no longer exists. 
Please refr[39mΓÇª
    [90m 24| [39m      
)[33m;[39m

[31m[2mΓÄ»ΓÄ»ΓÄ»ΓÄ»ΓÄ»ΓÄ»ΓÄ»Γ
Ä»ΓÄ»ΓÄ»ΓÄ»ΓÄ»ΓÄ»ΓÄ»ΓÄ»ΓÄ»ΓÄ»ΓÄ
»ΓÄ»ΓÄ»ΓÄ»ΓÄ»[11/53]ΓÄ»[22m[3
9m

[31m[1m[7m FAIL 
[27m[22m[39m tests/lib/user-
friendly-errors.test.ts[2m > 
[22mUser-Friendly Error 
Messages[2m > 
[22mgetUserFriendlyError[2m 
> [22mshould translate Record 
not found errors
[31m[1mAssertionError[22m: 
expected 'Record to update 
does not exist.' to be 'The 
item you are trying to update 
doeΓÇª' // Object.is 
equality[39m

Expected: [32m"[7mThe item 
you are trying[27m to update 
does not exist.[7m It may 
have been deleted.[27m"[39m
Received: 
[31m"[7mRecord[27m to 
update does not exist."[39m

[36m [2mΓ¥»[22m tests/lib/us
er-friendly-errors.test.ts:[2m
29:43[22m[39m
    [90m 27| [39m    
[34mit[39m([32m'should 
translate Record not found 
errors'[39m[33m,[39m () 
[33m=>[39m {
    [90m 28| [39m      
[35mconst[39m error 
[33m=[39m [32m'Record to 
update does not 
exist.'[39m[33m;[39m
    [90m 29| [39m      [34me
xpect[39m([34mgetUserFriendly
Error[39m(error))[33m.[39m[
34mtoBe[39m(
    [90m   | [39m            
                              
[31m^[39m
    [90m 30| [39m        
[32m'The item you are trying 
to update does not exist. It 
may have[39mΓÇª
    [90m 31| [39m      
)[33m;[39m

[31m[2mΓÄ»ΓÄ»ΓÄ»ΓÄ»ΓÄ»ΓÄ»ΓÄ»Γ
Ä»ΓÄ»ΓÄ»ΓÄ»ΓÄ»ΓÄ»ΓÄ»ΓÄ»ΓÄ»ΓÄ»ΓÄ
»ΓÄ»ΓÄ»ΓÄ»ΓÄ»[12/53]ΓÄ»[22m[3
9m

[31m[1m[7m FAIL 
[27m[22m[39m tests/lib/user-
friendly-errors.test.ts[2m > 
[22mUser-Friendly Error 
Messages[2m > 
[22mgetUserFriendlyError[2m 
> [22mshould translate 
Unauthorized errors
[31m[1mAssertionError[22m: 
expected 'Unauthorized' to 
contain 'You do not have 
permission to performΓÇª'[39m

Expected: [32m"You do not 
have permission to perform 
this action"[39m
Received: 
[31m"Unauthorized"[39m

[36m [2mΓ¥»[22m tests/lib/us
er-friendly-errors.test.ts:[2m
36:43[22m[39m
    [90m 34| [39m    
[34mit[39m([32m'should 
translate Unauthorized 
errors'[39m[33m,[39m () 
[33m=>[39m {
    [90m 35| [39m      
[35mconst[39m error 
[33m=[39m [32m'Unauthorized'
[39m[33m;[39m
    [90m 36| [39m      [34me
xpect[39m([34mgetUserFriendly
Error[39m(error))[33m.[39m[
34mtoContain[39m(
    [90m   | [39m            
                              
[31m^[39m
    [90m 37| [39m        
[32m'You do not have 
permission to perform this 
action'[39m
    [90m 38| [39m      
)[33m;[39m

[31m[2mΓÄ»ΓÄ»ΓÄ»ΓÄ»ΓÄ»ΓÄ»ΓÄ»Γ
Ä»ΓÄ»ΓÄ»ΓÄ»ΓÄ»ΓÄ»ΓÄ»ΓÄ»ΓÄ»ΓÄ»ΓÄ
»ΓÄ»ΓÄ»ΓÄ»ΓÄ»[13/53]ΓÄ»[22m[3
9m

[31m[1m[7m FAIL 
[27m[22m[39m tests/lib/user-
friendly-errors.test.ts[2m > 
[22mUser-Friendly Error 
Messages[2m > 
[22mgetUserFriendlyError[2m 
> [22mshould translate not 
found errors
[31m[1mAssertionError[22m: 
expected 'Incident not found' 
to contain 'could not be 
found'[39m

Expected: [32m"[7mcould[27m 
not [7mbe [27mfound"[39m
Received: 
[31m"[7mIncident[27m not 
found"[39m

[36m [2mΓ¥»[22m tests/lib/us
er-friendly-errors.test.ts:[2m
43:43[22m[39m
    [90m 41| [39m    
[34mit[39m([32m'should 
translate not found 
errors'[39m[33m,[39m () 
[33m=>[39m {
    [90m 42| [39m      
[35mconst[39m error 
[33m=[39m [32m'Incident not 
found'[39m[33m;[39m
    [90m 43| [39m      [34me
xpect[39m([34mgetUserFriendly
Error[39m(error))[33m.[39m[
34mtoContain[39m(
    [90m   | [39m            
                              
[31m^[39m
    [90m 44| [39m        
[32m'could not be found'[39m
    [90m 45| [39m      
)[33m;[39m

[31m[2mΓÄ»ΓÄ»ΓÄ»ΓÄ»ΓÄ»ΓÄ»ΓÄ»Γ
Ä»ΓÄ»ΓÄ»ΓÄ»ΓÄ»ΓÄ»ΓÄ»ΓÄ»ΓÄ»ΓÄ»ΓÄ
»ΓÄ»ΓÄ»ΓÄ»ΓÄ»[14/53]ΓÄ»[22m[3
9m

[31m[1m[7m FAIL 
[27m[22m[39m tests/lib/user-
friendly-errors.test.ts[2m > 
[22mUser-Friendly Error 
Messages[2m > 
[22mgetUserFriendlyError[2m 
> [22mshould translate 
network errors
[31m[1mAssertionError[22m: 
expected 'Failed to fetch' to 
contain 'Unable to connect to 
the server'[39m

Expected: 
[32m"[7mUnab[27mle to 
[7mconnect to the 
server[27m"[39m
Received: 
[31m"[7mFai[27mle[7md[27m 
to [7mfetch[27m"[39m

[36m [2mΓ¥»[22m tests/lib/us
er-friendly-errors.test.ts:[2m
50:43[22m[39m
    [90m 48| [39m    
[34mit[39m([32m'should 
translate network 
errors'[39m[33m,[39m () 
[33m=>[39m {
    [90m 49| [39m      
[35mconst[39m error 
[33m=[39m [32m'Failed to 
fetch'[39m[33m;[39m
    [90m 50| [39m      [34me
xpect[39m([34mgetUserFriendly
Error[39m(error))[33m.[39m[
34mtoContain[39m(
    [90m   | [39m            
                              
[31m^[39m
    [90m 51| [39m        
[32m'Unable to connect to the 
server'[39m
    [90m 52| [39m      
)[33m;[39m

[31m[2mΓÄ»ΓÄ»ΓÄ»ΓÄ»ΓÄ»ΓÄ»ΓÄ»Γ
Ä»ΓÄ»ΓÄ»ΓÄ»ΓÄ»ΓÄ»ΓÄ»ΓÄ»ΓÄ»ΓÄ»ΓÄ
»ΓÄ»ΓÄ»ΓÄ»ΓÄ»[15/53]ΓÄ»[22m[3
9m

[31m[1m[7m FAIL 
[27m[22m[39m tests/lib/user-
friendly-errors.test.ts[2m > 
[22mUser-Friendly Error 
Messages[2m > 
[22mgetUserFriendlyError[2m 
> [22mshould translate 
timeout errors
[31m[1mAssertionError[22m: 
expected 'Request timeout' to 
be 'The request took too long 
to completeΓÇª' // Object.is 
equality[39m

Expected: [32m"The request 
took too long to complete. 
Please try again."[39m
Received: [31m"Request 
timeout"[39m

[36m [2mΓ¥»[22m tests/lib/us
er-friendly-errors.test.ts:[2m
57:43[22m[39m
    [90m 55| [39m    
[34mit[39m([32m'should 
translate timeout 
errors'[39m[33m,[39m () 
[33m=>[39m {
    [90m 56| [39m      
[35mconst[39m error 
[33m=[39m [32m'Request 
timeout'[39m[33m;[39m
    [90m 57| [39m      [34me
xpect[39m([34mgetUserFriendly
Error[39m(error))[33m.[39m[
34mtoBe[39m(
    [90m   | [39m            
                              
[31m^[39m
    [90m 58| [39m        
[32m'The request took too 
long to complete. Please try 
again.'[39m
    [90m 59| [39m      
)[33m;[39m

[31m[2mΓÄ»ΓÄ»ΓÄ»ΓÄ»ΓÄ»ΓÄ»ΓÄ»Γ
Ä»ΓÄ»ΓÄ»ΓÄ»ΓÄ»ΓÄ»ΓÄ»ΓÄ»ΓÄ»ΓÄ»ΓÄ
»ΓÄ»ΓÄ»ΓÄ»ΓÄ»[16/53]ΓÄ»[22m[3
9m

[31m[1m[7m FAIL 
[27m[22m[39m tests/lib/user-
friendly-errors.test.ts[2m > 
[22mUser-Friendly Error 
Messages[2m > 
[22mgetUserFriendlyError[2m 
> [22mshould translate 
Internal Server Error
[31m[1mAssertionError[22m: 
expected 'Internal Server 
Error' to contain 'An 
unexpected error occurred'[39m

Expected: [32m"An unexpected 
error occurred"[39m
Received: [31m"Internal 
Server Error"[39m

[36m [2mΓ¥»[22m tests/lib/us
er-friendly-errors.test.ts:[2m
64:43[22m[39m
    [90m 62| [39m    
[34mit[39m([32m'should 
translate Internal Server 
Error'[39m[33m,[39m () 
[33m=>[39m {
    [90m 63| [39m      
[35mconst[39m error 
[33m=[39m [32m'Internal 
Server Error'[39m[33m;[39m
    [90m 64| [39m      [34me
xpect[39m([34mgetUserFriendly
Error[39m(error))[33m.[39m[
34mtoContain[39m(
    [90m   | [39m            
                              
[31m^[39m
    [90m 65| [39m        
[32m'An unexpected error 
occurred'[39m
    [90m 66| [39m      
)[33m;[39m

[31m[2mΓÄ»ΓÄ»ΓÄ»ΓÄ»ΓÄ»ΓÄ»ΓÄ»Γ
Ä»ΓÄ»ΓÄ»ΓÄ»ΓÄ»ΓÄ»ΓÄ»ΓÄ»ΓÄ»ΓÄ»ΓÄ
»ΓÄ»ΓÄ»ΓÄ»ΓÄ»[17/53]ΓÄ»[22m[3
9m

[31m[1m[7m FAIL 
[27m[22m[39m tests/lib/user-
friendly-errors.test.ts[2m > 
[22mUser-Friendly Error 
Messages[2m > 
[22mgetUserFriendlyError[2m 
> [22mshould handle Error 
objects
[31m[1mAssertionError[22m: 
expected 'Unique constraint 
failed on the fieldΓÇª' to 
contain 'A user with this 
email already exists'[39m

Expected: [32m"A user with 
this email already exists"[39m
Received: [31m"Unique 
constraint failed on the 
fields: (`email`)"[39m

[36m [2mΓ¥»[22m tests/lib/us
er-friendly-errors.test.ts:[2m
76:43[22m[39m
    [90m 74| [39m    
[34mit[39m([32m'should 
handle Error 
objects'[39m[33m,[39m () 
[33m=>[39m {
    [90m 75| [39m      
[35mconst[39m error 
[33m=[39m [35mnew[39m 
[33mError[39m([32m'Unique 
constraint failed on the 
fields:[39mΓÇª
    [90m 76| [39m      [34me
xpect[39m([34mgetUserFriendly
Error[39m(error))[33m.[39m[
34mtoContain[39m(
    [90m   | [39m            
                              
[31m^[39m
    [90m 77| [39m        
[32m'A user with this email 
already exists'[39m
    [90m 78| [39m      
)[33m;[39m

[31m[2mΓÄ»ΓÄ»ΓÄ»ΓÄ»ΓÄ»ΓÄ»ΓÄ»Γ
Ä»ΓÄ»ΓÄ»ΓÄ»ΓÄ»ΓÄ»ΓÄ»ΓÄ»ΓÄ»ΓÄ»ΓÄ
»ΓÄ»ΓÄ»ΓÄ»ΓÄ»[18/53]ΓÄ»[22m[3
9m

[31m[1m[7m FAIL 
[27m[22m[39m tests/lib/user-
friendly-errors.test.ts[2m > 
[22mUser-Friendly Error 
Messages[2m > 
[22mgetUserFriendlyError[2m 
> [22mshould handle unknown 
error types
[31m[1mAssertionError[22m: 
expected 'An unexpected error 
occurred. Please ΓÇª' to be 
'[object Object]' // Object.is 
equality[39m

Expected: [32m"[object 
Object]"[39m
Received: [31m"An unexpected 
error occurred. Please try 
again."[39m

[36m [2mΓ¥»[22m tests/lib/us
er-friendly-errors.test.ts:[2m
83:43[22m[39m
    [90m 81| [39m    
[34mit[39m([32m'should 
handle unknown error 
types'[39m[33m,[39m () 
[33m=>[39m {
    [90m 82| [39m      
[35mconst[39m error 
[33m=[39m { 
message[33m:[39m [32m'Some 
error'[39m }[33m;[39m
    [90m 83| [39m      [34me
xpect[39m([34mgetUserFriendly
Error[39m(error))[33m.[39m[
34mtoBe[39m([32m'[object 
Object]'[39m)[33m;[39m
    [90m   | [39m            
                              
[31m^[39m
    [90m 84| [39m    
})[33m;[39m
    [90m 85| [39m  
})[33m;[39m

[31m[2mΓÄ»ΓÄ»ΓÄ»ΓÄ»ΓÄ»ΓÄ»ΓÄ»Γ
Ä»ΓÄ»ΓÄ»ΓÄ»ΓÄ»ΓÄ»ΓÄ»ΓÄ»ΓÄ»ΓÄ»ΓÄ
»ΓÄ»ΓÄ»ΓÄ»ΓÄ»[19/53]ΓÄ»[22m[3
9m

[31m[1m[7m FAIL 
[27m[22m[39m tests/integrati
on/notification-flow.test.ts[2
m > [22mNotification Flow 
Integration Tests[2m > 
[22mshould send service 
notifications and escalation 
notifications separately
[31m[1m[7m FAIL 
[27m[22m[39m tests/integrati
on/notification-flow.test.ts[2
m > [22mNotification Flow 
Integration Tests[2m > 
[22mshould handle team 
escalation with 
notifyOnlyTeamLead option
[31m[1m[7m FAIL 
[27m[22m[39m tests/integrati
on/notification-flow.test.ts[2
m > [22mNotification Flow 
Integration Tests[2m > 
[22mshould handle schedule 
escalation with multiple 
active layers
[31m[1mPrismaClientInitializa
tionError[22m: 
Invalid `prisma.notification.de
leteMany()` invocation:


Authentication failed against 
database server at 
`localhost`, the provided 
database credentials for 
`opssentinal` are not valid.

Please make sure to provide 
valid database credentials for 
the database server at 
`localhost`.[39m
[90m [2mΓ¥»[22m 
$n.handleRequestError node_modu
les/@prisma/client/runtime/libr
ary.js:[2m121:7615[22m[39m
[90m [2mΓ¥»[22m 
$n.handleAndLogRequestError nod
e_modules/@prisma/client/runtim
e/library.js:[2m121:6623[22m
[39m
[90m [2mΓ¥»[22m $n.request n
ode_modules/@prisma/client/runt
ime/library.js:[2m121:6307[22
m[39m
[36m [2mΓ¥»[22m 
Array.$allOperations src/lib/pr
isma.ts:[2m11:40[22m[39m
    [90m  9| [39m            
        [35mconst[39m start 
[33m=[39m [33mDate[39m[33m
.[39m[34mnow[39m()
    [90m 10| [39m            
        [35mtry[39m {
    [90m 11| [39m            
            [35mconst[39m 
result [33m=[39m 
[35mawait[39m 
[34mquery[39m(args)
    [90m   | [39m            
                           
[31m^[39m
    [90m 12| [39m            
            [35mconst[39m 
duration [33m=[39m [33mDate
[39m[33m.[39m[34mnow[39m() 
[33m-[39m start
    [90m 13| [39m            
            [90m// 
console.log(`[Prisma Monitor] 
${model}.${op[39mΓÇª
[90m [2mΓ¥»[22m l node_modul
es/@prisma/client/runtime/libra
ry.js:[2m130:9633[22m[39m
[90m [2mΓ¥»[22m tests/integr
ation/notification-flow.test.ts
:[2m18:9[22m[39m

[31m[2mΓÄ»ΓÄ»ΓÄ»ΓÄ»ΓÄ»ΓÄ»ΓÄ»Γ
Ä»ΓÄ»ΓÄ»ΓÄ»ΓÄ»ΓÄ»ΓÄ»ΓÄ»ΓÄ»ΓÄ»ΓÄ
»ΓÄ»ΓÄ»ΓÄ»ΓÄ»[20/53]ΓÄ»[22m[3
9m

[31m[1m[7m FAIL 
[27m[22m[39m tests/integrati
on/notification-flow.test.ts[2
m > [22mNotification Flow 
Integration Tests[2m > 
[22mshould send service 
notifications and escalation 
notifications separately
[31m[1m[7m FAIL 
[27m[22m[39m tests/integrati
on/notification-flow.test.ts[2
m > [22mNotification Flow 
Integration Tests[2m > 
[22mshould handle team 
escalation with 
notifyOnlyTeamLead option
[31m[1m[7m FAIL 
[27m[22m[39m tests/integrati
on/notification-flow.test.ts[2
m > [22mNotification Flow 
Integration Tests[2m > 
[22mshould handle schedule 
escalation with multiple 
active layers
[31m[1mPrismaClientInitializa
tionError[22m: 
Invalid `prisma.notification.de
leteMany()` invocation:


Authentication failed against 
database server at 
`localhost`, the provided 
database credentials for 
`opssentinal` are not valid.

Please make sure to provide 
valid database credentials for 
the database server at 
`localhost`.[39m
[90m [2mΓ¥»[22m 
$n.handleRequestError node_modu
les/@prisma/client/runtime/libr
ary.js:[2m121:7615[22m[39m
[90m [2mΓ¥»[22m 
$n.handleAndLogRequestError nod
e_modules/@prisma/client/runtim
e/library.js:[2m121:6623[22m
[39m
[90m [2mΓ¥»[22m $n.request n
ode_modules/@prisma/client/runt
ime/library.js:[2m121:6307[22
m[39m
[36m [2mΓ¥»[22m 
Array.$allOperations src/lib/pr
isma.ts:[2m11:40[22m[39m
    [90m  9| [39m            
        [35mconst[39m start 
[33m=[39m [33mDate[39m[33m
.[39m[34mnow[39m()
    [90m 10| [39m            
        [35mtry[39m {
    [90m 11| [39m            
            [35mconst[39m 
result [33m=[39m 
[35mawait[39m 
[34mquery[39m(args)
    [90m   | [39m            
                           
[31m^[39m
    [90m 12| [39m            
            [35mconst[39m 
duration [33m=[39m [33mDate
[39m[33m.[39m[34mnow[39m() 
[33m-[39m start
    [90m 13| [39m            
            [90m// 
console.log(`[Prisma Monitor] 
${model}.${op[39mΓÇª
[90m [2mΓ¥»[22m l node_modul
es/@prisma/client/runtime/libra
ry.js:[2m130:9633[22m[39m
[90m [2mΓ¥»[22m tests/integr
ation/notification-flow.test.ts
:[2m28:9[22m[39m

[31m[2mΓÄ»ΓÄ»ΓÄ»ΓÄ»ΓÄ»ΓÄ»ΓÄ»Γ
Ä»ΓÄ»ΓÄ»ΓÄ»ΓÄ»ΓÄ»ΓÄ»ΓÄ»ΓÄ»ΓÄ»ΓÄ
»ΓÄ»ΓÄ»ΓÄ»ΓÄ»[21/53]ΓÄ»[22m[3
9m

[2m Test Files [22m [1m[31m9 failed[39m[22m[2m | [22m[1m[32m20 passed[39m[22m[2m | [22m[33m1 skipped[39m[90m (30)[39m
[2m      Tests [22m [1m[31m32 failed[39m[22m[2m | [22m[1m[32m260 passed[39m[22m[2m | [22m[33m1 skipped[39m[90m (293)[39m
[2m   Start at [22m 22:32:57
[2m   Duration [22m 58.03s[2m (transform 2.68s, setup 13.51s, collect 4.25s, tests 78.14s, environment 72.76s, prepare 8.68s)[22m

