
> opssentinal@0.1.0 test:run
> vitest run

node.exe : [33mThe CJS build 
of Vite's Node API is 
deprecated. See https://vite.de
v/guide/troubleshooting.html#vi
te-cjs-node-api-deprecated for 
more details.[39m
At line:1 char:1
+ & "C:\Program 
Files\nodejs/node.exe" 
"C:\Program 
Files\nodejs/node_mo ...
+ ~~~~~~~~~~~~~~~~~~~~~~~~~~~~~
~~~~~~~~~~~~~~~~~~~~~~~~~~~~~~~
~~~~~~~~~
    + CategoryInfo          :  
   NotSpecified: ([33mThe CJ  
  S bu...e details.[39m:Str   
 ing) [], RemoteException
    + FullyQualifiedErrorId :  
   NativeCommandError
 

[1m[7m[36m RUN [39m[27m[22m [36mv2.1.9 [39m[90mC:/Users/Dushyant.Rahangdale/Repo/OpsSentinal[39m

 [32mΓ£ô[39m tests/integration/status-page-webhooks.test.ts [2m([22m[2m18 tests[22m[2m)[22m[90m 8[2mms[22m[39m
 [32mΓ£ô[39m tests/lib/bootstrap-admin.test.ts [2m([22m[2m8 tests[22m[2m)[22m[90m 6[2mms[22m[39m
 [32mΓ£ô[39m tests/lib/date-format.test.ts [2m([22m[2m22 tests[22m[2m)[22m[90m 10[2mms[22m[39m
 [31mΓ¥»[39m tests/integration/status-page-css.test.tsx [2m([22m[2m0 test[22m[2m)[22m
 [31mΓ¥»[39m tests/components/ThemeToggle.test.tsx [2m([22m[2m0 test[22m[2m)[22m
 [31mΓ¥»[39m tests/hooks/useRealtime.test.ts [2m([22m[2m0 test[22m[2m)[22m
 [31mΓ¥»[39m tests/lib/user-friendly-errors.test.ts [2m([22m[2m20 tests[22m[2m | [22m[31m2 failed[39m[2m)[22m[90m 21[2mms[22m[39m
[31m   [31m├ù[31m User-Friendly Error Messages[2m > [22mgetUserFriendlyError[2m > [22mshould handle Error objects[90m 12[2mms[22m[31m[39m
[31m     ΓåÆ expected 'Unique constraint failed on the fieldΓÇª' to contain 'A user with this email already exists'[39m
[31m   [31m├ù[31m User-Friendly Error Messages[2m > [22mgetUserFriendlyError[2m > [22mshould handle unknown error types[90m 2[2mms[22m[31m[39m
[31m     ΓåÆ expected 'An unexpected error occurred. Please ΓÇª' to be '[object Object]' // Object.is equality[39m
 [32mΓ£ô[39m tests/lib/validation-extended.test.ts [2m([22m[2m20 tests[22m[2m)[22m[90m 18[2mms[22m[39m
 [31mΓ¥»[39m tests/lib/status-page-email-templates.test.ts [2m([22m[2m14 tests[22m[2m | [22m[31m1 failed[39m[2m)[22m[90m 33[2mms[22m[39m
[31m   [31m├ù[31m Status Page Email Templates[2m > [22mgetIncidentResolvedTemplate[2m > [22mshould generate resolved email with all fields[90m 22[2mms[22m[31m[39m
[31m     ΓåÆ expected '<!DOCTYPE html>\n<html lang="en" xmlnΓÇª' to contain 'https://status.example.com/incidents/ΓÇª'[39m
 [32mΓ£ô[39m tests/lib/status-page-validation.test.ts [2m([22m[2m30 tests[22m[2m)[22m[90m 20[2mms[22m[39m
[90mstderr[2m | tests/lib/bul
k-actions.test.ts[2m > 
[22m[2mBulk Actions[2m > 
[22m[2mbulkAcknowledge[2m > 
[22m[2mshould acknowledge 
multiple incidents
[22m[39m{"level":"error","mes
sage":"Incident incident-1 not 
found for status page notificat
ions","time":"2025-12-26T17:08:
21.765Z"}

[90mstderr[2m | tests/lib/bul
k-actions.test.ts[2m > 
[22m[2mBulk Actions[2m > 
[22m[2mbulkAcknowledge[2m > 
[22m[2mshould acknowledge 
multiple incidents
[22m[39m{"level":"error","mes
sage":"Incident incident-2 not 
found for status page notificat
ions","time":"2025-12-26T17:08:
21.839Z"}

[90mstderr[2m | tests/lib/bul
k-actions.test.ts[2m > 
[22m[2mBulk Actions[2m > 
[22m[2mbulkResolve[2m > 
[22m[2mshould resolve 
multiple incidents
[22m[39m{"level":"error","mes
sage":"Incident incident-1 not 
found for status page notificat
ions","time":"2025-12-26T17:08:
21.848Z"}
{"level":"error","message":"Inc
ident incident-2 not found for 
status page notifications","tim
e":"2025-12-26T17:08:21.849Z"}

[90mstderr[2m | tests/lib/bul
k-actions.test.ts[2m > 
[22m[2mBulk Actions[2m > 
[22m[2mbulkUpdateStatus[2m 
> [22m[2mshould update 
status to ACKNOWLEDGED with 
timestamp
[22m[39m{"level":"error","mes
sage":"Incident incident-1 not 
found for status page notificat
ions","time":"2025-12-26T17:08:
21.853Z"}

[90mstderr[2m | tests/lib/bul
k-actions.test.ts[2m > 
[22m[2mBulk Actions[2m > 
[22m[2mbulkUpdateStatus[2m 
> [22m[2mshould update 
status to RESOLVED with proper 
data
[22m[39m{"level":"error","mes
sage":"Incident incident-1 not 
found for status page notificat
ions","time":"2025-12-26T17:08:
21.855Z"}

 [32mΓ£ô[39m tests/lib/bulk-actions.test.ts [2m([22m[2m7 tests[22m[2m)[22m[33m 586[2mms[22m[39m
   [33m[2mΓ£ô[22m[39m Bulk Actions[2m > [22mbulkAcknowledge[2m > [22mshould acknowledge multiple incidents [33m574[2mms[22m[39m
 [32mΓ£ô[39m tests/lib/service-health.test.ts [2m([22m[2m17 tests[22m[2m)[22m[90m 10[2mms[22m[39m
 [32mΓ£ô[39m tests/lib/form-validation.test.ts [2m([22m[2m21 tests[22m[2m)[22m[90m 10[2mms[22m[39m
 [32mΓ£ô[39m tests/lib/validation.test.ts [2m([22m[2m7 tests[22m[2m)[22m[90m 11[2mms[22m[39m
 [32mΓ£ô[39m tests/integration/status-page-subscription.test.ts [2m([22m[2m14 tests[22m[2m)[22m[90m 8[2mms[22m[39m
 [32mΓ£ô[39m tests/lib/status-page-webhooks.test.ts [2m([22m[2m8 tests[22m[2m)[22m[90m 9[2mms[22m[39m
 [32mΓ£ô[39m tests/lib/accessibility.test.ts [2m([22m[2m12 tests[22m[2m)[22m[90m 10[2mms[22m[39m
 [32mΓ£ô[39m tests/lib/api-keys.test.ts [2m([22m[2m10 tests[22m[2m)[22m[90m 10[2mms[22m[39m
 [32mΓ£ô[39m src/lib/__tests__/oncall.test.ts [2m([22m[2m2 tests[22m[2m)[22m[90m 5[2mms[22m[39m
 [32mΓ£ô[39m tests/components/status-page-components.test.tsx [2m([22m[2m12 tests[22m[2m)[22m[90m 7[2mms[22m[39m
[90mstderr[2m | tests/notific
ation-system.test.ts[2m > 
[22m[2mNotification System 
Tests[2m > [22m[2mService 
Notification Isolation[2m > 
[22m[2mshould send service 
notifications using only 
service-configured channels
[22m[39m[DB Monitor] Slow 
query detected: 2075ms { 
query: [32m'Notification.delet
eMany'[39m, params: {} }
[DB Monitor] Query error: {
  query: [32m'Notification.del
eteMany'[39m,
  message: [32m'\n'[39m +
    [32m'Invalid `prisma.notif
ication.deleteMany()` 
invocation:\n'[39m +
    [32m'\n'[39m +
    [32m'\n'[39m +
    [32m'Authentication 
failed against database server 
at `localhost`, the provided 
database credentials for 
`opssentinal` are not 
valid.\n'[39m +
    [32m'\n'[39m +
    [32m'Please make sure to 
provide valid database 
credentials for the database 
server at `localhost`.'[39m,
  code: [90mundefined[39m,
  meta: [90mundefined[39m,
  stack: [32m'PrismaClientInit
ializationError: \n'[39m +
    [32m'Invalid `prisma.notif
ication.deleteMany()` 
invocation:\n'[39m +
    [32m'\n'[39m +
    [32m'\n'[39m +
    [32m'Authentication 
failed against database server 
at `localhost`, the provided 
database credentials for 
`opssentinal` are not 
valid.\n'[39m +
    [32m'\n'[39m +
    [32m'Please make sure to 
provide valid database 
credentials for the database 
server at `localhost`.\n'[39m 
+
    [32m'    at 
$n.handleRequestError (C:\\User
s\\Dushyant.Rahangdale\\Repo\\O
psSentinal\\node_modules\\@pris
ma\\client\\runtime\\library.js
:121:7615)\n'[39m +
    [32m'    at 
$n.handleAndLogRequestError (C:
\\Users\\Dushyant.Rahangdale\\R
epo\\OpsSentinal\\node_modules\
\@prisma\\client\\runtime\\libr
ary.js:121:6623)\n'[39m +
    [32m'    at $n.request (C:
\\Users\\Dushyant.Rahangdale\\R
epo\\OpsSentinal\\node_modules\
\@prisma\\client\\runtime\\libr
ary.js:121:6307)\n'[39m +
    [32m'    at 
Array.$allOperations (C:\\Users
\\Dushyant.Rahangdale\\Repo\\Op
sSentinal\\src\\lib\\prisma.ts:
11:40)\n'[39m +
    [32m'    at l (C:\\Users\\
Dushyant.Rahangdale\\Repo\\OpsS
entinal\\node_modules\\@prisma\
\client\\runtime\\library.js:13
0:9633)\n'[39m +
    [32m'    at C:\\Users\\Dus
hyant.Rahangdale\\Repo\\OpsSent
inal\\tests\\notification-syste
m.test.ts:26:9\n'[39m +
    [32m'    at callSuiteHook 
(file:///C:/Users/Dushyant.Raha
ngdale/Repo/OpsSentinal/node_mo
dules/@vitest/runner/dist/index
.js:964:22)\n'[39m +
    [32m'    at callSuiteHook 
(file:///C:/Users/Dushyant.Raha
ngdale/Repo/OpsSentinal/node_mo
dules/@vitest/runner/dist/index
.js:953:10)\n'[39m +
    [32m'    at runTest (file:
///C:/Users/Dushyant.Rahangdale
/Repo/OpsSentinal/node_modules/
@vitest/runner/dist/index.js:10
40:30)\n'[39m +
    [32m'    at runSuite (file
:///C:/Users/Dushyant.Rahangdal
e/Repo/OpsSentinal/node_modules
/@vitest/runner/dist/index.js:1
205:15)'[39m,
  params: [32m'{}'[39m,
  errorType: [32m'PrismaClient
InitializationError'[39m
}

 [32mΓ£ô[39m tests/lib/api-response.test.ts [2m([22m[2m11 tests[22m[2m)[22m[90m 18[2mms[22m[39m
 [31mΓ¥»[39m tests/components/DashboardRealtimeWrapper.test.tsx [2m([22m[2m0 test[22m[2m)[22m
 [32mΓ£ô[39m src/lib/__tests__/validation.test.ts [2m([22m[2m4 tests[22m[2m)[22m[90m 7[2mms[22m[39m
 [2m[90mΓåô[39m[22m tests/lib/rbac.test.ts [2m([22m[2m1 test[22m[2m | [22m[33m1 skipped[39m[2m)[22m
 [32mΓ£ô[39m src/lib/__tests__/passwords.test.ts [2m([22m[2m3 tests[22m[2m)[22m[90m 4[2mms[22m[39m
 [31mΓ¥»[39m tests/components/SkipLinks.test.tsx [2m([22m[2m0 test[22m[2m)[22m
[90mstderr[2m | tests/integra
tion/notification-flow.test.ts
[2m > [22m[2mNotification 
Flow Integration Tests[2m > 
[22m[2mshould send service 
notifications and escalation 
notifications separately
[22m[39m[DB Monitor] Slow 
query detected: 2062ms { 
query: [32m'Notification.delet
eMany'[39m, params: {} }
[DB Monitor] Query error: {
  query: [32m'Notification.del
eteMany'[39m,
  message: [32m'\n'[39m +
    [32m'Invalid `prisma.notif
ication.deleteMany()` 
invocation:\n'[39m +
    [32m'\n'[39m +
    [32m'\n'[39m +
    [32m'Authentication 
failed against database server 
at `localhost`, the provided 
database credentials for 
`opssentinal` are not 
valid.\n'[39m +
    [32m'\n'[39m +
    [32m'Please make sure to 
provide valid database 
credentials for the database 
server at `localhost`.'[39m,
  code: [90mundefined[39m,
  meta: [90mundefined[39m,
  stack: [32m'PrismaClientInit
ializationError: \n'[39m +
    [32m'Invalid `prisma.notif
ication.deleteMany()` 
invocation:\n'[39m +
    [32m'\n'[39m +
    [32m'\n'[39m +
    [32m'Authentication 
failed against database server 
at `localhost`, the provided 
database credentials for 
`opssentinal` are not 
valid.\n'[39m +
    [32m'\n'[39m +
    [32m'Please make sure to 
provide valid database 
credentials for the database 
server at `localhost`.\n'[39m 
+
    [32m'    at 
$n.handleRequestError (C:\\User
s\\Dushyant.Rahangdale\\Repo\\O
psSentinal\\node_modules\\@pris
ma\\client\\runtime\\library.js
:121:7615)\n'[39m +
    [32m'    at 
$n.handleAndLogRequestError (C:
\\Users\\Dushyant.Rahangdale\\R
epo\\OpsSentinal\\node_modules\
\@prisma\\client\\runtime\\libr
ary.js:121:6623)\n'[39m +
    [32m'    at $n.request (C:
\\Users\\Dushyant.Rahangdale\\R
epo\\OpsSentinal\\node_modules\
\@prisma\\client\\runtime\\libr
ary.js:121:6307)\n'[39m +
    [32m'    at 
Array.$allOperations (C:\\Users
\\Dushyant.Rahangdale\\Repo\\Op
sSentinal\\src\\lib\\prisma.ts:
11:40)\n'[39m +
    [32m'    at l (C:\\Users\\
Dushyant.Rahangdale\\Repo\\OpsS
entinal\\node_modules\\@prisma\
\client\\runtime\\library.js:13
0:9633)\n'[39m +
    [32m'    at C:\\Users\\Dus
hyant.Rahangdale\\Repo\\OpsSent
inal\\tests\\integration\\notif
ication-flow.test.ts:18:9\n'[3
9m +
    [32m'    at callSuiteHook 
(file:///C:/Users/Dushyant.Raha
ngdale/Repo/OpsSentinal/node_mo
dules/@vitest/runner/dist/index
.js:964:22)\n'[39m +
    [32m'    at runTest (file:
///C:/Users/Dushyant.Rahangdale
/Repo/OpsSentinal/node_modules/
@vitest/runner/dist/index.js:10
40:30)\n'[39m +
    [32m'    at runSuite (file
:///C:/Users/Dushyant.Rahangdal
e/Repo/OpsSentinal/node_modules
/@vitest/runner/dist/index.js:1
205:15)\n'[39m +
    [32m'    at runSuite (file
:///C:/Users/Dushyant.Rahangdal
e/Repo/OpsSentinal/node_modules
/@vitest/runner/dist/index.js:1
205:15)'[39m,
  params: [32m'{}'[39m,
  errorType: [32m'PrismaClient
InitializationError'[39m
}

 [32mΓ£ô[39m src/lib/__tests__/rate-limit.test.ts [2m([22m[2m1 test[22m[2m)[22m[90m 6[2mms[22m[39m
[90mstderr[2m | tests/notific
ation-system.test.ts[2m > 
[22m[2mNotification System 
Tests[2m > [22m[2mService 
Notification Isolation[2m > 
[22m[2mshould send service 
notifications using only 
service-configured channels
[22m[39m[DB Monitor] Slow 
query detected: 2045ms { 
query: [32m'Notification.delet
eMany'[39m, params: {} }
[DB Monitor] Query error: {
  query: [32m'Notification.del
eteMany'[39m,
  message: [32m'\n'[39m +
    [32m'Invalid `prisma.notif
ication.deleteMany()` 
invocation:\n'[39m +
    [32m'\n'[39m +
    [32m'\n'[39m +
    [32m'Authentication 
failed against database server 
at `localhost`, the provided 
database credentials for 
`opssentinal` are not 
valid.\n'[39m +
    [32m'\n'[39m +
    [32m'Please make sure to 
provide valid database 
credentials for the database 
server at `localhost`.'[39m,
  code: [90mundefined[39m,
  meta: [90mundefined[39m,
  stack: [32m'PrismaClientInit
ializationError: \n'[39m +
    [32m'Invalid `prisma.notif
ication.deleteMany()` 
invocation:\n'[39m +
    [32m'\n'[39m +
    [32m'\n'[39m +
    [32m'Authentication 
failed against database server 
at `localhost`, the provided 
database credentials for 
`opssentinal` are not 
valid.\n'[39m +
    [32m'\n'[39m +
    [32m'Please make sure to 
provide valid database 
credentials for the database 
server at `localhost`.\n'[39m 
+
    [32m'    at 
$n.handleRequestError (C:\\User
s\\Dushyant.Rahangdale\\Repo\\O
psSentinal\\node_modules\\@pris
ma\\client\\runtime\\library.js
:121:7615)\n'[39m +
    [32m'    at 
$n.handleAndLogRequestError (C:
\\Users\\Dushyant.Rahangdale\\R
epo\\OpsSentinal\\node_modules\
\@prisma\\client\\runtime\\libr
ary.js:121:6623)\n'[39m +
    [32m'    at $n.request (C:
\\Users\\Dushyant.Rahangdale\\R
epo\\OpsSentinal\\node_modules\
\@prisma\\client\\runtime\\libr
ary.js:121:6307)\n'[39m +
    [32m'    at 
Array.$allOperations (C:\\Users
\\Dushyant.Rahangdale\\Repo\\Op
sSentinal\\src\\lib\\prisma.ts:
11:40)\n'[39m +
    [32m'    at l (C:\\Users\\
Dushyant.Rahangdale\\Repo\\OpsS
entinal\\node_modules\\@prisma\
\client\\runtime\\library.js:13
0:9633)\n'[39m +
    [32m'    at C:\\Users\\Dus
hyant.Rahangdale\\Repo\\OpsSent
inal\\tests\\notification-syste
m.test.ts:35:9\n'[39m +
    [32m'    at callSuiteHook 
(file:///C:/Users/Dushyant.Raha
ngdale/Repo/OpsSentinal/node_mo
dules/@vitest/runner/dist/index
.js:964:22)\n'[39m +
    [32m'    at callSuiteHook 
(file:///C:/Users/Dushyant.Raha
ngdale/Repo/OpsSentinal/node_mo
dules/@vitest/runner/dist/index
.js:970:10)\n'[39m +
    [32m'    at runTest (file:
///C:/Users/Dushyant.Rahangdale
/Repo/OpsSentinal/node_modules/
@vitest/runner/dist/index.js:10
85:9)\n'[39m +
    [32m'    at runSuite (file
:///C:/Users/Dushyant.Rahangdal
e/Repo/OpsSentinal/node_modules
/@vitest/runner/dist/index.js:1
205:15)'[39m,
  params: [32m'{}'[39m,
  errorType: [32m'PrismaClient
InitializationError'[39m
}

[90mstderr[2m | tests/integra
tion/notification-flow.test.ts
[2m > [22m[2mNotification 
Flow Integration Tests[2m > 
[22m[2mshould send service 
notifications and escalation 
notifications separately
[22m[39m[DB Monitor] Slow 
query detected: 2030ms { 
query: [32m'Notification.delet
eMany'[39m, params: {} }
[DB Monitor] Query error: {
  query: [32m'Notification.del
eteMany'[39m,
  message: [32m'\n'[39m +
    [32m'Invalid `prisma.notif
ication.deleteMany()` 
invocation:\n'[39m +
    [32m'\n'[39m +
    [32m'\n'[39m +
    [32m'Authentication 
failed against database server 
at `localhost`, the provided 
database credentials for 
`opssentinal` are not 
valid.\n'[39m +
    [32m'\n'[39m +
    [32m'Please make sure to 
provide valid database 
credentials for the database 
server at `localhost`.'[39m,
  code: [90mundefined[39m,
  meta: [90mundefined[39m,
  stack: [32m'PrismaClientInit
ializationError: \n'[39m +
    [32m'Invalid `prisma.notif
ication.deleteMany()` 
invocation:\n'[39m +
    [32m'\n'[39m +
    [32m'\n'[39m +
    [32m'Authentication 
failed against database server 
at `localhost`, the provided 
database credentials for 
`opssentinal` are not 
valid.\n'[39m +
    [32m'\n'[39m +
    [32m'Please make sure to 
provide valid database 
credentials for the database 
server at `localhost`.\n'[39m 
+
    [32m'    at 
$n.handleRequestError (C:\\User
s\\Dushyant.Rahangdale\\Repo\\O
psSentinal\\node_modules\\@pris
ma\\client\\runtime\\library.js
:121:7615)\n'[39m +
    [32m'    at 
$n.handleAndLogRequestError (C:
\\Users\\Dushyant.Rahangdale\\R
epo\\OpsSentinal\\node_modules\
\@prisma\\client\\runtime\\libr
ary.js:121:6623)\n'[39m +
    [32m'    at $n.request (C:
\\Users\\Dushyant.Rahangdale\\R
epo\\OpsSentinal\\node_modules\
\@prisma\\client\\runtime\\libr
ary.js:121:6307)\n'[39m +
    [32m'    at 
Array.$allOperations (C:\\Users
\\Dushyant.Rahangdale\\Repo\\Op
sSentinal\\src\\lib\\prisma.ts:
11:40)\n'[39m +
    [32m'    at l (C:\\Users\\
Dushyant.Rahangdale\\Repo\\OpsS
entinal\\node_modules\\@prisma\
\client\\runtime\\library.js:13
0:9633)\n'[39m +
    [32m'    at C:\\Users\\Dus
hyant.Rahangdale\\Repo\\OpsSent
inal\\tests\\integration\\notif
ication-flow.test.ts:28:9\n'[3
9m +
    [32m'    at callSuiteHook 
(file:///C:/Users/Dushyant.Raha
ngdale/Repo/OpsSentinal/node_mo
dules/@vitest/runner/dist/index
.js:964:22)\n'[39m +
    [32m'    at runTest (file:
///C:/Users/Dushyant.Rahangdale
/Repo/OpsSentinal/node_modules/
@vitest/runner/dist/index.js:10
85:9)\n'[39m +
    [32m'    at runSuite (file
:///C:/Users/Dushyant.Rahangdal
e/Repo/OpsSentinal/node_modules
/@vitest/runner/dist/index.js:1
205:15)\n'[39m +
    [32m'    at runSuite (file
:///C:/Users/Dushyant.Rahangdal
e/Repo/OpsSentinal/node_modules
/@vitest/runner/dist/index.js:1
205:15)'[39m,
  params: [32m'{}'[39m,
  errorType: [32m'PrismaClient
InitializationError'[39m
}

[90mstderr[2m | tests/notific
ation-system.test.ts[2m > 
[22m[2mNotification System 
Tests[2m > [22m[2mSchedule 
Escalation - Multiple On-Call 
Users[2m > [22m[2mshould 
return all active on-call 
users from all layers
[22m[39m[DB Monitor] Slow 
query detected: 2051ms { 
query: [32m'Notification.delet
eMany'[39m, params: {} }
[DB Monitor] Query error: {
  query: [32m'Notification.del
eteMany'[39m,
  message: [32m'\n'[39m +
    [32m'Invalid `prisma.notif
ication.deleteMany()` 
invocation:\n'[39m +
    [32m'\n'[39m +
    [32m'\n'[39m +
    [32m'Authentication 
failed against database server 
at `localhost`, the provided 
database credentials for 
`opssentinal` are not 
valid.\n'[39m +
    [32m'\n'[39m +
    [32m'Please make sure to 
provide valid database 
credentials for the database 
server at `localhost`.'[39m,
  code: [90mundefined[39m,
  meta: [90mundefined[39m,
  stack: [32m'PrismaClientInit
ializationError: \n'[39m +
    [32m'Invalid `prisma.notif
ication.deleteMany()` 
invocation:\n'[39m +
    [32m'\n'[39m +
    [32m'\n'[39m +
    [32m'Authentication 
failed against database server 
at `localhost`, the provided 
database credentials for 
`opssentinal` are not 
valid.\n'[39m +
    [32m'\n'[39m +
    [32m'Please make sure to 
provide valid database 
credentials for the database 
server at `localhost`.\n'[39m 
+
    [32m'    at 
$n.handleRequestError (C:\\User
s\\Dushyant.Rahangdale\\Repo\\O
psSentinal\\node_modules\\@pris
ma\\client\\runtime\\library.js
:121:7615)\n'[39m +
    [32m'    at 
$n.handleAndLogRequestError (C:
\\Users\\Dushyant.Rahangdale\\R
epo\\OpsSentinal\\node_modules\
\@prisma\\client\\runtime\\libr
ary.js:121:6623)\n'[39m +
    [32m'    at $n.request (C:
\\Users\\Dushyant.Rahangdale\\R
epo\\OpsSentinal\\node_modules\
\@prisma\\client\\runtime\\libr
ary.js:121:6307)\n'[39m +
    [32m'    at 
Array.$allOperations (C:\\Users
\\Dushyant.Rahangdale\\Repo\\Op
sSentinal\\src\\lib\\prisma.ts:
11:40)\n'[39m +
    [32m'    at l (C:\\Users\\
Dushyant.Rahangdale\\Repo\\OpsS
entinal\\node_modules\\@prisma\
\client\\runtime\\library.js:13
0:9633)\n'[39m +
    [32m'    at C:\\Users\\Dus
hyant.Rahangdale\\Repo\\OpsSent
inal\\tests\\notification-syste
m.test.ts:26:9\n'[39m +
    [32m'    at callSuiteHook 
(file:///C:/Users/Dushyant.Raha
ngdale/Repo/OpsSentinal/node_mo
dules/@vitest/runner/dist/index
.js:964:22)\n'[39m +
    [32m'    at callSuiteHook 
(file:///C:/Users/Dushyant.Raha
ngdale/Repo/OpsSentinal/node_mo
dules/@vitest/runner/dist/index
.js:953:10)\n'[39m +
    [32m'    at runTest (file:
///C:/Users/Dushyant.Rahangdale
/Repo/OpsSentinal/node_modules/
@vitest/runner/dist/index.js:10
40:30)\n'[39m +
    [32m'    at runSuite (file
:///C:/Users/Dushyant.Rahangdal
e/Repo/OpsSentinal/node_modules
/@vitest/runner/dist/index.js:1
205:15)'[39m,
  params: [32m'{}'[39m,
  errorType: [32m'PrismaClient
InitializationError'[39m
}

[90mstderr[2m | tests/integra
tion/notification-flow.test.ts
[2m > [22m[2mNotification 
Flow Integration Tests[2m > 
[22m[2mshould handle team 
escalation with 
notifyOnlyTeamLead option
[22m[39m[DB Monitor] Slow 
query detected: 2049ms { 
query: [32m'Notification.delet
eMany'[39m, params: {} }
[DB Monitor] Query error: {
  query: [32m'Notification.del
eteMany'[39m,
  message: [32m'\n'[39m +
    [32m'Invalid `prisma.notif
ication.deleteMany()` 
invocation:\n'[39m +
    [32m'\n'[39m +
    [32m'\n'[39m +
    [32m'Authentication 
failed against database server 
at `localhost`, the provided 
database credentials for 
`opssentinal` are not 
valid.\n'[39m +
    [32m'\n'[39m +
    [32m'Please make sure to 
provide valid database 
credentials for the database 
server at `localhost`.'[39m,
  code: [90mundefined[39m,
  meta: [90mundefined[39m,
  stack: [32m'PrismaClientInit
ializationError: \n'[39m +
    [32m'Invalid `prisma.notif
ication.deleteMany()` 
invocation:\n'[39m +
    [32m'\n'[39m +
    [32m'\n'[39m +
    [32m'Authentication 
failed against database server 
at `localhost`, the provided 
database credentials for 
`opssentinal` are not 
valid.\n'[39m +
    [32m'\n'[39m +
    [32m'Please make sure to 
provide valid database 
credentials for the database 
server at `localhost`.\n'[39m 
+
    [32m'    at 
$n.handleRequestError (C:\\User
s\\Dushyant.Rahangdale\\Repo\\O
psSentinal\\node_modules\\@pris
ma\\client\\runtime\\library.js
:121:7615)\n'[39m +
    [32m'    at 
$n.handleAndLogRequestError (C:
\\Users\\Dushyant.Rahangdale\\R
epo\\OpsSentinal\\node_modules\
\@prisma\\client\\runtime\\libr
ary.js:121:6623)\n'[39m +
    [32m'    at $n.request (C:
\\Users\\Dushyant.Rahangdale\\R
epo\\OpsSentinal\\node_modules\
\@prisma\\client\\runtime\\libr
ary.js:121:6307)\n'[39m +
    [32m'    at 
Array.$allOperations (C:\\Users
\\Dushyant.Rahangdale\\Repo\\Op
sSentinal\\src\\lib\\prisma.ts:
11:40)\n'[39m +
    [32m'    at l (C:\\Users\\
Dushyant.Rahangdale\\Repo\\OpsS
entinal\\node_modules\\@prisma\
\client\\runtime\\library.js:13
0:9633)\n'[39m +
    [32m'    at C:\\Users\\Dus
hyant.Rahangdale\\Repo\\OpsSent
inal\\tests\\integration\\notif
ication-flow.test.ts:18:9\n'[3
9m +
    [32m'    at callSuiteHook 
(file:///C:/Users/Dushyant.Raha
ngdale/Repo/OpsSentinal/node_mo
dules/@vitest/runner/dist/index
.js:964:22)\n'[39m +
    [32m'    at runTest (file:
///C:/Users/Dushyant.Rahangdale
/Repo/OpsSentinal/node_modules/
@vitest/runner/dist/index.js:10
40:30)\n'[39m +
    [32m'    at runSuite (file
:///C:/Users/Dushyant.Rahangdal
e/Repo/OpsSentinal/node_modules
/@vitest/runner/dist/index.js:1
205:15)\n'[39m +
    [32m'    at runSuite (file
:///C:/Users/Dushyant.Rahangdal
e/Repo/OpsSentinal/node_modules
/@vitest/runner/dist/index.js:1
205:15)'[39m,
  params: [32m'{}'[39m,
  errorType: [32m'PrismaClient
InitializationError'[39m
}

[90mstderr[2m | tests/notific
ation-system.test.ts[2m > 
[22m[2mNotification System 
Tests[2m > [22m[2mSchedule 
Escalation - Multiple On-Call 
Users[2m > [22m[2mshould 
return all active on-call 
users from all layers
[22m[39m[DB Monitor] Slow 
query detected: 2058ms { 
query: [32m'Notification.delet
eMany'[39m, params: {} }
[DB Monitor] Query error: {
  query: [32m'Notification.del
eteMany'[39m,
  message: [32m'\n'[39m +
    [32m'Invalid `prisma.notif
ication.deleteMany()` 
invocation:\n'[39m +
    [32m'\n'[39m +
    [32m'\n'[39m +
    [32m'Authentication 
failed against database server 
at `localhost`, the provided 
database credentials for 
`opssentinal` are not 
valid.\n'[39m +
    [32m'\n'[39m +
    [32m'Please make sure to 
provide valid database 
credentials for the database 
server at `localhost`.'[39m,
  code: [90mundefined[39m,
  meta: [90mundefined[39m,
  stack: [32m'PrismaClientInit
ializationError: \n'[39m +
    [32m'Invalid `prisma.notif
ication.deleteMany()` 
invocation:\n'[39m +
    [32m'\n'[39m +
    [32m'\n'[39m +
    [32m'Authentication 
failed against database server 
at `localhost`, the provided 
database credentials for 
`opssentinal` are not 
valid.\n'[39m +
    [32m'\n'[39m +
    [32m'Please make sure to 
provide valid database 
credentials for the database 
server at `localhost`.\n'[39m 
+
    [32m'    at 
$n.handleRequestError (C:\\User
s\\Dushyant.Rahangdale\\Repo\\O
psSentinal\\node_modules\\@pris
ma\\client\\runtime\\library.js
:121:7615)\n'[39m +
    [32m'    at 
$n.handleAndLogRequestError (C:
\\Users\\Dushyant.Rahangdale\\R
epo\\OpsSentinal\\node_modules\
\@prisma\\client\\runtime\\libr
ary.js:121:6623)\n'[39m +
    [32m'    at $n.request (C:
\\Users\\Dushyant.Rahangdale\\R
epo\\OpsSentinal\\node_modules\
\@prisma\\client\\runtime\\libr
ary.js:121:6307)\n'[39m +
    [32m'    at 
Array.$allOperations (C:\\Users
\\Dushyant.Rahangdale\\Repo\\Op
sSentinal\\src\\lib\\prisma.ts:
11:40)\n'[39m +
    [32m'    at l (C:\\Users\\
Dushyant.Rahangdale\\Repo\\OpsS
entinal\\node_modules\\@prisma\
\client\\runtime\\library.js:13
0:9633)\n'[39m +
    [32m'    at C:\\Users\\Dus
hyant.Rahangdale\\Repo\\OpsSent
inal\\tests\\notification-syste
m.test.ts:35:9\n'[39m +
    [32m'    at callSuiteHook 
(file:///C:/Users/Dushyant.Raha
ngdale/Repo/OpsSentinal/node_mo
dules/@vitest/runner/dist/index
.js:964:22)\n'[39m +
    [32m'    at callSuiteHook 
(file:///C:/Users/Dushyant.Raha
ngdale/Repo/OpsSentinal/node_mo
dules/@vitest/runner/dist/index
.js:970:10)\n'[39m +
    [32m'    at runTest (file:
///C:/Users/Dushyant.Rahangdale
/Repo/OpsSentinal/node_modules/
@vitest/runner/dist/index.js:10
85:9)\n'[39m +
    [32m'    at runSuite (file
:///C:/Users/Dushyant.Rahangdal
e/Repo/OpsSentinal/node_modules
/@vitest/runner/dist/index.js:1
205:15)'[39m,
  params: [32m'{}'[39m,
  errorType: [32m'PrismaClient
InitializationError'[39m
}

[90mstderr[2m | tests/integra
tion/notification-flow.test.ts
[2m > [22m[2mNotification 
Flow Integration Tests[2m > 
[22m[2mshould handle team 
escalation with 
notifyOnlyTeamLead option
[22m[39m[DB Monitor] Slow 
query detected: 2026ms { 
query: [32m'Notification.delet
eMany'[39m, params: {} }
[DB Monitor] Query error: {
  query: [32m'Notification.del
eteMany'[39m,
  message: [32m'\n'[39m +
    [32m'Invalid `prisma.notif
ication.deleteMany()` 
invocation:\n'[39m +
    [32m'\n'[39m +
    [32m'\n'[39m +
    [32m'Authentication 
failed against database server 
at `localhost`, the provided 
database credentials for 
`opssentinal` are not 
valid.\n'[39m +
    [32m'\n'[39m +
    [32m'Please make sure to 
provide valid database 
credentials for the database 
server at `localhost`.'[39m,
  code: [90mundefined[39m,
  meta: [90mundefined[39m,
  stack: [32m'PrismaClientInit
ializationError: \n'[39m +
    [32m'Invalid `prisma.notif
ication.deleteMany()` 
invocation:\n'[39m +
    [32m'\n'[39m +
    [32m'\n'[39m +
    [32m'Authentication 
failed against database server 
at `localhost`, the provided 
database credentials for 
`opssentinal` are not 
valid.\n'[39m +
    [32m'\n'[39m +
    [32m'Please make sure to 
provide valid database 
credentials for the database 
server at `localhost`.\n'[39m 
+
    [32m'    at 
$n.handleRequestError (C:\\User
s\\Dushyant.Rahangdale\\Repo\\O
psSentinal\\node_modules\\@pris
ma\\client\\runtime\\library.js
:121:7615)\n'[39m +
    [32m'    at 
$n.handleAndLogRequestError (C:
\\Users\\Dushyant.Rahangdale\\R
epo\\OpsSentinal\\node_modules\
\@prisma\\client\\runtime\\libr
ary.js:121:6623)\n'[39m +
    [32m'    at $n.request (C:
\\Users\\Dushyant.Rahangdale\\R
epo\\OpsSentinal\\node_modules\
\@prisma\\client\\runtime\\libr
ary.js:121:6307)\n'[39m +
    [32m'    at 
Array.$allOperations (C:\\Users
\\Dushyant.Rahangdale\\Repo\\Op
sSentinal\\src\\lib\\prisma.ts:
11:40)\n'[39m +
    [32m'    at l (C:\\Users\\
Dushyant.Rahangdale\\Repo\\OpsS
entinal\\node_modules\\@prisma\
\client\\runtime\\library.js:13
0:9633)\n'[39m +
    [32m'    at C:\\Users\\Dus
hyant.Rahangdale\\Repo\\OpsSent
inal\\tests\\integration\\notif
ication-flow.test.ts:28:9\n'[3
9m +
    [32m'    at callSuiteHook 
(file:///C:/Users/Dushyant.Raha
ngdale/Repo/OpsSentinal/node_mo
dules/@vitest/runner/dist/index
.js:964:22)\n'[39m +
    [32m'    at runTest (file:
///C:/Users/Dushyant.Rahangdale
/Repo/OpsSentinal/node_modules/
@vitest/runner/dist/index.js:10
85:9)\n'[39m +
    [32m'    at runSuite (file
:///C:/Users/Dushyant.Rahangdal
e/Repo/OpsSentinal/node_modules
/@vitest/runner/dist/index.js:1
205:15)\n'[39m +
    [32m'    at runSuite (file
:///C:/Users/Dushyant.Rahangdal
e/Repo/OpsSentinal/node_modules
/@vitest/runner/dist/index.js:1
205:15)'[39m,
  params: [32m'{}'[39m,
  errorType: [32m'PrismaClient
InitializationError'[39m
}

[90mstderr[2m | tests/notific
ation-system.test.ts[2m > 
[22m[2mNotification System 
Tests[2m > [22m[2mTeam Lead 
Functionality[2m > 
[22m[2mshould return only 
team lead when 
notifyOnlyTeamLead is true
[22m[39m[DB Monitor] Slow 
query detected: 2048ms { 
query: [32m'Notification.delet
eMany'[39m, params: {} }
[DB Monitor] Query error: {
  query: [32m'Notification.del
eteMany'[39m,
  message: [32m'\n'[39m +
    [32m'Invalid `prisma.notif
ication.deleteMany()` 
invocation:\n'[39m +
    [32m'\n'[39m +
    [32m'\n'[39m +
    [32m'Authentication 
failed against database server 
at `localhost`, the provided 
database credentials for 
`opssentinal` are not 
valid.\n'[39m +
    [32m'\n'[39m +
    [32m'Please make sure to 
provide valid database 
credentials for the database 
server at `localhost`.'[39m,
  code: [90mundefined[39m,
  meta: [90mundefined[39m,
  stack: [32m'PrismaClientInit
ializationError: \n'[39m +
    [32m'Invalid `prisma.notif
ication.deleteMany()` 
invocation:\n'[39m +
    [32m'\n'[39m +
    [32m'\n'[39m +
    [32m'Authentication 
failed against database server 
at `localhost`, the provided 
database credentials for 
`opssentinal` are not 
valid.\n'[39m +
    [32m'\n'[39m +
    [32m'Please make sure to 
provide valid database 
credentials for the database 
server at `localhost`.\n'[39m 
+
    [32m'    at 
$n.handleRequestError (C:\\User
s\\Dushyant.Rahangdale\\Repo\\O
psSentinal\\node_modules\\@pris
ma\\client\\runtime\\library.js
:121:7615)\n'[39m +
    [32m'    at 
$n.handleAndLogRequestError (C:
\\Users\\Dushyant.Rahangdale\\R
epo\\OpsSentinal\\node_modules\
\@prisma\\client\\runtime\\libr
ary.js:121:6623)\n'[39m +
    [32m'    at $n.request (C:
\\Users\\Dushyant.Rahangdale\\R
epo\\OpsSentinal\\node_modules\
\@prisma\\client\\runtime\\libr
ary.js:121:6307)\n'[39m +
    [32m'    at 
Array.$allOperations (C:\\Users
\\Dushyant.Rahangdale\\Repo\\Op
sSentinal\\src\\lib\\prisma.ts:
11:40)\n'[39m +
    [32m'    at l (C:\\Users\\
Dushyant.Rahangdale\\Repo\\OpsS
entinal\\node_modules\\@prisma\
\client\\runtime\\library.js:13
0:9633)\n'[39m +
    [32m'    at C:\\Users\\Dus
hyant.Rahangdale\\Repo\\OpsSent
inal\\tests\\notification-syste
m.test.ts:26:9\n'[39m +
    [32m'    at callSuiteHook 
(file:///C:/Users/Dushyant.Raha
ngdale/Repo/OpsSentinal/node_mo
dules/@vitest/runner/dist/index
.js:964:22)\n'[39m +
    [32m'    at callSuiteHook 
(file:///C:/Users/Dushyant.Raha
ngdale/Repo/OpsSentinal/node_mo
dules/@vitest/runner/dist/index
.js:953:10)\n'[39m +
    [32m'    at runTest (file:
///C:/Users/Dushyant.Rahangdale
/Repo/OpsSentinal/node_modules/
@vitest/runner/dist/index.js:10
40:30)\n'[39m +
    [32m'    at runSuite (file
:///C:/Users/Dushyant.Rahangdal
e/Repo/OpsSentinal/node_modules
/@vitest/runner/dist/index.js:1
205:15)'[39m,
  params: [32m'{}'[39m,
  errorType: [32m'PrismaClient
InitializationError'[39m
}

[90mstderr[2m | tests/integra
tion/notification-flow.test.ts
[2m > [22m[2mNotification 
Flow Integration Tests[2m > 
[22m[2mshould handle 
schedule escalation with 
multiple active layers
[22m[39m[DB Monitor] Slow 
query detected: 2057ms { 
query: [32m'Notification.delet
eMany'[39m, params: {} }
[DB Monitor] Query error: {
  query: [32m'Notification.del
eteMany'[39m,
  message: [32m'\n'[39m +
    [32m'Invalid `prisma.notif
ication.deleteMany()` 
invocation:\n'[39m +
    [32m'\n'[39m +
    [32m'\n'[39m +
    [32m'Authentication 
failed against database server 
at `localhost`, the provided 
database credentials for 
`opssentinal` are not 
valid.\n'[39m +
    [32m'\n'[39m +
    [32m'Please make sure to 
provide valid database 
credentials for the database 
server at `localhost`.'[39m,
  code: [90mundefined[39m,
  meta: [90mundefined[39m,
  stack: [32m'PrismaClientInit
ializationError: \n'[39m +
    [32m'Invalid `prisma.notif
ication.deleteMany()` 
invocation:\n'[39m +
    [32m'\n'[39m +
    [32m'\n'[39m +
    [32m'Authentication 
failed against database server 
at `localhost`, the provided 
database credentials for 
`opssentinal` are not 
valid.\n'[39m +
    [32m'\n'[39m +
    [32m'Please make sure to 
provide valid database 
credentials for the database 
server at `localhost`.\n'[39m 
+
    [32m'    at 
$n.handleRequestError (C:\\User
s\\Dushyant.Rahangdale\\Repo\\O
psSentinal\\node_modules\\@pris
ma\\client\\runtime\\library.js
:121:7615)\n'[39m +
    [32m'    at 
$n.handleAndLogRequestError (C:
\\Users\\Dushyant.Rahangdale\\R
epo\\OpsSentinal\\node_modules\
\@prisma\\client\\runtime\\libr
ary.js:121:6623)\n'[39m +
    [32m'    at $n.request (C:
\\Users\\Dushyant.Rahangdale\\R
epo\\OpsSentinal\\node_modules\
\@prisma\\client\\runtime\\libr
ary.js:121:6307)\n'[39m +
    [32m'    at 
Array.$allOperations (C:\\Users
\\Dushyant.Rahangdale\\Repo\\Op
sSentinal\\src\\lib\\prisma.ts:
11:40)\n'[39m +
    [32m'    at l (C:\\Users\\
Dushyant.Rahangdale\\Repo\\OpsS
entinal\\node_modules\\@prisma\
\client\\runtime\\library.js:13
0:9633)\n'[39m +
    [32m'    at C:\\Users\\Dus
hyant.Rahangdale\\Repo\\OpsSent
inal\\tests\\integration\\notif
ication-flow.test.ts:18:9\n'[3
9m +
    [32m'    at callSuiteHook 
(file:///C:/Users/Dushyant.Raha
ngdale/Repo/OpsSentinal/node_mo
dules/@vitest/runner/dist/index
.js:964:22)\n'[39m +
    [32m'    at runTest (file:
///C:/Users/Dushyant.Rahangdale
/Repo/OpsSentinal/node_modules/
@vitest/runner/dist/index.js:10
40:30)\n'[39m +
    [32m'    at runSuite (file
:///C:/Users/Dushyant.Rahangdal
e/Repo/OpsSentinal/node_modules
/@vitest/runner/dist/index.js:1
205:15)\n'[39m +
    [32m'    at runSuite (file
:///C:/Users/Dushyant.Rahangdal
e/Repo/OpsSentinal/node_modules
/@vitest/runner/dist/index.js:1
205:15)'[39m,
  params: [32m'{}'[39m,
  errorType: [32m'PrismaClient
InitializationError'[39m
}

 [32mΓ£ô[39m tests/lib/retry.test.ts [2m([22m[2m15 tests[22m[2m)[22m[33m 11934[2mms[22m[39m
   [33m[2mΓ£ô[22m[39m Retry Utilities[2m > [22mretry[2m > [22mshould retry on failure and succeed [33m3020[2mms[22m[39m
   [33m[2mΓ£ô[22m[39m Retry Utilities[2m > [22mretry[2m > [22mshould fail after max attempts [33m3014[2mms[22m[39m
   [33m[2mΓ£ô[22m[39m Retry Utilities[2m > [22mretry[2m > [22mshould use exponential backoff [33m316[2mms[22m[39m
   [33m[2mΓ£ô[22m[39m Retry Utilities[2m > [22mretry[2m > [22mshould respect max delay [33m2530[2mms[22m[39m
   [33m[2mΓ£ô[22m[39m Retry Utilities[2m > [22mretryWithThrow[2m > [22mshould throw error on failure [33m1018[2mms[22m[39m
   [33m[2mΓ£ô[22m[39m Retry Utilities[2m > [22mretryFetch[2m > [22mshould retry on network errors [33m1014[2mms[22m[39m
   [33m[2mΓ£ô[22m[39m Retry Utilities[2m > [22mretryFetch[2m > [22mshould retry on 5xx errors [33m1012[2mms[22m[39m
[90mstderr[2m | tests/notific
ation-system.test.ts[2m > 
[22m[2mNotification System 
Tests[2m > [22m[2mTeam Lead 
Functionality[2m > 
[22m[2mshould return only 
team lead when 
notifyOnlyTeamLead is true
[22m[39m[DB Monitor] Slow 
query detected: 2048ms { 
query: [32m'Notification.delet
eMany'[39m, params: {} }
[DB Monitor] Query error: {
  query: [32m'Notification.del
eteMany'[39m,
  message: [32m'\n'[39m +
    [32m'Invalid `prisma.notif
ication.deleteMany()` 
invocation:\n'[39m +
    [32m'\n'[39m +
    [32m'\n'[39m +
    [32m'Authentication 
failed against database server 
at `localhost`, the provided 
database credentials for 
`opssentinal` are not 
valid.\n'[39m +
    [32m'\n'[39m +
    [32m'Please make sure to 
provide valid database 
credentials for the database 
server at `localhost`.'[39m,
  code: [90mundefined[39m,
  meta: [90mundefined[39m,
  stack: [32m'PrismaClientInit
ializationError: \n'[39m +
    [32m'Invalid `prisma.notif
ication.deleteMany()` 
invocation:\n'[39m +
    [32m'\n'[39m +
    [32m'\n'[39m +
    [32m'Authentication 
failed against database server 
at `localhost`, the provided 
database credentials for 
`opssentinal` are not 
valid.\n'[39m +
    [32m'\n'[39m +
    [32m'Please make sure to 
provide valid database 
credentials for the database 
server at `localhost`.\n'[39m 
+
    [32m'    at 
$n.handleRequestError (C:\\User
s\\Dushyant.Rahangdale\\Repo\\O
psSentinal\\node_modules\\@pris
ma\\client\\runtime\\library.js
:121:7615)\n'[39m +
    [32m'    at 
$n.handleAndLogRequestError (C:
\\Users\\Dushyant.Rahangdale\\R
epo\\OpsSentinal\\node_modules\
\@prisma\\client\\runtime\\libr
ary.js:121:6623)\n'[39m +
    [32m'    at $n.request (C:
\\Users\\Dushyant.Rahangdale\\R
epo\\OpsSentinal\\node_modules\
\@prisma\\client\\runtime\\libr
ary.js:121:6307)\n'[39m +
    [32m'    at 
Array.$allOperations (C:\\Users
\\Dushyant.Rahangdale\\Repo\\Op
sSentinal\\src\\lib\\prisma.ts:
11:40)\n'[39m +
    [32m'    at l (C:\\Users\\
Dushyant.Rahangdale\\Repo\\OpsS
entinal\\node_modules\\@prisma\
\client\\runtime\\library.js:13
0:9633)\n'[39m +
    [32m'    at C:\\Users\\Dus
hyant.Rahangdale\\Repo\\OpsSent
inal\\tests\\notification-syste
m.test.ts:35:9\n'[39m +
    [32m'    at callSuiteHook 
(file:///C:/Users/Dushyant.Raha
ngdale/Repo/OpsSentinal/node_mo
dules/@vitest/runner/dist/index
.js:964:22)\n'[39m +
    [32m'    at callSuiteHook 
(file:///C:/Users/Dushyant.Raha
ngdale/Repo/OpsSentinal/node_mo
dules/@vitest/runner/dist/index
.js:970:10)\n'[39m +
    [32m'    at runTest (file:
///C:/Users/Dushyant.Rahangdale
/Repo/OpsSentinal/node_modules/
@vitest/runner/dist/index.js:10
85:9)\n'[39m +
    [32m'    at runSuite (file
:///C:/Users/Dushyant.Rahangdal
e/Repo/OpsSentinal/node_modules
/@vitest/runner/dist/index.js:1
205:15)'[39m,
  params: [32m'{}'[39m,
  errorType: [32m'PrismaClient
InitializationError'[39m
}

[90mstderr[2m | tests/integra
tion/notification-flow.test.ts
[2m > [22m[2mNotification 
Flow Integration Tests[2m > 
[22m[2mshould handle 
schedule escalation with 
multiple active layers
[22m[39m[DB Monitor] Slow 
query detected: 2061ms { 
query: [32m'Notification.delet
eMany'[39m, params: {} }
[DB Monitor] Query error: {
  query: [32m'Notification.del
eteMany'[39m,
  message: [32m'\n'[39m +
    [32m'Invalid `prisma.notif
ication.deleteMany()` 
invocation:\n'[39m +
    [32m'\n'[39m +
    [32m'\n'[39m +
    [32m'Authentication 
failed against database server 
at `localhost`, the provided 
database credentials for 
`opssentinal` are not 
valid.\n'[39m +
    [32m'\n'[39m +
    [32m'Please make sure to 
provide valid database 
credentials for the database 
server at `localhost`.'[39m,
  code: [90mundefined[39m,
  meta: [90mundefined[39m,
  stack: [32m'PrismaClientInit
ializationError: \n'[39m +
    [32m'Invalid `prisma.notif
ication.deleteMany()` 
invocation:\n'[39m +
    [32m'\n'[39m +
    [32m'\n'[39m +
    [32m'Authentication 
failed against database server 
at `localhost`, the provided 
database credentials for 
`opssentinal` are not 
valid.\n'[39m +
    [32m'\n'[39m +
    [32m'Please make sure to 
provide valid database 
credentials for the database 
server at `localhost`.\n'[39m 
+
    [32m'    at 
$n.handleRequestError (C:\\User
s\\Dushyant.Rahangdale\\Repo\\O
psSentinal\\node_modules\\@pris
ma\\client\\runtime\\library.js
:121:7615)\n'[39m +
    [32m'    at 
$n.handleAndLogRequestError (C:
\\Users\\Dushyant.Rahangdale\\R
epo\\OpsSentinal\\node_modules\
\@prisma\\client\\runtime\\libr
ary.js:121:6623)\n'[39m +
    [32m'    at $n.request (C:
\\Users\\Dushyant.Rahangdale\\R
epo\\OpsSentinal\\node_modules\
\@prisma\\client\\runtime\\libr
ary.js:121:6307)\n'[39m +
    [32m'    at 
Array.$allOperations (C:\\Users
\\Dushyant.Rahangdale\\Repo\\Op
sSentinal\\src\\lib\\prisma.ts:
11:40)\n'[39m +
    [32m'    at l (C:\\Users\\
Dushyant.Rahangdale\\Repo\\OpsS
entinal\\node_modules\\@prisma\
\client\\runtime\\library.js:13
0:9633)\n'[39m +
    [32m'    at C:\\Users\\Dus
hyant.Rahangdale\\Repo\\OpsSent
inal\\tests\\integration\\notif
ication-flow.test.ts:28:9\n'[3
9m +
    [32m'    at callSuiteHook 
(file:///C:/Users/Dushyant.Raha
ngdale/Repo/OpsSentinal/node_mo
dules/@vitest/runner/dist/index
.js:964:22)\n'[39m +
    [32m'    at runTest (file:
///C:/Users/Dushyant.Rahangdale
/Repo/OpsSentinal/node_modules/
@vitest/runner/dist/index.js:10
85:9)\n'[39m +
    [32m'    at runSuite (file
:///C:/Users/Dushyant.Rahangdal
e/Repo/OpsSentinal/node_modules
/@vitest/runner/dist/index.js:1
205:15)\n'[39m +
    [32m'    at runSuite (file
:///C:/Users/Dushyant.Rahangdal
e/Repo/OpsSentinal/node_modules
/@vitest/runner/dist/index.js:1
205:15)'[39m,
  params: [32m'{}'[39m,
  errorType: [32m'PrismaClient
InitializationError'[39m
}

 [31mΓ¥»[39m tests/integration/notification-flow.test.ts [2m([22m[2m3 tests[22m[2m | [22m[31m3 failed[39m[2m)[22m[33m 12310[2mms[22m[39m
[31m   [31m├ù[31m Notification Flow Integration Tests[2m > [22mshould send service notifications and escalation notifications separately[33m 4108[2mms[22m[31m[39m
[31m     ΓåÆ 
Invalid `prisma.notification.deleteMany()` invocation:


Authentication failed against database server at `localhost`, the provided database credentials for `opssentinal` are not valid.

Please make sure to provide valid database credentials for the database server at `localhost`.[39m
[31m     ΓåÆ 
Invalid `prisma.notification.deleteMany()` invocation:


Authentication failed against database server at `localhost`, the provided database credentials for `opssentinal` are not valid.

Please make sure to provide valid database credentials for the database server at `localhost`.[39m
[31m   [31m├ù[31m Notification Flow Integration Tests[2m > [22mshould handle team escalation with notifyOnlyTeamLead option[33m 4079[2mms[22m[31m[39m
[31m     ΓåÆ 
Invalid `prisma.notification.deleteMany()` invocation:


Authentication failed against database server at `localhost`, the provided database credentials for `opssentinal` are not valid.

Please make sure to provide valid database credentials for the database server at `localhost`.[39m
[31m     ΓåÆ 
Invalid `prisma.notification.deleteMany()` invocation:


Authentication failed against database server at `localhost`, the provided database credentials for `opssentinal` are not valid.

Please make sure to provide valid database credentials for the database server at `localhost`.[39m
[31m   [31m├ù[31m Notification Flow Integration Tests[2m > [22mshould handle schedule escalation with multiple active layers[33m 4121[2mms[22m[31m[39m
[31m     ΓåÆ 
Invalid `prisma.notification.deleteMany()` invocation:


Authentication failed against database server at `localhost`, the provided database credentials for `opssentinal` are not valid.

Please make sure to provide valid database credentials for the database server at `localhost`.[39m
[31m     ΓåÆ 
Invalid `prisma.notification.deleteMany()` invocation:


Authentication failed against database server at `localhost`, the provided database credentials for `opssentinal` are not valid.

Please make sure to provide valid database credentials for the database server at `localhost`.[39m
[90mstderr[2m | tests/notific
ation-system.test.ts[2m > 
[22m[2mNotification System 
Tests[2m > [22m[2mTeam Lead 
Functionality[2m > 
[22m[2mshould return no 
users when team lead has team 
notifications disabled
[22m[39m[DB Monitor] Slow 
query detected: 2049ms { 
query: [32m'Notification.delet
eMany'[39m, params: {} }
[DB Monitor] Query error: {
  query: [32m'Notification.del
eteMany'[39m,
  message: [32m'\n'[39m +
    [32m'Invalid `prisma.notif
ication.deleteMany()` 
invocation:\n'[39m +
    [32m'\n'[39m +
    [32m'\n'[39m +
    [32m'Authentication 
failed against database server 
at `localhost`, the provided 
database credentials for 
`opssentinal` are not 
valid.\n'[39m +
    [32m'\n'[39m +
    [32m'Please make sure to 
provide valid database 
credentials for the database 
server at `localhost`.'[39m,
  code: [90mundefined[39m,
  meta: [90mundefined[39m,
  stack: [32m'PrismaClientInit
ializationError: \n'[39m +
    [32m'Invalid `prisma.notif
ication.deleteMany()` 
invocation:\n'[39m +
    [32m'\n'[39m +
    [32m'\n'[39m +
    [32m'Authentication 
failed against database server 
at `localhost`, the provided 
database credentials for 
`opssentinal` are not 
valid.\n'[39m +
    [32m'\n'[39m +
    [32m'Please make sure to 
provide valid database 
credentials for the database 
server at `localhost`.\n'[39m 
+
    [32m'    at 
$n.handleRequestError (C:\\User
s\\Dushyant.Rahangdale\\Repo\\O
psSentinal\\node_modules\\@pris
ma\\client\\runtime\\library.js
:121:7615)\n'[39m +
    [32m'    at 
$n.handleAndLogRequestError (C:
\\Users\\Dushyant.Rahangdale\\R
epo\\OpsSentinal\\node_modules\
\@prisma\\client\\runtime\\libr
ary.js:121:6623)\n'[39m +
    [32m'    at $n.request (C:
\\Users\\Dushyant.Rahangdale\\R
epo\\OpsSentinal\\node_modules\
\@prisma\\client\\runtime\\libr
ary.js:121:6307)\n'[39m +
    [32m'    at 
Array.$allOperations (C:\\Users
\\Dushyant.Rahangdale\\Repo\\Op
sSentinal\\src\\lib\\prisma.ts:
11:40)\n'[39m +
    [32m'    at l (C:\\Users\\
Dushyant.Rahangdale\\Repo\\OpsS
entinal\\node_modules\\@prisma\
\client\\runtime\\library.js:13
0:9633)\n'[39m +
    [32m'    at C:\\Users\\Dus
hyant.Rahangdale\\Repo\\OpsSent
inal\\tests\\notification-syste
m.test.ts:26:9\n'[39m +
    [32m'    at callSuiteHook 
(file:///C:/Users/Dushyant.Raha
ngdale/Repo/OpsSentinal/node_mo
dules/@vitest/runner/dist/index
.js:964:22)\n'[39m +
    [32m'    at callSuiteHook 
(file:///C:/Users/Dushyant.Raha
ngdale/Repo/OpsSentinal/node_mo
dules/@vitest/runner/dist/index
.js:953:10)\n'[39m +
    [32m'    at runTest (file:
///C:/Users/Dushyant.Rahangdale
/Repo/OpsSentinal/node_modules/
@vitest/runner/dist/index.js:10
40:30)\n'[39m +
    [32m'    at runSuite (file
:///C:/Users/Dushyant.Rahangdal
e/Repo/OpsSentinal/node_modules
/@vitest/runner/dist/index.js:1
205:15)'[39m,
  params: [32m'{}'[39m,
  errorType: [32m'PrismaClient
InitializationError'[39m
}

[90mstderr[2m | tests/notific
ation-system.test.ts[2m > 
[22m[2mNotification System 
Tests[2m > [22m[2mTeam Lead 
Functionality[2m > 
[22m[2mshould return no 
users when team lead has team 
notifications disabled
[22m[39m[DB Monitor] Slow 
query detected: 2046ms { 
query: [32m'Notification.delet
eMany'[39m, params: {} }
[DB Monitor] Query error: {
  query: [32m'Notification.del
eteMany'[39m,
  message: [32m'\n'[39m +
    [32m'Invalid `prisma.notif
ication.deleteMany()` 
invocation:\n'[39m +
    [32m'\n'[39m +
    [32m'\n'[39m +
    [32m'Authentication 
failed against database server 
at `localhost`, the provided 
database credentials for 
`opssentinal` are not 
valid.\n'[39m +
    [32m'\n'[39m +
    [32m'Please make sure to 
provide valid database 
credentials for the database 
server at `localhost`.'[39m,
  code: [90mundefined[39m,
  meta: [90mundefined[39m,
  stack: [32m'PrismaClientInit
ializationError: \n'[39m +
    [32m'Invalid `prisma.notif
ication.deleteMany()` 
invocation:\n'[39m +
    [32m'\n'[39m +
    [32m'\n'[39m +
    [32m'Authentication 
failed against database server 
at `localhost`, the provided 
database credentials for 
`opssentinal` are not 
valid.\n'[39m +
    [32m'\n'[39m +
    [32m'Please make sure to 
provide valid database 
credentials for the database 
server at `localhost`.\n'[39m 
+
    [32m'    at 
$n.handleRequestError (C:\\User
s\\Dushyant.Rahangdale\\Repo\\O
psSentinal\\node_modules\\@pris
ma\\client\\runtime\\library.js
:121:7615)\n'[39m +
    [32m'    at 
$n.handleAndLogRequestError (C:
\\Users\\Dushyant.Rahangdale\\R
epo\\OpsSentinal\\node_modules\
\@prisma\\client\\runtime\\libr
ary.js:121:6623)\n'[39m +
    [32m'    at $n.request (C:
\\Users\\Dushyant.Rahangdale\\R
epo\\OpsSentinal\\node_modules\
\@prisma\\client\\runtime\\libr
ary.js:121:6307)\n'[39m +
    [32m'    at 
Array.$allOperations (C:\\Users
\\Dushyant.Rahangdale\\Repo\\Op
sSentinal\\src\\lib\\prisma.ts:
11:40)\n'[39m +
    [32m'    at l (C:\\Users\\
Dushyant.Rahangdale\\Repo\\OpsS
entinal\\node_modules\\@prisma\
\client\\runtime\\library.js:13
0:9633)\n'[39m +
    [32m'    at C:\\Users\\Dus
hyant.Rahangdale\\Repo\\OpsSent
inal\\tests\\notification-syste
m.test.ts:35:9\n'[39m +
    [32m'    at callSuiteHook 
(file:///C:/Users/Dushyant.Raha
ngdale/Repo/OpsSentinal/node_mo
dules/@vitest/runner/dist/index
.js:964:22)\n'[39m +
    [32m'    at callSuiteHook 
(file:///C:/Users/Dushyant.Raha
ngdale/Repo/OpsSentinal/node_mo
dules/@vitest/runner/dist/index
.js:970:10)\n'[39m +
    [32m'    at runTest (file:
///C:/Users/Dushyant.Rahangdale
/Repo/OpsSentinal/node_modules/
@vitest/runner/dist/index.js:10
85:9)\n'[39m +
    [32m'    at runSuite (file
:///C:/Users/Dushyant.Rahangdal
e/Repo/OpsSentinal/node_modules
/@vitest/runner/dist/index.js:1
205:15)'[39m,
  params: [32m'{}'[39m,
  errorType: [32m'PrismaClient
InitializationError'[39m
}

[90mstderr[2m | tests/notific
ation-system.test.ts[2m > 
[22m[2mNotification System 
Tests[2m > [22m[2mTeam Lead 
Functionality[2m > 
[22m[2mshould return all 
team members when 
notifyOnlyTeamLead is false
[22m[39m[DB Monitor] Slow 
query detected: 2031ms { 
query: [32m'Notification.delet
eMany'[39m, params: {} }
[DB Monitor] Query error: {
  query: [32m'Notification.del
eteMany'[39m,
  message: [32m'\n'[39m +
    [32m'Invalid `prisma.notif
ication.deleteMany()` 
invocation:\n'[39m +
    [32m'\n'[39m +
    [32m'\n'[39m +
    [32m'Authentication 
failed against database server 
at `localhost`, the provided 
database credentials for 
`opssentinal` are not 
valid.\n'[39m +
    [32m'\n'[39m +
    [32m'Please make sure to 
provide valid database 
credentials for the database 
server at `localhost`.'[39m,
  code: [90mundefined[39m,
  meta: [90mundefined[39m,
  stack: [32m'PrismaClientInit
ializationError: \n'[39m +
    [32m'Invalid `prisma.notif
ication.deleteMany()` 
invocation:\n'[39m +
    [32m'\n'[39m +
    [32m'\n'[39m +
    [32m'Authentication 
failed against database server 
at `localhost`, the provided 
database credentials for 
`opssentinal` are not 
valid.\n'[39m +
    [32m'\n'[39m +
    [32m'Please make sure to 
provide valid database 
credentials for the database 
server at `localhost`.\n'[39m 
+
    [32m'    at 
$n.handleRequestError (C:\\User
s\\Dushyant.Rahangdale\\Repo\\O
psSentinal\\node_modules\\@pris
ma\\client\\runtime\\library.js
:121:7615)\n'[39m +
    [32m'    at 
$n.handleAndLogRequestError (C:
\\Users\\Dushyant.Rahangdale\\R
epo\\OpsSentinal\\node_modules\
\@prisma\\client\\runtime\\libr
ary.js:121:6623)\n'[39m +
    [32m'    at $n.request (C:
\\Users\\Dushyant.Rahangdale\\R
epo\\OpsSentinal\\node_modules\
\@prisma\\client\\runtime\\libr
ary.js:121:6307)\n'[39m +
    [32m'    at 
Array.$allOperations (C:\\Users
\\Dushyant.Rahangdale\\Repo\\Op
sSentinal\\src\\lib\\prisma.ts:
11:40)\n'[39m +
    [32m'    at l (C:\\Users\\
Dushyant.Rahangdale\\Repo\\OpsS
entinal\\node_modules\\@prisma\
\client\\runtime\\library.js:13
0:9633)\n'[39m +
    [32m'    at C:\\Users\\Dus
hyant.Rahangdale\\Repo\\OpsSent
inal\\tests\\notification-syste
m.test.ts:26:9\n'[39m +
    [32m'    at callSuiteHook 
(file:///C:/Users/Dushyant.Raha
ngdale/Repo/OpsSentinal/node_mo
dules/@vitest/runner/dist/index
.js:964:22)\n'[39m +
    [32m'    at callSuiteHook 
(file:///C:/Users/Dushyant.Raha
ngdale/Repo/OpsSentinal/node_mo
dules/@vitest/runner/dist/index
.js:953:10)\n'[39m +
    [32m'    at runTest (file:
///C:/Users/Dushyant.Rahangdale
/Repo/OpsSentinal/node_modules/
@vitest/runner/dist/index.js:10
40:30)\n'[39m +
    [32m'    at runSuite (file
:///C:/Users/Dushyant.Rahangdal
e/Repo/OpsSentinal/node_modules
/@vitest/runner/dist/index.js:1
205:15)'[39m,
  params: [32m'{}'[39m,
  errorType: [32m'PrismaClient
InitializationError'[39m
}

[90mstderr[2m | tests/notific
ation-system.test.ts[2m > 
[22m[2mNotification System 
Tests[2m > [22m[2mTeam Lead 
Functionality[2m > 
[22m[2mshould return all 
team members when 
notifyOnlyTeamLead is false
[22m[39m[DB Monitor] Slow 
query detected: 2050ms { 
query: [32m'Notification.delet
eMany'[39m, params: {} }
[DB Monitor] Query error: {
  query: [32m'Notification.del
eteMany'[39m,
  message: [32m'\n'[39m +
    [32m'Invalid `prisma.notif
ication.deleteMany()` 
invocation:\n'[39m +
    [32m'\n'[39m +
    [32m'\n'[39m +
    [32m'Authentication 
failed against database server 
at `localhost`, the provided 
database credentials for 
`opssentinal` are not 
valid.\n'[39m +
    [32m'\n'[39m +
    [32m'Please make sure to 
provide valid database 
credentials for the database 
server at `localhost`.'[39m,
  code: [90mundefined[39m,
  meta: [90mundefined[39m,
  stack: [32m'PrismaClientInit
ializationError: \n'[39m +
    [32m'Invalid `prisma.notif
ication.deleteMany()` 
invocation:\n'[39m +
    [32m'\n'[39m +
    [32m'\n'[39m +
    [32m'Authentication 
failed against database server 
at `localhost`, the provided 
database credentials for 
`opssentinal` are not 
valid.\n'[39m +
    [32m'\n'[39m +
    [32m'Please make sure to 
provide valid database 
credentials for the database 
server at `localhost`.\n'[39m 
+
    [32m'    at 
$n.handleRequestError (C:\\User
s\\Dushyant.Rahangdale\\Repo\\O
psSentinal\\node_modules\\@pris
ma\\client\\runtime\\library.js
:121:7615)\n'[39m +
    [32m'    at 
$n.handleAndLogRequestError (C:
\\Users\\Dushyant.Rahangdale\\R
epo\\OpsSentinal\\node_modules\
\@prisma\\client\\runtime\\libr
ary.js:121:6623)\n'[39m +
    [32m'    at $n.request (C:
\\Users\\Dushyant.Rahangdale\\R
epo\\OpsSentinal\\node_modules\
\@prisma\\client\\runtime\\libr
ary.js:121:6307)\n'[39m +
    [32m'    at 
Array.$allOperations (C:\\Users
\\Dushyant.Rahangdale\\Repo\\Op
sSentinal\\src\\lib\\prisma.ts:
11:40)\n'[39m +
    [32m'    at l (C:\\Users\\
Dushyant.Rahangdale\\Repo\\OpsS
entinal\\node_modules\\@prisma\
\client\\runtime\\library.js:13
0:9633)\n'[39m +
    [32m'    at C:\\Users\\Dus
hyant.Rahangdale\\Repo\\OpsSent
inal\\tests\\notification-syste
m.test.ts:35:9\n'[39m +
    [32m'    at callSuiteHook 
(file:///C:/Users/Dushyant.Raha
ngdale/Repo/OpsSentinal/node_mo
dules/@vitest/runner/dist/index
.js:964:22)\n'[39m +
    [32m'    at callSuiteHook 
(file:///C:/Users/Dushyant.Raha
ngdale/Repo/OpsSentinal/node_mo
dules/@vitest/runner/dist/index
.js:970:10)\n'[39m +
    [32m'    at runTest (file:
///C:/Users/Dushyant.Rahangdale
/Repo/OpsSentinal/node_modules/
@vitest/runner/dist/index.js:10
85:9)\n'[39m +
    [32m'    at runSuite (file
:///C:/Users/Dushyant.Rahangdal
e/Repo/OpsSentinal/node_modules
/@vitest/runner/dist/index.js:1
205:15)'[39m,
  params: [32m'{}'[39m,
  errorType: [32m'PrismaClient
InitializationError'[39m
}

[90mstderr[2m | tests/notific
ation-system.test.ts[2m > 
[22m[2mNotification System 
Tests[2m > [22m[2mSlack 
Integration[2m > 
[22m[2mshould send Slack 
notification via webhook
[22m[39m[DB Monitor] Slow 
query detected: 2060ms { 
query: [32m'Notification.delet
eMany'[39m, params: {} }
[DB Monitor] Query error: {
  query: [32m'Notification.del
eteMany'[39m,
  message: [32m'\n'[39m +
    [32m'Invalid `prisma.notif
ication.deleteMany()` 
invocation:\n'[39m +
    [32m'\n'[39m +
    [32m'\n'[39m +
    [32m'Authentication 
failed against database server 
at `localhost`, the provided 
database credentials for 
`opssentinal` are not 
valid.\n'[39m +
    [32m'\n'[39m +
    [32m'Please make sure to 
provide valid database 
credentials for the database 
server at `localhost`.'[39m,
  code: [90mundefined[39m,
  meta: [90mundefined[39m,
  stack: [32m'PrismaClientInit
ializationError: \n'[39m +
    [32m'Invalid `prisma.notif
ication.deleteMany()` 
invocation:\n'[39m +
    [32m'\n'[39m +
    [32m'\n'[39m +
    [32m'Authentication 
failed against database server 
at `localhost`, the provided 
database credentials for 
`opssentinal` are not 
valid.\n'[39m +
    [32m'\n'[39m +
    [32m'Please make sure to 
provide valid database 
credentials for the database 
server at `localhost`.\n'[39m 
+
    [32m'    at 
$n.handleRequestError (C:\\User
s\\Dushyant.Rahangdale\\Repo\\O
psSentinal\\node_modules\\@pris
ma\\client\\runtime\\library.js
:121:7615)\n'[39m +
    [32m'    at 
$n.handleAndLogRequestError (C:
\\Users\\Dushyant.Rahangdale\\R
epo\\OpsSentinal\\node_modules\
\@prisma\\client\\runtime\\libr
ary.js:121:6623)\n'[39m +
    [32m'    at $n.request (C:
\\Users\\Dushyant.Rahangdale\\R
epo\\OpsSentinal\\node_modules\
\@prisma\\client\\runtime\\libr
ary.js:121:6307)\n'[39m +
    [32m'    at 
Array.$allOperations (C:\\Users
\\Dushyant.Rahangdale\\Repo\\Op
sSentinal\\src\\lib\\prisma.ts:
11:40)\n'[39m +
    [32m'    at l (C:\\Users\\
Dushyant.Rahangdale\\Repo\\OpsS
entinal\\node_modules\\@prisma\
\client\\runtime\\library.js:13
0:9633)\n'[39m +
    [32m'    at C:\\Users\\Dus
hyant.Rahangdale\\Repo\\OpsSent
inal\\tests\\notification-syste
m.test.ts:26:9\n'[39m +
    [32m'    at callSuiteHook 
(file:///C:/Users/Dushyant.Raha
ngdale/Repo/OpsSentinal/node_mo
dules/@vitest/runner/dist/index
.js:964:22)\n'[39m +
    [32m'    at callSuiteHook 
(file:///C:/Users/Dushyant.Raha
ngdale/Repo/OpsSentinal/node_mo
dules/@vitest/runner/dist/index
.js:953:10)\n'[39m +
    [32m'    at runTest (file:
///C:/Users/Dushyant.Rahangdale
/Repo/OpsSentinal/node_modules/
@vitest/runner/dist/index.js:10
40:30)\n'[39m +
    [32m'    at runSuite (file
:///C:/Users/Dushyant.Rahangdal
e/Repo/OpsSentinal/node_modules
/@vitest/runner/dist/index.js:1
205:15)'[39m,
  params: [32m'{}'[39m,
  errorType: [32m'PrismaClient
InitializationError'[39m
}

[90mstderr[2m | tests/notific
ation-system.test.ts[2m > 
[22m[2mNotification System 
Tests[2m > [22m[2mSlack 
Integration[2m > 
[22m[2mshould send Slack 
notification via webhook
[22m[39m[DB Monitor] Slow 
query detected: 2047ms { 
query: [32m'Notification.delet
eMany'[39m, params: {} }
[DB Monitor] Query error: {
  query: [32m'Notification.del
eteMany'[39m,
  message: [32m'\n'[39m +
    [32m'Invalid `prisma.notif
ication.deleteMany()` 
invocation:\n'[39m +
    [32m'\n'[39m +
    [32m'\n'[39m +
    [32m'Authentication 
failed against database server 
at `localhost`, the provided 
database credentials for 
`opssentinal` are not 
valid.\n'[39m +
    [32m'\n'[39m +
    [32m'Please make sure to 
provide valid database 
credentials for the database 
server at `localhost`.'[39m,
  code: [90mundefined[39m,
  meta: [90mundefined[39m,
  stack: [32m'PrismaClientInit
ializationError: \n'[39m +
    [32m'Invalid `prisma.notif
ication.deleteMany()` 
invocation:\n'[39m +
    [32m'\n'[39m +
    [32m'\n'[39m +
    [32m'Authentication 
failed against database server 
at `localhost`, the provided 
database credentials for 
`opssentinal` are not 
valid.\n'[39m +
    [32m'\n'[39m +
    [32m'Please make sure to 
provide valid database 
credentials for the database 
server at `localhost`.\n'[39m 
+
    [32m'    at 
$n.handleRequestError (C:\\User
s\\Dushyant.Rahangdale\\Repo\\O
psSentinal\\node_modules\\@pris
ma\\client\\runtime\\library.js
:121:7615)\n'[39m +
    [32m'    at 
$n.handleAndLogRequestError (C:
\\Users\\Dushyant.Rahangdale\\R
epo\\OpsSentinal\\node_modules\
\@prisma\\client\\runtime\\libr
ary.js:121:6623)\n'[39m +
    [32m'    at $n.request (C:
\\Users\\Dushyant.Rahangdale\\R
epo\\OpsSentinal\\node_modules\
\@prisma\\client\\runtime\\libr
ary.js:121:6307)\n'[39m +
    [32m'    at 
Array.$allOperations (C:\\Users
\\Dushyant.Rahangdale\\Repo\\Op
sSentinal\\src\\lib\\prisma.ts:
11:40)\n'[39m +
    [32m'    at l (C:\\Users\\
Dushyant.Rahangdale\\Repo\\OpsS
entinal\\node_modules\\@prisma\
\client\\runtime\\library.js:13
0:9633)\n'[39m +
    [32m'    at C:\\Users\\Dus
hyant.Rahangdale\\Repo\\OpsSent
inal\\tests\\notification-syste
m.test.ts:35:9\n'[39m +
    [32m'    at callSuiteHook 
(file:///C:/Users/Dushyant.Raha
ngdale/Repo/OpsSentinal/node_mo
dules/@vitest/runner/dist/index
.js:964:22)\n'[39m +
    [32m'    at callSuiteHook 
(file:///C:/Users/Dushyant.Raha
ngdale/Repo/OpsSentinal/node_mo
dules/@vitest/runner/dist/index
.js:970:10)\n'[39m +
    [32m'    at runTest (file:
///C:/Users/Dushyant.Rahangdale
/Repo/OpsSentinal/node_modules/
@vitest/runner/dist/index.js:10
85:9)\n'[39m +
    [32m'    at runSuite (file
:///C:/Users/Dushyant.Rahangdal
e/Repo/OpsSentinal/node_modules
/@vitest/runner/dist/index.js:1
205:15)'[39m,
  params: [32m'{}'[39m,
  errorType: [32m'PrismaClient
InitializationError'[39m
}

[90mstderr[2m | tests/notific
ation-system.test.ts[2m > 
[22m[2mNotification System 
Tests[2m > [22m[2mSlack 
Integration[2m > 
[22m[2mshould send Slack 
message to channel via API
[22m[39m[DB Monitor] Slow 
query detected: 2045ms { 
query: [32m'Notification.delet
eMany'[39m, params: {} }
[DB Monitor] Query error: {
  query: [32m'Notification.del
eteMany'[39m,
  message: [32m'\n'[39m +
    [32m'Invalid `prisma.notif
ication.deleteMany()` 
invocation:\n'[39m +
    [32m'\n'[39m +
    [32m'\n'[39m +
    [32m'Authentication 
failed against database server 
at `localhost`, the provided 
database credentials for 
`opssentinal` are not 
valid.\n'[39m +
    [32m'\n'[39m +
    [32m'Please make sure to 
provide valid database 
credentials for the database 
server at `localhost`.'[39m,
  code: [90mundefined[39m,
  meta: [90mundefined[39m,
  stack: [32m'PrismaClientInit
ializationError: \n'[39m +
    [32m'Invalid `prisma.notif
ication.deleteMany()` 
invocation:\n'[39m +
    [32m'\n'[39m +
    [32m'\n'[39m +
    [32m'Authentication 
failed against database server 
at `localhost`, the provided 
database credentials for 
`opssentinal` are not 
valid.\n'[39m +
    [32m'\n'[39m +
    [32m'Please make sure to 
provide valid database 
credentials for the database 
server at `localhost`.\n'[39m 
+
    [32m'    at 
$n.handleRequestError (C:\\User
s\\Dushyant.Rahangdale\\Repo\\O
psSentinal\\node_modules\\@pris
ma\\client\\runtime\\library.js
:121:7615)\n'[39m +
    [32m'    at 
$n.handleAndLogRequestError (C:
\\Users\\Dushyant.Rahangdale\\R
epo\\OpsSentinal\\node_modules\
\@prisma\\client\\runtime\\libr
ary.js:121:6623)\n'[39m +
    [32m'    at $n.request (C:
\\Users\\Dushyant.Rahangdale\\R
epo\\OpsSentinal\\node_modules\
\@prisma\\client\\runtime\\libr
ary.js:121:6307)\n'[39m +
    [32m'    at 
Array.$allOperations (C:\\Users
\\Dushyant.Rahangdale\\Repo\\Op
sSentinal\\src\\lib\\prisma.ts:
11:40)\n'[39m +
    [32m'    at l (C:\\Users\\
Dushyant.Rahangdale\\Repo\\OpsS
entinal\\node_modules\\@prisma\
\client\\runtime\\library.js:13
0:9633)\n'[39m +
    [32m'    at C:\\Users\\Dus
hyant.Rahangdale\\Repo\\OpsSent
inal\\tests\\notification-syste
m.test.ts:26:9\n'[39m +
    [32m'    at callSuiteHook 
(file:///C:/Users/Dushyant.Raha
ngdale/Repo/OpsSentinal/node_mo
dules/@vitest/runner/dist/index
.js:964:22)\n'[39m +
    [32m'    at callSuiteHook 
(file:///C:/Users/Dushyant.Raha
ngdale/Repo/OpsSentinal/node_mo
dules/@vitest/runner/dist/index
.js:953:10)\n'[39m +
    [32m'    at runTest (file:
///C:/Users/Dushyant.Rahangdale
/Repo/OpsSentinal/node_modules/
@vitest/runner/dist/index.js:10
40:30)\n'[39m +
    [32m'    at runSuite (file
:///C:/Users/Dushyant.Rahangdal
e/Repo/OpsSentinal/node_modules
/@vitest/runner/dist/index.js:1
205:15)'[39m,
  params: [32m'{}'[39m,
  errorType: [32m'PrismaClient
InitializationError'[39m
}

[90mstderr[2m | tests/notific
ation-system.test.ts[2m > 
[22m[2mNotification System 
Tests[2m > [22m[2mSlack 
Integration[2m > 
[22m[2mshould send Slack 
message to channel via API
[22m[39m[DB Monitor] Slow 
query detected: 2044ms { 
query: [32m'Notification.delet
eMany'[39m, params: {} }
[DB Monitor] Query error: {
  query: [32m'Notification.del
eteMany'[39m,
  message: [32m'\n'[39m +
    [32m'Invalid `prisma.notif
ication.deleteMany()` 
invocation:\n'[39m +
    [32m'\n'[39m +
    [32m'\n'[39m +
    [32m'Authentication 
failed against database server 
at `localhost`, the provided 
database credentials for 
`opssentinal` are not 
valid.\n'[39m +
    [32m'\n'[39m +
    [32m'Please make sure to 
provide valid database 
credentials for the database 
server at `localhost`.'[39m,
  code: [90mundefined[39m,
  meta: [90mundefined[39m,
  stack: [32m'PrismaClientInit
ializationError: \n'[39m +
    [32m'Invalid `prisma.notif
ication.deleteMany()` 
invocation:\n'[39m +
    [32m'\n'[39m +
    [32m'\n'[39m +
    [32m'Authentication 
failed against database server 
at `localhost`, the provided 
database credentials for 
`opssentinal` are not 
valid.\n'[39m +
    [32m'\n'[39m +
    [32m'Please make sure to 
provide valid database 
credentials for the database 
server at `localhost`.\n'[39m 
+
    [32m'    at 
$n.handleRequestError (C:\\User
s\\Dushyant.Rahangdale\\Repo\\O
psSentinal\\node_modules\\@pris
ma\\client\\runtime\\library.js
:121:7615)\n'[39m +
    [32m'    at 
$n.handleAndLogRequestError (C:
\\Users\\Dushyant.Rahangdale\\R
epo\\OpsSentinal\\node_modules\
\@prisma\\client\\runtime\\libr
ary.js:121:6623)\n'[39m +
    [32m'    at $n.request (C:
\\Users\\Dushyant.Rahangdale\\R
epo\\OpsSentinal\\node_modules\
\@prisma\\client\\runtime\\libr
ary.js:121:6307)\n'[39m +
    [32m'    at 
Array.$allOperations (C:\\Users
\\Dushyant.Rahangdale\\Repo\\Op
sSentinal\\src\\lib\\prisma.ts:
11:40)\n'[39m +
    [32m'    at l (C:\\Users\\
Dushyant.Rahangdale\\Repo\\OpsS
entinal\\node_modules\\@prisma\
\client\\runtime\\library.js:13
0:9633)\n'[39m +
    [32m'    at C:\\Users\\Dus
hyant.Rahangdale\\Repo\\OpsSent
inal\\tests\\notification-syste
m.test.ts:35:9\n'[39m +
    [32m'    at callSuiteHook 
(file:///C:/Users/Dushyant.Raha
ngdale/Repo/OpsSentinal/node_mo
dules/@vitest/runner/dist/index
.js:964:22)\n'[39m +
    [32m'    at callSuiteHook 
(file:///C:/Users/Dushyant.Raha
ngdale/Repo/OpsSentinal/node_mo
dules/@vitest/runner/dist/index
.js:970:10)\n'[39m +
    [32m'    at runTest (file:
///C:/Users/Dushyant.Rahangdale
/Repo/OpsSentinal/node_modules/
@vitest/runner/dist/index.js:10
85:9)\n'[39m +
    [32m'    at runSuite (file
:///C:/Users/Dushyant.Rahangdal
e/Repo/OpsSentinal/node_modules
/@vitest/runner/dist/index.js:1
205:15)'[39m,
  params: [32m'{}'[39m,
  errorType: [32m'PrismaClient
InitializationError'[39m
}

[90mstderr[2m | tests/notific
ation-system.test.ts[2m > 
[22m[2mNotification System 
Tests[2m > [22m[2mWebhook 
Formatters[2m > 
[22m[2mshould format Google 
Chat payload correctly
[22m[39m[DB Monitor] Slow 
query detected: 2063ms { 
query: [32m'Notification.delet
eMany'[39m, params: {} }
[DB Monitor] Query error: {
  query: [32m'Notification.del
eteMany'[39m,
  message: [32m'\n'[39m +
    [32m'Invalid `prisma.notif
ication.deleteMany()` 
invocation:\n'[39m +
    [32m'\n'[39m +
    [32m'\n'[39m +
    [32m'Authentication 
failed against database server 
at `localhost`, the provided 
database credentials for 
`opssentinal` are not 
valid.\n'[39m +
    [32m'\n'[39m +
    [32m'Please make sure to 
provide valid database 
credentials for the database 
server at `localhost`.'[39m,
  code: [90mundefined[39m,
  meta: [90mundefined[39m,
  stack: [32m'PrismaClientInit
ializationError: \n'[39m +
    [32m'Invalid `prisma.notif
ication.deleteMany()` 
invocation:\n'[39m +
    [32m'\n'[39m +
    [32m'\n'[39m +
    [32m'Authentication 
failed against database server 
at `localhost`, the provided 
database credentials for 
`opssentinal` are not 
valid.\n'[39m +
    [32m'\n'[39m +
    [32m'Please make sure to 
provide valid database 
credentials for the database 
server at `localhost`.\n'[39m 
+
    [32m'    at 
$n.handleRequestError (C:\\User
s\\Dushyant.Rahangdale\\Repo\\O
psSentinal\\node_modules\\@pris
ma\\client\\runtime\\library.js
:121:7615)\n'[39m +
    [32m'    at 
$n.handleAndLogRequestError (C:
\\Users\\Dushyant.Rahangdale\\R
epo\\OpsSentinal\\node_modules\
\@prisma\\client\\runtime\\libr
ary.js:121:6623)\n'[39m +
    [32m'    at $n.request (C:
\\Users\\Dushyant.Rahangdale\\R
epo\\OpsSentinal\\node_modules\
\@prisma\\client\\runtime\\libr
ary.js:121:6307)\n'[39m +
    [32m'    at 
Array.$allOperations (C:\\Users
\\Dushyant.Rahangdale\\Repo\\Op
sSentinal\\src\\lib\\prisma.ts:
11:40)\n'[39m +
    [32m'    at l (C:\\Users\\
Dushyant.Rahangdale\\Repo\\OpsS
entinal\\node_modules\\@prisma\
\client\\runtime\\library.js:13
0:9633)\n'[39m +
    [32m'    at C:\\Users\\Dus
hyant.Rahangdale\\Repo\\OpsSent
inal\\tests\\notification-syste
m.test.ts:26:9\n'[39m +
    [32m'    at callSuiteHook 
(file:///C:/Users/Dushyant.Raha
ngdale/Repo/OpsSentinal/node_mo
dules/@vitest/runner/dist/index
.js:964:22)\n'[39m +
    [32m'    at callSuiteHook 
(file:///C:/Users/Dushyant.Raha
ngdale/Repo/OpsSentinal/node_mo
dules/@vitest/runner/dist/index
.js:953:10)\n'[39m +
    [32m'    at runTest (file:
///C:/Users/Dushyant.Rahangdale
/Repo/OpsSentinal/node_modules/
@vitest/runner/dist/index.js:10
40:30)\n'[39m +
    [32m'    at runSuite (file
:///C:/Users/Dushyant.Rahangdal
e/Repo/OpsSentinal/node_modules
/@vitest/runner/dist/index.js:1
205:15)'[39m,
  params: [32m'{}'[39m,
  errorType: [32m'PrismaClient
InitializationError'[39m
}

[90mstderr[2m | tests/notific
ation-system.test.ts[2m > 
[22m[2mNotification System 
Tests[2m > [22m[2mWebhook 
Formatters[2m > 
[22m[2mshould format Google 
Chat payload correctly
[22m[39m[DB Monitor] Slow 
query detected: 2062ms { 
query: [32m'Notification.delet
eMany'[39m, params: {} }
[DB Monitor] Query error: {
  query: [32m'Notification.del
eteMany'[39m,
  message: [32m'\n'[39m +
    [32m'Invalid `prisma.notif
ication.deleteMany()` 
invocation:\n'[39m +
    [32m'\n'[39m +
    [32m'\n'[39m +
    [32m'Authentication 
failed against database server 
at `localhost`, the provided 
database credentials for 
`opssentinal` are not 
valid.\n'[39m +
    [32m'\n'[39m +
    [32m'Please make sure to 
provide valid database 
credentials for the database 
server at `localhost`.'[39m,
  code: [90mundefined[39m,
  meta: [90mundefined[39m,
  stack: [32m'PrismaClientInit
ializationError: \n'[39m +
    [32m'Invalid `prisma.notif
ication.deleteMany()` 
invocation:\n'[39m +
    [32m'\n'[39m +
    [32m'\n'[39m +
    [32m'Authentication 
failed against database server 
at `localhost`, the provided 
database credentials for 
`opssentinal` are not 
valid.\n'[39m +
    [32m'\n'[39m +
    [32m'Please make sure to 
provide valid database 
credentials for the database 
server at `localhost`.\n'[39m 
+
    [32m'    at 
$n.handleRequestError (C:\\User
s\\Dushyant.Rahangdale\\Repo\\O
psSentinal\\node_modules\\@pris
ma\\client\\runtime\\library.js
:121:7615)\n'[39m +
    [32m'    at 
$n.handleAndLogRequestError (C:
\\Users\\Dushyant.Rahangdale\\R
epo\\OpsSentinal\\node_modules\
\@prisma\\client\\runtime\\libr
ary.js:121:6623)\n'[39m +
    [32m'    at $n.request (C:
\\Users\\Dushyant.Rahangdale\\R
epo\\OpsSentinal\\node_modules\
\@prisma\\client\\runtime\\libr
ary.js:121:6307)\n'[39m +
    [32m'    at 
Array.$allOperations (C:\\Users
\\Dushyant.Rahangdale\\Repo\\Op
sSentinal\\src\\lib\\prisma.ts:
11:40)\n'[39m +
    [32m'    at l (C:\\Users\\
Dushyant.Rahangdale\\Repo\\OpsS
entinal\\node_modules\\@prisma\
\client\\runtime\\library.js:13
0:9633)\n'[39m +
    [32m'    at C:\\Users\\Dus
hyant.Rahangdale\\Repo\\OpsSent
inal\\tests\\notification-syste
m.test.ts:35:9\n'[39m +
    [32m'    at callSuiteHook 
(file:///C:/Users/Dushyant.Raha
ngdale/Repo/OpsSentinal/node_mo
dules/@vitest/runner/dist/index
.js:964:22)\n'[39m +
    [32m'    at callSuiteHook 
(file:///C:/Users/Dushyant.Raha
ngdale/Repo/OpsSentinal/node_mo
dules/@vitest/runner/dist/index
.js:970:10)\n'[39m +
    [32m'    at runTest (file:
///C:/Users/Dushyant.Rahangdale
/Repo/OpsSentinal/node_modules/
@vitest/runner/dist/index.js:10
85:9)\n'[39m +
    [32m'    at runSuite (file
:///C:/Users/Dushyant.Rahangdal
e/Repo/OpsSentinal/node_modules
/@vitest/runner/dist/index.js:1
205:15)'[39m,
  params: [32m'{}'[39m,
  errorType: [32m'PrismaClient
InitializationError'[39m
}

[90mstderr[2m | tests/notific
ation-system.test.ts[2m > 
[22m[2mNotification System 
Tests[2m > [22m[2mWebhook 
Formatters[2m > 
[22m[2mshould format 
Microsoft Teams payload 
correctly
[22m[39m[DB Monitor] Slow 
query detected: 2052ms { 
query: [32m'Notification.delet
eMany'[39m, params: {} }
[DB Monitor] Query error: {
  query: [32m'Notification.del
eteMany'[39m,
  message: [32m'\n'[39m +
    [32m'Invalid `prisma.notif
ication.deleteMany()` 
invocation:\n'[39m +
    [32m'\n'[39m +
    [32m'\n'[39m +
    [32m'Authentication 
failed against database server 
at `localhost`, the provided 
database credentials for 
`opssentinal` are not 
valid.\n'[39m +
    [32m'\n'[39m +
    [32m'Please make sure to 
provide valid database 
credentials for the database 
server at `localhost`.'[39m,
  code: [90mundefined[39m,
  meta: [90mundefined[39m,
  stack: [32m'PrismaClientInit
ializationError: \n'[39m +
    [32m'Invalid `prisma.notif
ication.deleteMany()` 
invocation:\n'[39m +
    [32m'\n'[39m +
    [32m'\n'[39m +
    [32m'Authentication 
failed against database server 
at `localhost`, the provided 
database credentials for 
`opssentinal` are not 
valid.\n'[39m +
    [32m'\n'[39m +
    [32m'Please make sure to 
provide valid database 
credentials for the database 
server at `localhost`.\n'[39m 
+
    [32m'    at 
$n.handleRequestError (C:\\User
s\\Dushyant.Rahangdale\\Repo\\O
psSentinal\\node_modules\\@pris
ma\\client\\runtime\\library.js
:121:7615)\n'[39m +
    [32m'    at 
$n.handleAndLogRequestError (C:
\\Users\\Dushyant.Rahangdale\\R
epo\\OpsSentinal\\node_modules\
\@prisma\\client\\runtime\\libr
ary.js:121:6623)\n'[39m +
    [32m'    at $n.request (C:
\\Users\\Dushyant.Rahangdale\\R
epo\\OpsSentinal\\node_modules\
\@prisma\\client\\runtime\\libr
ary.js:121:6307)\n'[39m +
    [32m'    at 
Array.$allOperations (C:\\Users
\\Dushyant.Rahangdale\\Repo\\Op
sSentinal\\src\\lib\\prisma.ts:
11:40)\n'[39m +
    [32m'    at l (C:\\Users\\
Dushyant.Rahangdale\\Repo\\OpsS
entinal\\node_modules\\@prisma\
\client\\runtime\\library.js:13
0:9633)\n'[39m +
    [32m'    at C:\\Users\\Dus
hyant.Rahangdale\\Repo\\OpsSent
inal\\tests\\notification-syste
m.test.ts:26:9\n'[39m +
    [32m'    at callSuiteHook 
(file:///C:/Users/Dushyant.Raha
ngdale/Repo/OpsSentinal/node_mo
dules/@vitest/runner/dist/index
.js:964:22)\n'[39m +
    [32m'    at callSuiteHook 
(file:///C:/Users/Dushyant.Raha
ngdale/Repo/OpsSentinal/node_mo
dules/@vitest/runner/dist/index
.js:953:10)\n'[39m +
    [32m'    at runTest (file:
///C:/Users/Dushyant.Rahangdale
/Repo/OpsSentinal/node_modules/
@vitest/runner/dist/index.js:10
40:30)\n'[39m +
    [32m'    at runSuite (file
:///C:/Users/Dushyant.Rahangdal
e/Repo/OpsSentinal/node_modules
/@vitest/runner/dist/index.js:1
205:15)'[39m,
  params: [32m'{}'[39m,
  errorType: [32m'PrismaClient
InitializationError'[39m
}

[90mstderr[2m | tests/notific
ation-system.test.ts[2m > 
[22m[2mNotification System 
Tests[2m > [22m[2mWebhook 
Formatters[2m > 
[22m[2mshould format 
Microsoft Teams payload 
correctly
[22m[39m[DB Monitor] Slow 
query detected: 2049ms { 
query: [32m'Notification.delet
eMany'[39m, params: {} }
[DB Monitor] Query error: {
  query: [32m'Notification.del
eteMany'[39m,
  message: [32m'\n'[39m +
    [32m'Invalid `prisma.notif
ication.deleteMany()` 
invocation:\n'[39m +
    [32m'\n'[39m +
    [32m'\n'[39m +
    [32m'Authentication 
failed against database server 
at `localhost`, the provided 
database credentials for 
`opssentinal` are not 
valid.\n'[39m +
    [32m'\n'[39m +
    [32m'Please make sure to 
provide valid database 
credentials for the database 
server at `localhost`.'[39m,
  code: [90mundefined[39m,
  meta: [90mundefined[39m,
  stack: [32m'PrismaClientInit
ializationError: \n'[39m +
    [32m'Invalid `prisma.notif
ication.deleteMany()` 
invocation:\n'[39m +
    [32m'\n'[39m +
    [32m'\n'[39m +
    [32m'Authentication 
failed against database server 
at `localhost`, the provided 
database credentials for 
`opssentinal` are not 
valid.\n'[39m +
    [32m'\n'[39m +
    [32m'Please make sure to 
provide valid database 
credentials for the database 
server at `localhost`.\n'[39m 
+
    [32m'    at 
$n.handleRequestError (C:\\User
s\\Dushyant.Rahangdale\\Repo\\O
psSentinal\\node_modules\\@pris
ma\\client\\runtime\\library.js
:121:7615)\n'[39m +
    [32m'    at 
$n.handleAndLogRequestError (C:
\\Users\\Dushyant.Rahangdale\\R
epo\\OpsSentinal\\node_modules\
\@prisma\\client\\runtime\\libr
ary.js:121:6623)\n'[39m +
    [32m'    at $n.request (C:
\\Users\\Dushyant.Rahangdale\\R
epo\\OpsSentinal\\node_modules\
\@prisma\\client\\runtime\\libr
ary.js:121:6307)\n'[39m +
    [32m'    at 
Array.$allOperations (C:\\Users
\\Dushyant.Rahangdale\\Repo\\Op
sSentinal\\src\\lib\\prisma.ts:
11:40)\n'[39m +
    [32m'    at l (C:\\Users\\
Dushyant.Rahangdale\\Repo\\OpsS
entinal\\node_modules\\@prisma\
\client\\runtime\\library.js:13
0:9633)\n'[39m +
    [32m'    at C:\\Users\\Dus
hyant.Rahangdale\\Repo\\OpsSent
inal\\tests\\notification-syste
m.test.ts:35:9\n'[39m +
    [32m'    at callSuiteHook 
(file:///C:/Users/Dushyant.Raha
ngdale/Repo/OpsSentinal/node_mo
dules/@vitest/runner/dist/index
.js:964:22)\n'[39m +
    [32m'    at callSuiteHook 
(file:///C:/Users/Dushyant.Raha
ngdale/Repo/OpsSentinal/node_mo
dules/@vitest/runner/dist/index
.js:970:10)\n'[39m +
    [32m'    at runTest (file:
///C:/Users/Dushyant.Rahangdale
/Repo/OpsSentinal/node_modules/
@vitest/runner/dist/index.js:10
85:9)\n'[39m +
    [32m'    at runSuite (file
:///C:/Users/Dushyant.Rahangdal
e/Repo/OpsSentinal/node_modules
/@vitest/runner/dist/index.js:1
205:15)'[39m,
  params: [32m'{}'[39m,
  errorType: [32m'PrismaClient
InitializationError'[39m
}

[90mstderr[2m | tests/notific
ation-system.test.ts[2m > 
[22m[2mNotification System 
Tests[2m > [22m[2mWebhook 
Formatters[2m > 
[22m[2mshould format Discord 
payload correctly
[22m[39m[DB Monitor] Slow 
query detected: 2039ms { 
query: [32m'Notification.delet
eMany'[39m, params: {} }
[DB Monitor] Query error: {
  query: [32m'Notification.del
eteMany'[39m,
  message: [32m'\n'[39m +
    [32m'Invalid `prisma.notif
ication.deleteMany()` 
invocation:\n'[39m +
    [32m'\n'[39m +
    [32m'\n'[39m +
    [32m'Authentication 
failed against database server 
at `localhost`, the provided 
database credentials for 
`opssentinal` are not 
valid.\n'[39m +
    [32m'\n'[39m +
    [32m'Please make sure to 
provide valid database 
credentials for the database 
server at `localhost`.'[39m,
  code: [90mundefined[39m,
  meta: [90mundefined[39m,
  stack: [32m'PrismaClientInit
ializationError: \n'[39m +
    [32m'Invalid `prisma.notif
ication.deleteMany()` 
invocation:\n'[39m +
    [32m'\n'[39m +
    [32m'\n'[39m +
    [32m'Authentication 
failed against database server 
at `localhost`, the provided 
database credentials for 
`opssentinal` are not 
valid.\n'[39m +
    [32m'\n'[39m +
    [32m'Please make sure to 
provide valid database 
credentials for the database 
server at `localhost`.\n'[39m 
+
    [32m'    at 
$n.handleRequestError (C:\\User
s\\Dushyant.Rahangdale\\Repo\\O
psSentinal\\node_modules\\@pris
ma\\client\\runtime\\library.js
:121:7615)\n'[39m +
    [32m'    at 
$n.handleAndLogRequestError (C:
\\Users\\Dushyant.Rahangdale\\R
epo\\OpsSentinal\\node_modules\
\@prisma\\client\\runtime\\libr
ary.js:121:6623)\n'[39m +
    [32m'    at $n.request (C:
\\Users\\Dushyant.Rahangdale\\R
epo\\OpsSentinal\\node_modules\
\@prisma\\client\\runtime\\libr
ary.js:121:6307)\n'[39m +
    [32m'    at 
Array.$allOperations (C:\\Users
\\Dushyant.Rahangdale\\Repo\\Op
sSentinal\\src\\lib\\prisma.ts:
11:40)\n'[39m +
    [32m'    at l (C:\\Users\\
Dushyant.Rahangdale\\Repo\\OpsS
entinal\\node_modules\\@prisma\
\client\\runtime\\library.js:13
0:9633)\n'[39m +
    [32m'    at C:\\Users\\Dus
hyant.Rahangdale\\Repo\\OpsSent
inal\\tests\\notification-syste
m.test.ts:26:9\n'[39m +
    [32m'    at callSuiteHook 
(file:///C:/Users/Dushyant.Raha
ngdale/Repo/OpsSentinal/node_mo
dules/@vitest/runner/dist/index
.js:964:22)\n'[39m +
    [32m'    at callSuiteHook 
(file:///C:/Users/Dushyant.Raha
ngdale/Repo/OpsSentinal/node_mo
dules/@vitest/runner/dist/index
.js:953:10)\n'[39m +
    [32m'    at runTest (file:
///C:/Users/Dushyant.Rahangdale
/Repo/OpsSentinal/node_modules/
@vitest/runner/dist/index.js:10
40:30)\n'[39m +
    [32m'    at runSuite (file
:///C:/Users/Dushyant.Rahangdal
e/Repo/OpsSentinal/node_modules
/@vitest/runner/dist/index.js:1
205:15)'[39m,
  params: [32m'{}'[39m,
  errorType: [32m'PrismaClient
InitializationError'[39m
}

[90mstderr[2m | tests/notific
ation-system.test.ts[2m > 
[22m[2mNotification System 
Tests[2m > [22m[2mWebhook 
Formatters[2m > 
[22m[2mshould format Discord 
payload correctly
[22m[39m[DB Monitor] Slow 
query detected: 2037ms { 
query: [32m'Notification.delet
eMany'[39m, params: {} }
[DB Monitor] Query error: {
  query: [32m'Notification.del
eteMany'[39m,
  message: [32m'\n'[39m +
    [32m'Invalid `prisma.notif
ication.deleteMany()` 
invocation:\n'[39m +
    [32m'\n'[39m +
    [32m'\n'[39m +
    [32m'Authentication 
failed against database server 
at `localhost`, the provided 
database credentials for 
`opssentinal` are not 
valid.\n'[39m +
    [32m'\n'[39m +
    [32m'Please make sure to 
provide valid database 
credentials for the database 
server at `localhost`.'[39m,
  code: [90mundefined[39m,
  meta: [90mundefined[39m,
  stack: [32m'PrismaClientInit
ializationError: \n'[39m +
    [32m'Invalid `prisma.notif
ication.deleteMany()` 
invocation:\n'[39m +
    [32m'\n'[39m +
    [32m'\n'[39m +
    [32m'Authentication 
failed against database server 
at `localhost`, the provided 
database credentials for 
`opssentinal` are not 
valid.\n'[39m +
    [32m'\n'[39m +
    [32m'Please make sure to 
provide valid database 
credentials for the database 
server at `localhost`.\n'[39m 
+
    [32m'    at 
$n.handleRequestError (C:\\User
s\\Dushyant.Rahangdale\\Repo\\O
psSentinal\\node_modules\\@pris
ma\\client\\runtime\\library.js
:121:7615)\n'[39m +
    [32m'    at 
$n.handleAndLogRequestError (C:
\\Users\\Dushyant.Rahangdale\\R
epo\\OpsSentinal\\node_modules\
\@prisma\\client\\runtime\\libr
ary.js:121:6623)\n'[39m +
    [32m'    at $n.request (C:
\\Users\\Dushyant.Rahangdale\\R
epo\\OpsSentinal\\node_modules\
\@prisma\\client\\runtime\\libr
ary.js:121:6307)\n'[39m +
    [32m'    at 
Array.$allOperations (C:\\Users
\\Dushyant.Rahangdale\\Repo\\Op
sSentinal\\src\\lib\\prisma.ts:
11:40)\n'[39m +
    [32m'    at l (C:\\Users\\
Dushyant.Rahangdale\\Repo\\OpsS
entinal\\node_modules\\@prisma\
\client\\runtime\\library.js:13
0:9633)\n'[39m +
    [32m'    at C:\\Users\\Dus
hyant.Rahangdale\\Repo\\OpsSent
inal\\tests\\notification-syste
m.test.ts:35:9\n'[39m +
    [32m'    at callSuiteHook 
(file:///C:/Users/Dushyant.Raha
ngdale/Repo/OpsSentinal/node_mo
dules/@vitest/runner/dist/index
.js:964:22)\n'[39m +
    [32m'    at callSuiteHook 
(file:///C:/Users/Dushyant.Raha
ngdale/Repo/OpsSentinal/node_mo
dules/@vitest/runner/dist/index
.js:970:10)\n'[39m +
    [32m'    at runTest (file:
///C:/Users/Dushyant.Rahangdale
/Repo/OpsSentinal/node_modules/
@vitest/runner/dist/index.js:10
85:9)\n'[39m +
    [32m'    at runSuite (file
:///C:/Users/Dushyant.Rahangdal
e/Repo/OpsSentinal/node_modules
/@vitest/runner/dist/index.js:1
205:15)'[39m,
  params: [32m'{}'[39m,
  errorType: [32m'PrismaClient
InitializationError'[39m
}

[90mstderr[2m | tests/notific
ation-system.test.ts[2m > 
[22m[2mNotification System 
Tests[2m > [22m[2mWhatsApp 
Integration[2m > 
[22m[2mshould send WhatsApp 
notification via Twilio
[22m[39m[DB Monitor] Slow 
query detected: 2041ms { 
query: [32m'Notification.delet
eMany'[39m, params: {} }
[DB Monitor] Query error: {
  query: [32m'Notification.del
eteMany'[39m,
  message: [32m'\n'[39m +
    [32m'Invalid `prisma.notif
ication.deleteMany()` 
invocation:\n'[39m +
    [32m'\n'[39m +
    [32m'\n'[39m +
    [32m'Authentication 
failed against database server 
at `localhost`, the provided 
database credentials for 
`opssentinal` are not 
valid.\n'[39m +
    [32m'\n'[39m +
    [32m'Please make sure to 
provide valid database 
credentials for the database 
server at `localhost`.'[39m,
  code: [90mundefined[39m,
  meta: [90mundefined[39m,
  stack: [32m'PrismaClientInit
ializationError: \n'[39m +
    [32m'Invalid `prisma.notif
ication.deleteMany()` 
invocation:\n'[39m +
    [32m'\n'[39m +
    [32m'\n'[39m +
    [32m'Authentication 
failed against database server 
at `localhost`, the provided 
database credentials for 
`opssentinal` are not 
valid.\n'[39m +
    [32m'\n'[39m +
    [32m'Please make sure to 
provide valid database 
credentials for the database 
server at `localhost`.\n'[39m 
+
    [32m'    at 
$n.handleRequestError (C:\\User
s\\Dushyant.Rahangdale\\Repo\\O
psSentinal\\node_modules\\@pris
ma\\client\\runtime\\library.js
:121:7615)\n'[39m +
    [32m'    at 
$n.handleAndLogRequestError (C:
\\Users\\Dushyant.Rahangdale\\R
epo\\OpsSentinal\\node_modules\
\@prisma\\client\\runtime\\libr
ary.js:121:6623)\n'[39m +
    [32m'    at $n.request (C:
\\Users\\Dushyant.Rahangdale\\R
epo\\OpsSentinal\\node_modules\
\@prisma\\client\\runtime\\libr
ary.js:121:6307)\n'[39m +
    [32m'    at 
Array.$allOperations (C:\\Users
\\Dushyant.Rahangdale\\Repo\\Op
sSentinal\\src\\lib\\prisma.ts:
11:40)\n'[39m +
    [32m'    at l (C:\\Users\\
Dushyant.Rahangdale\\Repo\\OpsS
entinal\\node_modules\\@prisma\
\client\\runtime\\library.js:13
0:9633)\n'[39m +
    [32m'    at C:\\Users\\Dus
hyant.Rahangdale\\Repo\\OpsSent
inal\\tests\\notification-syste
m.test.ts:26:9\n'[39m +
    [32m'    at callSuiteHook 
(file:///C:/Users/Dushyant.Raha
ngdale/Repo/OpsSentinal/node_mo
dules/@vitest/runner/dist/index
.js:964:22)\n'[39m +
    [32m'    at callSuiteHook 
(file:///C:/Users/Dushyant.Raha
ngdale/Repo/OpsSentinal/node_mo
dules/@vitest/runner/dist/index
.js:953:10)\n'[39m +
    [32m'    at runTest (file:
///C:/Users/Dushyant.Rahangdale
/Repo/OpsSentinal/node_modules/
@vitest/runner/dist/index.js:10
40:30)\n'[39m +
    [32m'    at runSuite (file
:///C:/Users/Dushyant.Rahangdal
e/Repo/OpsSentinal/node_modules
/@vitest/runner/dist/index.js:1
205:15)'[39m,
  params: [32m'{}'[39m,
  errorType: [32m'PrismaClient
InitializationError'[39m
}

[90mstderr[2m | tests/notific
ation-system.test.ts[2m > 
[22m[2mNotification System 
Tests[2m > [22m[2mWhatsApp 
Integration[2m > 
[22m[2mshould send WhatsApp 
notification via Twilio
[22m[39m[DB Monitor] Slow 
query detected: 2072ms { 
query: [32m'Notification.delet
eMany'[39m, params: {} }
[DB Monitor] Query error: {
  query: [32m'Notification.del
eteMany'[39m,
  message: [32m'\n'[39m +
    [32m'Invalid `prisma.notif
ication.deleteMany()` 
invocation:\n'[39m +
    [32m'\n'[39m +
    [32m'\n'[39m +
    [32m'Authentication 
failed against database server 
at `localhost`, the provided 
database credentials for 
`opssentinal` are not 
valid.\n'[39m +
    [32m'\n'[39m +
    [32m'Please make sure to 
provide valid database 
credentials for the database 
server at `localhost`.'[39m,
  code: [90mundefined[39m,
  meta: [90mundefined[39m,
  stack: [32m'PrismaClientInit
ializationError: \n'[39m +
    [32m'Invalid `prisma.notif
ication.deleteMany()` 
invocation:\n'[39m +
    [32m'\n'[39m +
    [32m'\n'[39m +
    [32m'Authentication 
failed against database server 
at `localhost`, the provided 
database credentials for 
`opssentinal` are not 
valid.\n'[39m +
    [32m'\n'[39m +
    [32m'Please make sure to 
provide valid database 
credentials for the database 
server at `localhost`.\n'[39m 
+
    [32m'    at 
$n.handleRequestError (C:\\User
s\\Dushyant.Rahangdale\\Repo\\O
psSentinal\\node_modules\\@pris
ma\\client\\runtime\\library.js
:121:7615)\n'[39m +
    [32m'    at 
$n.handleAndLogRequestError (C:
\\Users\\Dushyant.Rahangdale\\R
epo\\OpsSentinal\\node_modules\
\@prisma\\client\\runtime\\libr
ary.js:121:6623)\n'[39m +
    [32m'    at $n.request (C:
\\Users\\Dushyant.Rahangdale\\R
epo\\OpsSentinal\\node_modules\
\@prisma\\client\\runtime\\libr
ary.js:121:6307)\n'[39m +
    [32m'    at 
Array.$allOperations (C:\\Users
\\Dushyant.Rahangdale\\Repo\\Op
sSentinal\\src\\lib\\prisma.ts:
11:40)\n'[39m +
    [32m'    at l (C:\\Users\\
Dushyant.Rahangdale\\Repo\\OpsS
entinal\\node_modules\\@prisma\
\client\\runtime\\library.js:13
0:9633)\n'[39m +
    [32m'    at C:\\Users\\Dus
hyant.Rahangdale\\Repo\\OpsSent
inal\\tests\\notification-syste
m.test.ts:35:9\n'[39m +
    [32m'    at callSuiteHook 
(file:///C:/Users/Dushyant.Raha
ngdale/Repo/OpsSentinal/node_mo
dules/@vitest/runner/dist/index
.js:964:22)\n'[39m +
    [32m'    at callSuiteHook 
(file:///C:/Users/Dushyant.Raha
ngdale/Repo/OpsSentinal/node_mo
dules/@vitest/runner/dist/index
.js:970:10)\n'[39m +
    [32m'    at runTest (file:
///C:/Users/Dushyant.Rahangdale
/Repo/OpsSentinal/node_modules/
@vitest/runner/dist/index.js:10
85:9)\n'[39m +
    [32m'    at runSuite (file
:///C:/Users/Dushyant.Rahangdal
e/Repo/OpsSentinal/node_modules
/@vitest/runner/dist/index.js:1
205:15)'[39m,
  params: [32m'{}'[39m,
  errorType: [32m'PrismaClient
InitializationError'[39m
}

[90mstderr[2m | tests/notific
ation-system.test.ts[2m > 
[22m[2mNotification System 
Tests[2m > [22m[2mChannel 
Priority[2m > [22m[2mshould 
return channels in priority 
order: PUSH ΓåÆ SMS ΓåÆ 
WhatsApp ΓåÆ EMAIL
[22m[39m[DB Monitor] Slow 
query detected: 2049ms { 
query: [32m'Notification.delet
eMany'[39m, params: {} }
[DB Monitor] Query error: {
  query: [32m'Notification.del
eteMany'[39m,
  message: [32m'\n'[39m +
    [32m'Invalid `prisma.notif
ication.deleteMany()` 
invocation:\n'[39m +
    [32m'\n'[39m +
    [32m'\n'[39m +
    [32m'Authentication 
failed against database server 
at `localhost`, the provided 
database credentials for 
`opssentinal` are not 
valid.\n'[39m +
    [32m'\n'[39m +
    [32m'Please make sure to 
provide valid database 
credentials for the database 
server at `localhost`.'[39m,
  code: [90mundefined[39m,
  meta: [90mundefined[39m,
  stack: [32m'PrismaClientInit
ializationError: \n'[39m +
    [32m'Invalid `prisma.notif
ication.deleteMany()` 
invocation:\n'[39m +
    [32m'\n'[39m +
    [32m'\n'[39m +
    [32m'Authentication 
failed against database server 
at `localhost`, the provided 
database credentials for 
`opssentinal` are not 
valid.\n'[39m +
    [32m'\n'[39m +
    [32m'Please make sure to 
provide valid database 
credentials for the database 
server at `localhost`.\n'[39m 
+
    [32m'    at 
$n.handleRequestError (C:\\User
s\\Dushyant.Rahangdale\\Repo\\O
psSentinal\\node_modules\\@pris
ma\\client\\runtime\\library.js
:121:7615)\n'[39m +
    [32m'    at 
$n.handleAndLogRequestError (C:
\\Users\\Dushyant.Rahangdale\\R
epo\\OpsSentinal\\node_modules\
\@prisma\\client\\runtime\\libr
ary.js:121:6623)\n'[39m +
    [32m'    at $n.request (C:
\\Users\\Dushyant.Rahangdale\\R
epo\\OpsSentinal\\node_modules\
\@prisma\\client\\runtime\\libr
ary.js:121:6307)\n'[39m +
    [32m'    at 
Array.$allOperations (C:\\Users
\\Dushyant.Rahangdale\\Repo\\Op
sSentinal\\src\\lib\\prisma.ts:
11:40)\n'[39m +
    [32m'    at l (C:\\Users\\
Dushyant.Rahangdale\\Repo\\OpsS
entinal\\node_modules\\@prisma\
\client\\runtime\\library.js:13
0:9633)\n'[39m +
    [32m'    at C:\\Users\\Dus
hyant.Rahangdale\\Repo\\OpsSent
inal\\tests\\notification-syste
m.test.ts:26:9\n'[39m +
    [32m'    at callSuiteHook 
(file:///C:/Users/Dushyant.Raha
ngdale/Repo/OpsSentinal/node_mo
dules/@vitest/runner/dist/index
.js:964:22)\n'[39m +
    [32m'    at callSuiteHook 
(file:///C:/Users/Dushyant.Raha
ngdale/Repo/OpsSentinal/node_mo
dules/@vitest/runner/dist/index
.js:953:10)\n'[39m +
    [32m'    at runTest (file:
///C:/Users/Dushyant.Rahangdale
/Repo/OpsSentinal/node_modules/
@vitest/runner/dist/index.js:10
40:30)\n'[39m +
    [32m'    at runSuite (file
:///C:/Users/Dushyant.Rahangdal
e/Repo/OpsSentinal/node_modules
/@vitest/runner/dist/index.js:1
205:15)'[39m,
  params: [32m'{}'[39m,
  errorType: [32m'PrismaClient
InitializationError'[39m
}

[90mstderr[2m | tests/notific
ation-system.test.ts[2m > 
[22m[2mNotification System 
Tests[2m > [22m[2mChannel 
Priority[2m > [22m[2mshould 
return channels in priority 
order: PUSH ΓåÆ SMS ΓåÆ 
WhatsApp ΓåÆ EMAIL
[22m[39m[DB Monitor] Slow 
query detected: 2052ms { 
query: [32m'Notification.delet
eMany'[39m, params: {} }
[DB Monitor] Query error: {
  query: [32m'Notification.del
eteMany'[39m,
  message: [32m'\n'[39m +
    [32m'Invalid `prisma.notif
ication.deleteMany()` 
invocation:\n'[39m +
    [32m'\n'[39m +
    [32m'\n'[39m +
    [32m'Authentication 
failed against database server 
at `localhost`, the provided 
database credentials for 
`opssentinal` are not 
valid.\n'[39m +
    [32m'\n'[39m +
    [32m'Please make sure to 
provide valid database 
credentials for the database 
server at `localhost`.'[39m,
  code: [90mundefined[39m,
  meta: [90mundefined[39m,
  stack: [32m'PrismaClientInit
ializationError: \n'[39m +
    [32m'Invalid `prisma.notif
ication.deleteMany()` 
invocation:\n'[39m +
    [32m'\n'[39m +
    [32m'\n'[39m +
    [32m'Authentication 
failed against database server 
at `localhost`, the provided 
database credentials for 
`opssentinal` are not 
valid.\n'[39m +
    [32m'\n'[39m +
    [32m'Please make sure to 
provide valid database 
credentials for the database 
server at `localhost`.\n'[39m 
+
    [32m'    at 
$n.handleRequestError (C:\\User
s\\Dushyant.Rahangdale\\Repo\\O
psSentinal\\node_modules\\@pris
ma\\client\\runtime\\library.js
:121:7615)\n'[39m +
    [32m'    at 
$n.handleAndLogRequestError (C:
\\Users\\Dushyant.Rahangdale\\R
epo\\OpsSentinal\\node_modules\
\@prisma\\client\\runtime\\libr
ary.js:121:6623)\n'[39m +
    [32m'    at $n.request (C:
\\Users\\Dushyant.Rahangdale\\R
epo\\OpsSentinal\\node_modules\
\@prisma\\client\\runtime\\libr
ary.js:121:6307)\n'[39m +
    [32m'    at 
Array.$allOperations (C:\\Users
\\Dushyant.Rahangdale\\Repo\\Op
sSentinal\\src\\lib\\prisma.ts:
11:40)\n'[39m +
    [32m'    at l (C:\\Users\\
Dushyant.Rahangdale\\Repo\\OpsS
entinal\\node_modules\\@prisma\
\client\\runtime\\library.js:13
0:9633)\n'[39m +
    [32m'    at C:\\Users\\Dus
hyant.Rahangdale\\Repo\\OpsSent
inal\\tests\\notification-syste
m.test.ts:35:9\n'[39m +
    [32m'    at callSuiteHook 
(file:///C:/Users/Dushyant.Raha
ngdale/Repo/OpsSentinal/node_mo
dules/@vitest/runner/dist/index
.js:964:22)\n'[39m +
    [32m'    at callSuiteHook 
(file:///C:/Users/Dushyant.Raha
ngdale/Repo/OpsSentinal/node_mo
dules/@vitest/runner/dist/index
.js:970:10)\n'[39m +
    [32m'    at runTest (file:
///C:/Users/Dushyant.Rahangdale
/Repo/OpsSentinal/node_modules/
@vitest/runner/dist/index.js:10
85:9)\n'[39m +
    [32m'    at runSuite (file
:///C:/Users/Dushyant.Rahangdal
e/Repo/OpsSentinal/node_modules
/@vitest/runner/dist/index.js:1
205:15)'[39m,
  params: [32m'{}'[39m,
  errorType: [32m'PrismaClient
InitializationError'[39m
}

[90mstderr[2m | tests/notific
ation-system.test.ts[2m > 
[22m[2mNotification System 
Tests[2m > 
[22m[2mEscalation Step 
Channels[2m > [22m[2mshould 
use escalation step channels 
when configured
[22m[39m[DB Monitor] Slow 
query detected: 2058ms { 
query: [32m'Notification.delet
eMany'[39m, params: {} }
[DB Monitor] Query error: {
  query: [32m'Notification.del
eteMany'[39m,
  message: [32m'\n'[39m +
    [32m'Invalid `prisma.notif
ication.deleteMany()` 
invocation:\n'[39m +
    [32m'\n'[39m +
    [32m'\n'[39m +
    [32m'Authentication 
failed against database server 
at `localhost`, the provided 
database credentials for 
`opssentinal` are not 
valid.\n'[39m +
    [32m'\n'[39m +
    [32m'Please make sure to 
provide valid database 
credentials for the database 
server at `localhost`.'[39m,
  code: [90mundefined[39m,
  meta: [90mundefined[39m,
  stack: [32m'PrismaClientInit
ializationError: \n'[39m +
    [32m'Invalid `prisma.notif
ication.deleteMany()` 
invocation:\n'[39m +
    [32m'\n'[39m +
    [32m'\n'[39m +
    [32m'Authentication 
failed against database server 
at `localhost`, the provided 
database credentials for 
`opssentinal` are not 
valid.\n'[39m +
    [32m'\n'[39m +
    [32m'Please make sure to 
provide valid database 
credentials for the database 
server at `localhost`.\n'[39m 
+
    [32m'    at 
$n.handleRequestError (C:\\User
s\\Dushyant.Rahangdale\\Repo\\O
psSentinal\\node_modules\\@pris
ma\\client\\runtime\\library.js
:121:7615)\n'[39m +
    [32m'    at 
$n.handleAndLogRequestError (C:
\\Users\\Dushyant.Rahangdale\\R
epo\\OpsSentinal\\node_modules\
\@prisma\\client\\runtime\\libr
ary.js:121:6623)\n'[39m +
    [32m'    at $n.request (C:
\\Users\\Dushyant.Rahangdale\\R
epo\\OpsSentinal\\node_modules\
\@prisma\\client\\runtime\\libr
ary.js:121:6307)\n'[39m +
    [32m'    at 
Array.$allOperations (C:\\Users
\\Dushyant.Rahangdale\\Repo\\Op
sSentinal\\src\\lib\\prisma.ts:
11:40)\n'[39m +
    [32m'    at l (C:\\Users\\
Dushyant.Rahangdale\\Repo\\OpsS
entinal\\node_modules\\@prisma\
\client\\runtime\\library.js:13
0:9633)\n'[39m +
    [32m'    at C:\\Users\\Dus
hyant.Rahangdale\\Repo\\OpsSent
inal\\tests\\notification-syste
m.test.ts:26:9\n'[39m +
    [32m'    at callSuiteHook 
(file:///C:/Users/Dushyant.Raha
ngdale/Repo/OpsSentinal/node_mo
dules/@vitest/runner/dist/index
.js:964:22)\n'[39m +
    [32m'    at callSuiteHook 
(file:///C:/Users/Dushyant.Raha
ngdale/Repo/OpsSentinal/node_mo
dules/@vitest/runner/dist/index
.js:953:10)\n'[39m +
    [32m'    at runTest (file:
///C:/Users/Dushyant.Rahangdale
/Repo/OpsSentinal/node_modules/
@vitest/runner/dist/index.js:10
40:30)\n'[39m +
    [32m'    at runSuite (file
:///C:/Users/Dushyant.Rahangdal
e/Repo/OpsSentinal/node_modules
/@vitest/runner/dist/index.js:1
205:15)'[39m,
  params: [32m'{}'[39m,
  errorType: [32m'PrismaClient
InitializationError'[39m
}

[90mstderr[2m | tests/notific
ation-system.test.ts[2m > 
[22m[2mNotification System 
Tests[2m > 
[22m[2mEscalation Step 
Channels[2m > [22m[2mshould 
use escalation step channels 
when configured
[22m[39m[DB Monitor] Slow 
query detected: 2063ms { 
query: [32m'Notification.delet
eMany'[39m, params: {} }
[DB Monitor] Query error: {
  query: [32m'Notification.del
eteMany'[39m,
  message: [32m'\n'[39m +
    [32m'Invalid `prisma.notif
ication.deleteMany()` 
invocation:\n'[39m +
    [32m'\n'[39m +
    [32m'\n'[39m +
    [32m'Authentication 
failed against database server 
at `localhost`, the provided 
database credentials for 
`opssentinal` are not 
valid.\n'[39m +
    [32m'\n'[39m +
    [32m'Please make sure to 
provide valid database 
credentials for the database 
server at `localhost`.'[39m,
  code: [90mundefined[39m,
  meta: [90mundefined[39m,
  stack: [32m'PrismaClientInit
ializationError: \n'[39m +
    [32m'Invalid `prisma.notif
ication.deleteMany()` 
invocation:\n'[39m +
    [32m'\n'[39m +
    [32m'\n'[39m +
    [32m'Authentication 
failed against database server 
at `localhost`, the provided 
database credentials for 
`opssentinal` are not 
valid.\n'[39m +
    [32m'\n'[39m +
    [32m'Please make sure to 
provide valid database 
credentials for the database 
server at `localhost`.\n'[39m 
+
    [32m'    at 
$n.handleRequestError (C:\\User
s\\Dushyant.Rahangdale\\Repo\\O
psSentinal\\node_modules\\@pris
ma\\client\\runtime\\library.js
:121:7615)\n'[39m +
    [32m'    at 
$n.handleAndLogRequestError (C:
\\Users\\Dushyant.Rahangdale\\R
epo\\OpsSentinal\\node_modules\
\@prisma\\client\\runtime\\libr
ary.js:121:6623)\n'[39m +
    [32m'    at $n.request (C:
\\Users\\Dushyant.Rahangdale\\R
epo\\OpsSentinal\\node_modules\
\@prisma\\client\\runtime\\libr
ary.js:121:6307)\n'[39m +
    [32m'    at 
Array.$allOperations (C:\\Users
\\Dushyant.Rahangdale\\Repo\\Op
sSentinal\\src\\lib\\prisma.ts:
11:40)\n'[39m +
    [32m'    at l (C:\\Users\\
Dushyant.Rahangdale\\Repo\\OpsS
entinal\\node_modules\\@prisma\
\client\\runtime\\library.js:13
0:9633)\n'[39m +
    [32m'    at C:\\Users\\Dus
hyant.Rahangdale\\Repo\\OpsSent
inal\\tests\\notification-syste
m.test.ts:35:9\n'[39m +
    [32m'    at callSuiteHook 
(file:///C:/Users/Dushyant.Raha
ngdale/Repo/OpsSentinal/node_mo
dules/@vitest/runner/dist/index
.js:964:22)\n'[39m +
    [32m'    at callSuiteHook 
(file:///C:/Users/Dushyant.Raha
ngdale/Repo/OpsSentinal/node_mo
dules/@vitest/runner/dist/index
.js:970:10)\n'[39m +
    [32m'    at runTest (file:
///C:/Users/Dushyant.Rahangdale
/Repo/OpsSentinal/node_modules/
@vitest/runner/dist/index.js:10
85:9)\n'[39m +
    [32m'    at runSuite (file
:///C:/Users/Dushyant.Rahangdal
e/Repo/OpsSentinal/node_modules
/@vitest/runner/dist/index.js:1
205:15)'[39m,
  params: [32m'{}'[39m,
  errorType: [32m'PrismaClient
InitializationError'[39m
}

 [31mΓ¥»[39m tests/notification-system.test.ts [2m([22m[2m13 tests[22m[2m | [22m[31m13 failed[39m[2m)[22m[33m 53394[2mms[22m[39m
[31m   [31m├ù[31m Notification System Tests[2m > [22mService Notification Isolation[2m > [22mshould send service notifications using only service-configured channels[33m 4139[2mms[22m[31m[39m
[31m     ΓåÆ 
Invalid `prisma.notification.deleteMany()` invocation:


Authentication failed against database server at `localhost`, the provided database credentials for `opssentinal` are not valid.

Please make sure to provide valid database credentials for the database server at `localhost`.[39m
[31m     ΓåÆ 
Invalid `prisma.notification.deleteMany()` invocation:


Authentication failed against database server at `localhost`, the provided database credentials for `opssentinal` are not valid.

Please make sure to provide valid database credentials for the database server at `localhost`.[39m
[31m   [31m├ù[31m Notification System Tests[2m > [22mSchedule Escalation - Multiple On-Call Users[2m > [22mshould return all active on-call users from all layers[33m 4113[2mms[22m[31m[39m
[31m     ΓåÆ 
Invalid `prisma.notification.deleteMany()` invocation:


Authentication failed against database server at `localhost`, the provided database credentials for `opssentinal` are not valid.

Please make sure to provide valid database credentials for the database server at `localhost`.[39m
[31m     ΓåÆ 
Invalid `prisma.notification.deleteMany()` invocation:


Authentication failed against database server at `localhost`, the provided database credentials for `opssentinal` are not valid.

Please make sure to provide valid database credentials for the database server at `localhost`.[39m
[31m   [31m├ù[31m Notification System Tests[2m > [22mTeam Lead Functionality[2m > [22mshould return only team lead when notifyOnlyTeamLead is true[33m 4100[2mms[22m[31m[39m
[31m     ΓåÆ 
Invalid `prisma.notification.deleteMany()` invocation:


Authentication failed against database server at `localhost`, the provided database credentials for `opssentinal` are not valid.

Please make sure to provide valid database credentials for the database server at `localhost`.[39m
[31m     ΓåÆ 
Invalid `prisma.notification.deleteMany()` invocation:


Authentication failed against database server at `localhost`, the provided database credentials for `opssentinal` are not valid.

Please make sure to provide valid database credentials for the database server at `localhost`.[39m
[31m   [31m├ù[31m Notification System Tests[2m > [22mTeam Lead Functionality[2m > [22mshould return no users when team lead has team notifications disabled[33m 4099[2mms[22m[31m[39m
[31m     ΓåÆ 
Invalid `prisma.notification.deleteMany()` invocation:


Authentication failed against database server at `localhost`, the provided database credentials for `opssentinal` are not valid.

Please make sure to provide valid database credentials for the database server at `localhost`.[39m
[31m     ΓåÆ 
Invalid `prisma.notification.deleteMany()` invocation:


Authentication failed against database server at `localhost`, the provided database credentials for `opssentinal` are not valid.

Please make sure to provide valid database credentials for the database server at `localhost`.[39m
[31m   [31m├ù[31m Notification System Tests[2m > [22mTeam Lead Functionality[2m > [22mshould return all team members when notifyOnlyTeamLead is false[33m 4085[2mms[22m[31m[39m
[31m     ΓåÆ 
Invalid `prisma.notification.deleteMany()` invocation:


Authentication failed against database server at `localhost`, the provided database credentials for `opssentinal` are not valid.

Please make sure to provide valid database credentials for the database server at `localhost`.[39m
[31m     ΓåÆ 
Invalid `prisma.notification.deleteMany()` invocation:


Authentication failed against database server at `localhost`, the provided database credentials for `opssentinal` are not valid.

Please make sure to provide valid database credentials for the database server at `localhost`.[39m
[31m   [31m├ù[31m Notification System Tests[2m > [22mSlack Integration[2m > [22mshould send Slack notification via webhook[33m 4110[2mms[22m[31m[39m
[31m     ΓåÆ 
Invalid `prisma.notification.deleteMany()` invocation:


Authentication failed against database server at `localhost`, the provided database credentials for `opssentinal` are not valid.

Please make sure to provide valid database credentials for the database server at `localhost`.[39m
[31m     ΓåÆ 
Invalid `prisma.notification.deleteMany()` invocation:


Authentication failed against database server at `localhost`, the provided database credentials for `opssentinal` are not valid.

Please make sure to provide valid database credentials for the database server at `localhost`.[39m
[31m   [31m├ù[31m Notification System Tests[2m > [22mSlack Integration[2m > [22mshould send Slack message to channel via API[33m 4093[2mms[22m[31m[39m
[31m     ΓåÆ 
Invalid `prisma.notification.deleteMany()` invocation:


Authentication failed against database server at `localhost`, the provided database credentials for `opssentinal` are not valid.

Please make sure to provide valid database credentials for the database server at `localhost`.[39m
[31m     ΓåÆ 
Invalid `prisma.notification.deleteMany()` invocation:


Authentication failed against database server at `localhost`, the provided database credentials for `opssentinal` are not valid.

Please make sure to provide valid database credentials for the database server at `localhost`.[39m
[31m   [31m├ù[31m Notification System Tests[2m > [22mWebhook Formatters[2m > [22mshould format Google Chat payload correctly[33m 4127[2mms[22m[31m[39m
[31m     ΓåÆ 
Invalid `prisma.notification.deleteMany()` invocation:


Authentication failed against database server at `localhost`, the provided database credentials for `opssentinal` are not valid.

Please make sure to provide valid database credentials for the database server at `localhost`.[39m
[31m     ΓåÆ 
Invalid `prisma.notification.deleteMany()` invocation:


Authentication failed against database server at `localhost`, the provided database credentials for `opssentinal` are not valid.

Please make sure to provide valid database credentials for the database server at `localhost`.[39m
[31m   [31m├ù[31m Notification System Tests[2m > [22mWebhook Formatters[2m > [22mshould format Microsoft Teams payload correctly[33m 4103[2mms[22m[31m[39m
[31m     ΓåÆ 
Invalid `prisma.notification.deleteMany()` invocation:


Authentication failed against database server at `localhost`, the provided database credentials for `opssentinal` are not valid.

Please make sure to provide valid database credentials for the database server at `localhost`.[39m
[31m     ΓåÆ 
Invalid `prisma.notification.deleteMany()` invocation:


Authentication failed against database server at `localhost`, the provided database credentials for `opssentinal` are not valid.

Please make sure to provide valid database credentials for the database server at `localhost`.[39m
[31m   [31m├ù[31m Notification System Tests[2m > [22mWebhook Formatters[2m > [22mshould format Discord payload correctly[33m 4079[2mms[22m[31m[39m
[31m     ΓåÆ 
Invalid `prisma.notification.deleteMany()` invocation:


Authentication failed against database server at `localhost`, the provided database credentials for `opssentinal` are not valid.

Please make sure to provide valid database credentials for the database server at `localhost`.[39m
[31m     ΓåÆ 
Invalid `prisma.notification.deleteMany()` invocation:


Authentication failed against database server at `localhost`, the provided database credentials for `opssentinal` are not valid.

Please make sure to provide valid database credentials for the database server at `localhost`.[39m
[31m   [31m├ù[31m Notification System Tests[2m > [22mWhatsApp Integration[2m > [22mshould send WhatsApp notification via Twilio[33m 4115[2mms[22m[31m[39m
[31m     ΓåÆ 
Invalid `prisma.notification.deleteMany()` invocation:


Authentication failed against database server at `localhost`, the provided database credentials for `opssentinal` are not valid.

Please make sure to provide valid database credentials for the database server at `localhost`.[39m
[31m     ΓåÆ 
Invalid `prisma.notification.deleteMany()` invocation:


Authentication failed against database server at `localhost`, the provided database credentials for `opssentinal` are not valid.

Please make sure to provide valid database credentials for the database server at `localhost`.[39m
[31m   [31m├ù[31m Notification System Tests[2m > [22mChannel Priority[2m > [22mshould return channels in priority order: PUSH ΓåÆ SMS ΓåÆ WhatsApp ΓåÆ EMAIL[33m 4102[2mms[22m[31m[39m
[31m     ΓåÆ 
Invalid `prisma.notification.deleteMany()` invocation:


Authentication failed against database server at `localhost`, the provided database credentials for `opssentinal` are not valid.

Please make sure to provide valid database credentials for the database server at `localhost`.[39m
[31m     ΓåÆ 
Invalid `prisma.notification.deleteMany()` invocation:


Authentication failed against database server at `localhost`, the provided database credentials for `opssentinal` are not valid.

Please make sure to provide valid database credentials for the database server at `localhost`.[39m
[31m   [31m├ù[31m Notification System Tests[2m > [22mEscalation Step Channels[2m > [22mshould use escalation step channels when configured[33m 4124[2mms[22m[31m[39m
[31m     ΓåÆ 
Invalid `prisma.notification.deleteMany()` invocation:


Authentication failed against database server at `localhost`, the provided database credentials for `opssentinal` are not valid.

Please make sure to provide valid database credentials for the database server at `localhost`.[39m
[31m     ΓåÆ 
Invalid `prisma.notification.deleteMany()` invocation:


Authentication failed against database server at `localhost`, the provided database credentials for `opssentinal` are not valid.

Please make sure to provide valid database credentials for the database server at `localhost`.[39m

[31mΓÄ»ΓÄ»ΓÄ»ΓÄ»ΓÄ»ΓÄ»[1m[7m
 Failed Suites 5 [27m[22mΓÄ»Γ
Ä»ΓÄ»ΓÄ»ΓÄ»ΓÄ»ΓÄ»[39m

[31m[1m[7m FAIL 
[27m[22m[39m tests/hooks/use
Realtime.test.ts[2m [ tests/ho
oks/useRealtime.test.ts ][22m
[31m[1m[7m FAIL 
[27m[22m[39m tests/component
s/DashboardRealtimeWrapper.test
.tsx[2m [ tests/components/Das
hboardRealtimeWrapper.test.tsx 
][22m
[31m[1m[7m FAIL 
[27m[22m[39m tests/component
s/SkipLinks.test.tsx[2m [ test
s/components/SkipLinks.test.tsx
 ][22m
[31m[1m[7m FAIL 
[27m[22m[39m tests/component
s/ThemeToggle.test.tsx[2m [ te
sts/components/ThemeToggle.test
.tsx ][22m
[31m[1m[7m FAIL 
[27m[22m[39m tests/integrati
on/status-page-css.test.tsx[2m
 [ tests/integration/status-pag
e-css.test.tsx ][22m
[31m[1mError[22m: Cannot 
find module 
'@testing-library/dom'
Require stack:
- C:\Users\Dushyant.Rahangdale\
Repo\OpsSentinal\node_modules\@
testing-library\react\dist\pure
.js[39m
[90m [2mΓ¥»[22m 
Object.<anonymous> node_modules
/@testing-library/react/dist/pu
re.js:[2m46:12[22m[39m

[31m[2mΓÄ»ΓÄ»ΓÄ»ΓÄ»ΓÄ»ΓÄ»ΓÄ»Γ
Ä»ΓÄ»ΓÄ»ΓÄ»ΓÄ»ΓÄ»ΓÄ»ΓÄ»ΓÄ»ΓÄ»ΓÄ
»ΓÄ»ΓÄ»ΓÄ»ΓÄ»ΓÄ»[1/40]ΓÄ»[22m
[39m

[31mΓÄ»ΓÄ»ΓÄ»ΓÄ»ΓÄ»ΓÄ»[1m[7m
 Failed Tests 19 [27m[22mΓÄ»Γ
Ä»ΓÄ»ΓÄ»ΓÄ»ΓÄ»ΓÄ»[39m

[31m[1m[7m FAIL 
[27m[22m[39m tests/notificat
ion-system.test.ts[2m > 
[22mNotification System 
Tests[2m > [22mService 
Notification Isolation[2m > 
[22mshould send service 
notifications using only 
service-configured channels
[31m[1m[7m FAIL 
[27m[22m[39m tests/notificat
ion-system.test.ts[2m > 
[22mNotification System 
Tests[2m > [22mSchedule 
Escalation - Multiple On-Call 
Users[2m > [22mshould return 
all active on-call users from 
all layers
[31m[1m[7m FAIL 
[27m[22m[39m tests/notificat
ion-system.test.ts[2m > 
[22mNotification System 
Tests[2m > [22mTeam Lead 
Functionality[2m > 
[22mshould return only team 
lead when notifyOnlyTeamLead 
is true
[31m[1m[7m FAIL 
[27m[22m[39m tests/notificat
ion-system.test.ts[2m > 
[22mNotification System 
Tests[2m > [22mTeam Lead 
Functionality[2m > 
[22mshould return no users 
when team lead has team 
notifications disabled
[31m[1m[7m FAIL 
[27m[22m[39m tests/notificat
ion-system.test.ts[2m > 
[22mNotification System 
Tests[2m > [22mTeam Lead 
Functionality[2m > 
[22mshould return all team 
members when 
notifyOnlyTeamLead is false
[31m[1m[7m FAIL 
[27m[22m[39m tests/notificat
ion-system.test.ts[2m > 
[22mNotification System 
Tests[2m > [22mSlack 
Integration[2m > [22mshould 
send Slack notification via 
webhook
[31m[1m[7m FAIL 
[27m[22m[39m tests/notificat
ion-system.test.ts[2m > 
[22mNotification System 
Tests[2m > [22mSlack 
Integration[2m > [22mshould 
send Slack message to channel 
via API
[31m[1m[7m FAIL 
[27m[22m[39m tests/notificat
ion-system.test.ts[2m > 
[22mNotification System 
Tests[2m > [22mWebhook 
Formatters[2m > [22mshould 
format Google Chat payload 
correctly
[31m[1m[7m FAIL 
[27m[22m[39m tests/notificat
ion-system.test.ts[2m > 
[22mNotification System 
Tests[2m > [22mWebhook 
Formatters[2m > [22mshould 
format Microsoft Teams payload 
correctly
[31m[1m[7m FAIL 
[27m[22m[39m tests/notificat
ion-system.test.ts[2m > 
[22mNotification System 
Tests[2m > [22mWebhook 
Formatters[2m > [22mshould 
format Discord payload 
correctly
[31m[1m[7m FAIL 
[27m[22m[39m tests/notificat
ion-system.test.ts[2m > 
[22mNotification System 
Tests[2m > [22mWhatsApp 
Integration[2m > [22mshould 
send WhatsApp notification via 
Twilio
[31m[1m[7m FAIL 
[27m[22m[39m tests/notificat
ion-system.test.ts[2m > 
[22mNotification System 
Tests[2m > [22mChannel 
Priority[2m > [22mshould 
return channels in priority 
order: PUSH ΓåÆ SMS ΓåÆ 
WhatsApp ΓåÆ EMAIL
[31m[1m[7m FAIL 
[27m[22m[39m tests/notificat
ion-system.test.ts[2m > 
[22mNotification System 
Tests[2m > [22mEscalation 
Step Channels[2m > 
[22mshould use escalation 
step channels when configured
[31m[1mPrismaClientInitializa
tionError[22m: 
Invalid `prisma.notification.de
leteMany()` invocation:


Authentication failed against 
database server at 
`localhost`, the provided 
database credentials for 
`opssentinal` are not valid.

Please make sure to provide 
valid database credentials for 
the database server at 
`localhost`.[39m
[90m [2mΓ¥»[22m 
$n.handleRequestError node_modu
les/@prisma/client/runtime/libr
ary.js:[2m121:7615[22m[39m
[90m [2mΓ¥»[22m 
$n.handleAndLogRequestError nod
e_modules/@prisma/client/runtim
e/library.js:[2m121:6623[22m
[39m
[90m [2mΓ¥»[22m $n.request n
ode_modules/@prisma/client/runt
ime/library.js:[2m121:6307[22
m[39m
[36m [2mΓ¥»[22m 
Array.$allOperations src/lib/pr
isma.ts:[2m11:40[22m[39m
    [90m  9| [39m            
        [35mconst[39m start 
[33m=[39m [33mDate[39m[33m
.[39m[34mnow[39m()
    [90m 10| [39m            
        [35mtry[39m {
    [90m 11| [39m            
            [35mconst[39m 
result [33m=[39m 
[35mawait[39m 
[34mquery[39m(args)
    [90m   | [39m            
                           
[31m^[39m
    [90m 12| [39m            
            [35mconst[39m 
duration [33m=[39m [33mDate
[39m[33m.[39m[34mnow[39m() 
[33m-[39m start
    [90m 13| [39m            
            [90m// 
console.log(`[Prisma Monitor] 
${model}.${op[39mΓÇª
[90m [2mΓ¥»[22m l node_modul
es/@prisma/client/runtime/libra
ry.js:[2m130:9633[22m[39m
[90m [2mΓ¥»[22m tests/notifi
cation-system.test.ts:[2m26:9
[22m[39m

[31m[2mΓÄ»ΓÄ»ΓÄ»ΓÄ»ΓÄ»ΓÄ»ΓÄ»Γ
Ä»ΓÄ»ΓÄ»ΓÄ»ΓÄ»ΓÄ»ΓÄ»ΓÄ»ΓÄ»ΓÄ»ΓÄ
»ΓÄ»ΓÄ»ΓÄ»ΓÄ»ΓÄ»[2/40]ΓÄ»[22m
[39m

[31m[1m[7m FAIL 
[27m[22m[39m tests/notificat
ion-system.test.ts[2m > 
[22mNotification System 
Tests[2m > [22mService 
Notification Isolation[2m > 
[22mshould send service 
notifications using only 
service-configured channels
[31m[1m[7m FAIL 
[27m[22m[39m tests/notificat
ion-system.test.ts[2m > 
[22mNotification System 
Tests[2m > [22mSchedule 
Escalation - Multiple On-Call 
Users[2m > [22mshould return 
all active on-call users from 
all layers
[31m[1m[7m FAIL 
[27m[22m[39m tests/notificat
ion-system.test.ts[2m > 
[22mNotification System 
Tests[2m > [22mTeam Lead 
Functionality[2m > 
[22mshould return only team 
lead when notifyOnlyTeamLead 
is true
[31m[1m[7m FAIL 
[27m[22m[39m tests/notificat
ion-system.test.ts[2m > 
[22mNotification System 
Tests[2m > [22mTeam Lead 
Functionality[2m > 
[22mshould return no users 
when team lead has team 
notifications disabled
[31m[1m[7m FAIL 
[27m[22m[39m tests/notificat
ion-system.test.ts[2m > 
[22mNotification System 
Tests[2m > [22mTeam Lead 
Functionality[2m > 
[22mshould return all team 
members when 
notifyOnlyTeamLead is false
[31m[1m[7m FAIL 
[27m[22m[39m tests/notificat
ion-system.test.ts[2m > 
[22mNotification System 
Tests[2m > [22mSlack 
Integration[2m > [22mshould 
send Slack notification via 
webhook
[31m[1m[7m FAIL 
[27m[22m[39m tests/notificat
ion-system.test.ts[2m > 
[22mNotification System 
Tests[2m > [22mSlack 
Integration[2m > [22mshould 
send Slack message to channel 
via API
[31m[1m[7m FAIL 
[27m[22m[39m tests/notificat
ion-system.test.ts[2m > 
[22mNotification System 
Tests[2m > [22mWebhook 
Formatters[2m > [22mshould 
format Google Chat payload 
correctly
[31m[1m[7m FAIL 
[27m[22m[39m tests/notificat
ion-system.test.ts[2m > 
[22mNotification System 
Tests[2m > [22mWebhook 
Formatters[2m > [22mshould 
format Microsoft Teams payload 
correctly
[31m[1m[7m FAIL 
[27m[22m[39m tests/notificat
ion-system.test.ts[2m > 
[22mNotification System 
Tests[2m > [22mWebhook 
Formatters[2m > [22mshould 
format Discord payload 
correctly
[31m[1m[7m FAIL 
[27m[22m[39m tests/notificat
ion-system.test.ts[2m > 
[22mNotification System 
Tests[2m > [22mWhatsApp 
Integration[2m > [22mshould 
send WhatsApp notification via 
Twilio
[31m[1m[7m FAIL 
[27m[22m[39m tests/notificat
ion-system.test.ts[2m > 
[22mNotification System 
Tests[2m > [22mChannel 
Priority[2m > [22mshould 
return channels in priority 
order: PUSH ΓåÆ SMS ΓåÆ 
WhatsApp ΓåÆ EMAIL
[31m[1m[7m FAIL 
[27m[22m[39m tests/notificat
ion-system.test.ts[2m > 
[22mNotification System 
Tests[2m > [22mEscalation 
Step Channels[2m > 
[22mshould use escalation 
step channels when configured
[31m[1mPrismaClientInitializa
tionError[22m: 
Invalid `prisma.notification.de
leteMany()` invocation:


Authentication failed against 
database server at 
`localhost`, the provided 
database credentials for 
`opssentinal` are not valid.

Please make sure to provide 
valid database credentials for 
the database server at 
`localhost`.[39m
[90m [2mΓ¥»[22m 
$n.handleRequestError node_modu
les/@prisma/client/runtime/libr
ary.js:[2m121:7615[22m[39m
[90m [2mΓ¥»[22m 
$n.handleAndLogRequestError nod
e_modules/@prisma/client/runtim
e/library.js:[2m121:6623[22m
[39m
[90m [2mΓ¥»[22m $n.request n
ode_modules/@prisma/client/runt
ime/library.js:[2m121:6307[22
m[39m
[36m [2mΓ¥»[22m 
Array.$allOperations src/lib/pr
isma.ts:[2m11:40[22m[39m
    [90m  9| [39m            
        [35mconst[39m start 
[33m=[39m [33mDate[39m[33m
.[39m[34mnow[39m()
    [90m 10| [39m            
        [35mtry[39m {
    [90m 11| [39m            
            [35mconst[39m 
result [33m=[39m 
[35mawait[39m 
[34mquery[39m(args)
    [90m   | [39m            
                           
[31m^[39m
    [90m 12| [39m            
            [35mconst[39m 
duration [33m=[39m [33mDate
[39m[33m.[39m[34mnow[39m() 
[33m-[39m start
    [90m 13| [39m            
            [90m// 
console.log(`[Prisma Monitor] 
${model}.${op[39mΓÇª
[90m [2mΓ¥»[22m l node_modul
es/@prisma/client/runtime/libra
ry.js:[2m130:9633[22m[39m
[90m [2mΓ¥»[22m tests/notifi
cation-system.test.ts:[2m35:9
[22m[39m

[31m[2mΓÄ»ΓÄ»ΓÄ»ΓÄ»ΓÄ»ΓÄ»ΓÄ»Γ
Ä»ΓÄ»ΓÄ»ΓÄ»ΓÄ»ΓÄ»ΓÄ»ΓÄ»ΓÄ»ΓÄ»ΓÄ
»ΓÄ»ΓÄ»ΓÄ»ΓÄ»ΓÄ»[3/40]ΓÄ»[22m
[39m

[31m[1m[7m FAIL 
[27m[22m[39m tests/lib/statu
s-page-email-templates.test.ts
[2m > [22mStatus Page Email 
Templates[2m > [22mgetInciden
tResolvedTemplate[2m > 
[22mshould generate resolved 
email with all fields
[31m[1mAssertionError[22m: 
expected '<!DOCTYPE 
html>\n<html lang="en" 
xmlnΓÇª' to contain 'https://st
atus.example.com/incidents/ΓÇª'
[39m

[32m- Expected[39m
[31m+ Received[39m

[32m- https://status.example.c
om/incidents/123[39m
[31m+ <!DOCTYPE html>[39m
[31m+ <html lang="en" xmlns="h
ttp://www.w3.org/1999/xhtml" xm
lns:v="urn:schemas-microsoft-co
m:vml" xmlns:o="urn:schemas-mic
rosoft-com:office:office">[39m
[31m+ <head>[39m
[31m+     <meta 
charset="utf-8">[39m
[31m+     <meta 
name="viewport" 
content="width=device-width, 
initial-scale=1.0">[39m
[31m+     <meta name="x-apple-
disable-message-reformatting">
[39m
[31m+     <meta 
http-equiv="X-UA-Compatible" 
content="IE=edge">[39m
[31m+     <title>opssentinal 
Notification</title>[39m
[31m+     <!--[if gte mso 
9]>[39m
[31m+     <xml>[39m
[31m+         
<o:OfficeDocumentSettings>[39m
[31m+             
<o:AllowPNG/>[39m
[31m+             <o:PixelsPer
Inch>96</o:PixelsPerInch>[39m
[31m+         </o:OfficeDocume
ntSettings>[39m
[31m+     </xml>[39m
[31m+     <![endif]-->[39m
[31m+     <style 
type="text/css">[39m
[31m+         @media only 
screen and (max-width: 600px) 
{[39m
[31m+             
.mobile-padding { padding: 
20px !important; }[39m
[31m+             
.mobile-text-center { 
text-align: center !important; 
}[39m
[31m+             
.mobile-full-width { width: 
100% !important; max-width: 
100% !important; }[39m
[31m+             
.mobile-hide { display: none 
!important; }[39m
[31m+             
.mobile-font-large { 
font-size: 24px !important; 
line-height: 1.3 !important; 
}[39m
[31m+             
.mobile-font-medium { 
font-size: 16px !important; 
}[39m
[31m+             
.mobile-font-small { 
font-size: 14px !important; 
}[39m
[31m+             
.mobile-button { width: 100% 
!important; display: block 
!important; }[39m
[31m+             
.mobile-button a { width: 100% 
!important; display: block 
!important; box-sizing: 
border-box !important; }[39m
[31m+             
.mobile-header-padding { 
padding: 32px 20px !important; 
}[39m
[31m+             
.mobile-logo-name { font-size: 
24px !important; }[39m
[31m+             .wrapper { 
padding: 20px !important; 
}[39m
[31m+         }[39m
[31m+     </style>[39m
[31m+ </head>[39m
[31m+ <body style="margin: 0; 
padding: 0; background-color: 
#f3f4f6; font-family: 
-apple-system, 
BlinkMacSystemFont, 'Segoe 
UI', Roboto, Helvetica, Arial, 
sans-serif; 
-webkit-font-smoothing: 
antialiased; color: 
#1f2937;">[39m
[31m+     <center>[39m
[31m+         <table 
role="presentation" 
cellspacing="0" 
cellpadding="0" border="0" 
width="100%" style="width: 
100%; background-color: 
#f3f4f6;">[39m
[31m+             <tr>[39m
[31m+                 <td 
align="center" style="padding: 
40px 20px;" 
class="wrapper">[39m
[31m+                     
<!--[if mso]>[39m
[31m+                     
<table role="presentation" 
width="900" align="center" 
style="width:900px;">[39m
[31m+                     
<tr>[39m
[31m+                     <td 
style="padding:0;">[39m
[31m+                     
<![endif]-->[39m
[31m+                     
<table role="presentation" 
cellspacing="0" 
cellpadding="0" border="0" 
align="center" 
class="mobile-full-width" 
style="max-width: 900px; 
width: 100%; margin: 0 auto; 
background-color: #ffffff; 
border-radius: 14px; overflow: 
hidden; box-shadow: 0 12px 
32px rgba(15, 23, 42, 
0.14);">[39m
[31m+                         
<tr>[39m
[31m+                         
    <td style="padding: 
0;">[39m
[31m+                         
        [39m
[31m+         <table 
role="presentation" 
cellspacing="0" 
cellpadding="0" border="0" 
width="100%">[39m
[31m+     <tr>[39m
[31m+         <td 
class="mobile-header-padding" 
style="background: 
linear-gradient(135deg, 
#166534 0%, #16a34a 45%, 
#22c55e 100%); padding: 48px 
44px; text-align: left; 
position: relative;">[39m
[31m+             <!-- Logo 
with Brand Name -->[39m
[31m+             <div 
style="margin-bottom: 
32px;">[39m
[31m+                 <!--[if 
mso]>[39m
[31m+                 <table 
role="presentation" 
align="left"><tr><td>[39m
[31m+                 
<![endif]-->[39m
[31m+                 <table 
role="presentation" 
cellspacing="0" 
cellpadding="0" border="0" 
align="left" style="margin: 
0;">[39m
[31m+                     
<tr>[39m
[31m+                         
<td style="padding-right: 
12px; vertical-align: 
middle;">[39m
[31m+                         
    <img src="http://localhost:
3000/logo.png" width="56" 
height="56" alt="opssentinal" 
style="display: block; width: 
56px; height: 56px; border: 0; 
outline: none; 
text-decoration: none; 
-ms-interpolation-mode: 
bicubic;" />[39m
[31m+                         
</td>[39m
[31m+                         
<td style="vertical-align: 
middle;">[39m
[31m+                         
    <span 
class="mobile-logo-name" 
style="font-size: 24px; 
font-weight: 700; color: 
#ffffff; letter-spacing: 
-0.01em; font-family: 'Space 
Grotesk', -apple-system, 
BlinkMacSystemFont, 
sans-serif; white-space: nowrap
;">opssentinal</span>[39m
[31m+                         
</td>[39m
[31m+                     
</tr>[39m
[31m+                 
</table>[39m
[31m+                 <!--[if 
mso]>[39m
[31m+                 
</td></tr></table>[39m
[31m+                 
<![endif]-->[39m
[31m+                 <div 
style="clear: 
both;"></div>[39m
[31m+             </div>[39m
[31m+             [39m
[31m+             <!-- Title 
-->[39m
[31m+             <h1 
class="mobile-font-large" 
style="margin: 0 0 10px 0; 
color: #ffffff; font-size: 
30px; font-weight: 700; 
letter-spacing: -0.01em; 
line-height: 1.25;">[39m
[31m+                 
Incident Resolved[39m
[31m+             </h1>[39m
[31m+             [39m
[31m+             [39m
[31m+             <!-- 
Subtitle -->[39m
[31m+             <p 
class="mobile-font-small" 
style="margin: 0; color: 
rgba(255, 255, 255, 0.85); 
font-size: 15px; font-weight: 
500;">[39m
[31m+                 Test 
Status Page[39m
[31m+             </p>[39m
[31m+             [39m
[31m+         </td>[39m
[31m+     </tr>[39m
[31m+ </table>[39m
[31m+         <table 
role="presentation" 
cellspacing="0" 
cellpadding="0" border="0" 
width="100%">[39m
[31m+     <tr>[39m
[31m+         <td 
class="mobile-padding" 
style="padding: 52px 44px; 
background: #ffffff;">[39m
[31m+             [39m
[31m+             <!-- Status 
Badge -->[39m
[31m+             <div 
style="text-align: center; 
margin-bottom: 32px;">[39m
[31m+                 <div 
style="display: inline-flex; 
align-items: center; gap: 
10px; background: #16a34a; 
color: #ffffff; padding: 12px 
24px; border-radius: 999px; 
font-size: 14px; font-weight: 
700; text-transform: 
uppercase; letter-spacing: 
0.08em; box-shadow: 0 4px 14px 
rgba(22, 163, 74, 0.3), 0 0 0 
1px rgba(255, 255, 255, 0.1) 
inset;">[39m
[31m+     <span style="width: 
8px; height: 8px; 
border-radius: 50%; 
background: #ffffff; 
box-shadow: 0 0 12px rgba(255, 
255, 255, 0.8);"></span>[39m
[31m+     
<span>RESOLVED</span>[39m
[31m+ </div>[39m
[31m+             </div>[39m
[31m+             [39m
[31m+             <!-- 
Success Icon -->[39m
[31m+             <div 
style="text-align: center; 
margin: 40px 0;">[39m
[31m+                 <div 
style="display: inline-block; 
width: 96px; height: 96px; 
background: 
linear-gradient(135deg, 
#16a34a 0%, #22c55e 100%); 
border-radius: 50%; 
box-shadow: 0 12px 32px 
rgba(22, 163, 74, 0.35), 0 0 0 
8px rgba(34, 197, 94, 0.12); 
display: flex; align-items: 
center; justify-content: 
center;">[39m
[31m+                     
<span style="font-size: 56px; 
filter: drop-shadow(0 2px 4px 
rgba(0, 0, 0, 
0.1));">Γ£ô</span>[39m
[31m+                 
</div>[39m
[31m+             </div>[39m
[31m+             [39m
[31m+             <!-- Alert 
Box -->[39m
[31m+             <div 
style="background: #dcfce7; 
border-left: 4px solid 
#16a34a; padding: 24px; 
border-radius: 12px; margin: 
24px 0;">[39m
[31m+     <h3 style="margin: 
0 0 12px 0; color: #14532d; 
font-size: 18px; font-weight: 
700; letter-spacing: 
-0.01em;">[39m
[31m+         Service 
Outage[39m
[31m+     </h3>[39m
[31m+     <p style="margin: 
0; color: #15803d; font-size: 
15px; line-height: 1.7;">[39m
[31m+         Issue has been 
resolved[39m
[31m+     </p>[39m
[31m+ </div>[39m
[31m+             [39m
[31m+             <!-- 
Success Message -->[39m
[31m+             <div 
style="text-align: center; 
margin: 32px 0; padding: 28px; 
background: 
linear-gradient(135deg, 
#dcfce7 0%, #bbf7d0 100%); 
border-radius: 12px; border: 
1px solid #86efac;">[39m
[31m+                 <p 
style="margin: 0; color: 
#166534; font-size: 16px; 
font-weight: 600; line-height: 
1.6;">[39m
[31m+                     
≡ƒÄë Everything is back up and 
running smoothly![39m
[31m+                 
</p>[39m
[31m+                 <p 
style="margin: 12px 0 0 0; 
color: #15803d; font-size: 
14px; line-height: 1.6;">[39m
[31m+                     
Thank you for your patience 
while we resolved this 
issue.[39m
[31m+                 
</p>[39m
[31m+             </div>[39m
[31m+             [39m
[31m+             <table 
role="presentation" 
cellspacing="0" 
cellpadding="0" border="0" 
align="center" 
class="mobile-full-width 
mobile-spacing" style="margin: 
32px auto; width: auto;">[39m
[31m+     <tr>[39m
[31m+         <td 
class="mobile-button" 
style="border-radius: 10px; 
background: 
linear-gradient(135deg, 
#b91c1c 0%, #dc2626 100%); 
text-align: center; 
box-shadow: 0 8px 20px 
rgba(185, 28, 28, 0.3);">[39m
[31m+             <a href="htt
ps://status.example.com" 
target="_blank" 
style="display: inline-block; 
padding: 14px 32px; color: 
#ffffff; text-decoration: 
none; font-weight: 600; 
font-size: 15px; line-height: 
1.5; border-radius: 10px; 
min-width: 220px; text-align: 
center;">[39m
[31m+                 View 
Status Page ΓåÆ[39m
[31m+             </a>[39m
[31m+         </td>[39m
[31m+     </tr>[39m
[31m+ </table>[39m
[31m+         [39m
[31m+         </td>[39m
[31m+     </tr>[39m
[31m+ </table>[39m
[31m+         <table 
role="presentation" 
cellspacing="0" 
cellpadding="0" border="0" 
width="100%">[39m
[31m+     <tr>[39m
[31m+         <td 
style="padding: 36px 40px; 
background: #f3f4f6; 
border-top: 1px solid #e5e7eb; 
text-align: center;">[39m
[31m+             <p 
style="margin: 0 0 12px 0; 
color: #6b7280; font-size: 
14px; line-height: 1.6;">[39m
[31m+                 This is 
an automated notification from 
<strong style="color: 
#d32f2f;">opssentinal</strong> 
Incident Management.[39m
[31m+             </p>[39m
[31m+             [39m
[31m+             <p 
style="margin: 12px 0 0 0; 
font-size: 13px;">[39m
[31m+                 <a href=
"https://status.example.com/uns
ubscribe/token123" 
style="color: #d32f2f; 
text-decoration: none; 
font-weight: 600;">Unsubscribe 
from these emails</a>[39m
[31m+             </p>[39m
[31m+             [39m
[31m+         </td>[39m
[31m+     </tr>[39m
[31m+ </table>[39m
[31m+     [39m
[31m+                         
    </td>[39m
[31m+                         
</tr>[39m
[31m+                     
</table>[39m
[31m+                     
<!--[if mso]>[39m
[31m+                     
</td>[39m
[31m+                     
</tr>[39m
[31m+                     
</table>[39m
[31m+                     
<![endif]-->[39m
[31m+                 
</td>[39m
[31m+             </tr>[39m
[31m+         </table>[39m
[31m+     </center>[39m
[31m+ </body>[39m
[31m+ </html>[39m

[36m [2mΓ¥»[22m tests/lib/st
atus-page-email-templates.test.
ts:[2m99:33[22m[39m
    [90m 97| [39m            
[34mexpect[39m(result[33m.[
39mhtml)[33m.[39m[34mtoConta
in[39m([32m'Service 
Outage'[39m)[33m;[39m
    [90m 98| [39m            
[34mexpect[39m(result[33m.[
39mhtml)[33m.[39m[34mtoConta
in[39m([32m'Issue has been 
resolved'[39m)[33m;[39m
    [90m 99| [39m            
[34mexpect[39m(result[33m.[
39mhtml)[33m.[39m[34mtoConta
in[39m([32m'https://status.ex
ample.com/[39mΓÇª
    [90m   | [39m            
                    [31m^[39m
    [90m100| [39m            
[34mexpect[39m(result[33m.[
39mhtml)[33m.[39m[34mtoConta
in[39m([32m'unsubscribe/token
123'[39m)[33m;[39m
    [90m101| [39m

[31m[2mΓÄ»ΓÄ»ΓÄ»ΓÄ»ΓÄ»ΓÄ»ΓÄ»Γ
Ä»ΓÄ»ΓÄ»ΓÄ»ΓÄ»ΓÄ»ΓÄ»ΓÄ»ΓÄ»ΓÄ»ΓÄ
»ΓÄ»ΓÄ»ΓÄ»ΓÄ»ΓÄ»[4/40]ΓÄ»[22m
[39m

[31m[1m[7m FAIL 
[27m[22m[39m tests/lib/user-
friendly-errors.test.ts[2m > 
[22mUser-Friendly Error 
Messages[2m > 
[22mgetUserFriendlyError[2m 
> [22mshould handle Error 
objects
[31m[1mAssertionError[22m: 
expected 'Unique constraint 
failed on the fieldΓÇª' to 
contain 'A user with this 
email already exists'[39m

Expected: [32m"A user with 
this email already exists"[39m
Received: [31m"Unique 
constraint failed on the 
fields: (`email`)"[39m

[36m [2mΓ¥»[22m tests/lib/us
er-friendly-errors.test.ts:[2m
76:43[22m[39m
    [90m 74| [39m    
[34mit[39m([32m'should 
handle Error 
objects'[39m[33m,[39m () 
[33m=>[39m {
    [90m 75| [39m      
[35mconst[39m error 
[33m=[39m [35mnew[39m 
[33mError[39m([32m'Unique 
constraint failed on the 
fields:[39mΓÇª
    [90m 76| [39m      [34me
xpect[39m([34mgetUserFriendly
Error[39m(error))[33m.[39m[
34mtoContain[39m(
    [90m   | [39m            
                              
[31m^[39m
    [90m 77| [39m        
[32m'A user with this email 
already exists'[39m
    [90m 78| [39m      
)[33m;[39m

[31m[2mΓÄ»ΓÄ»ΓÄ»ΓÄ»ΓÄ»ΓÄ»ΓÄ»Γ
Ä»ΓÄ»ΓÄ»ΓÄ»ΓÄ»ΓÄ»ΓÄ»ΓÄ»ΓÄ»ΓÄ»ΓÄ
»ΓÄ»ΓÄ»ΓÄ»ΓÄ»ΓÄ»[5/40]ΓÄ»[22m
[39m

[31m[1m[7m FAIL 
[27m[22m[39m tests/lib/user-
friendly-errors.test.ts[2m > 
[22mUser-Friendly Error 
Messages[2m > 
[22mgetUserFriendlyError[2m 
> [22mshould handle unknown 
error types
[31m[1mAssertionError[22m: 
expected 'An unexpected error 
occurred. Please ΓÇª' to be 
'[object Object]' // Object.is 
equality[39m

Expected: [32m"[object 
Object]"[39m
Received: [31m"An unexpected 
error occurred. Please try 
again."[39m

[36m [2mΓ¥»[22m tests/lib/us
er-friendly-errors.test.ts:[2m
83:43[22m[39m
    [90m 81| [39m    
[34mit[39m([32m'should 
handle unknown error 
types'[39m[33m,[39m () 
[33m=>[39m {
    [90m 82| [39m      
[35mconst[39m error 
[33m=[39m { 
message[33m:[39m [32m'Some 
error'[39m }[33m;[39m
    [90m 83| [39m      [34me
xpect[39m([34mgetUserFriendly
Error[39m(error))[33m.[39m[
34mtoBe[39m([32m'[object 
Object]'[39m)[33m;[39m
    [90m   | [39m            
                              
[31m^[39m
    [90m 84| [39m    
})[33m;[39m
    [90m 85| [39m  
})[33m;[39m

[31m[2mΓÄ»ΓÄ»ΓÄ»ΓÄ»ΓÄ»ΓÄ»ΓÄ»Γ
Ä»ΓÄ»ΓÄ»ΓÄ»ΓÄ»ΓÄ»ΓÄ»ΓÄ»ΓÄ»ΓÄ»ΓÄ
»ΓÄ»ΓÄ»ΓÄ»ΓÄ»ΓÄ»[6/40]ΓÄ»[22m
[39m

[31m[1m[7m FAIL 
[27m[22m[39m tests/integrati
on/notification-flow.test.ts[2
m > [22mNotification Flow 
Integration Tests[2m > 
[22mshould send service 
notifications and escalation 
notifications separately
[31m[1m[7m FAIL 
[27m[22m[39m tests/integrati
on/notification-flow.test.ts[2
m > [22mNotification Flow 
Integration Tests[2m > 
[22mshould handle team 
escalation with 
notifyOnlyTeamLead option
[31m[1m[7m FAIL 
[27m[22m[39m tests/integrati
on/notification-flow.test.ts[2
m > [22mNotification Flow 
Integration Tests[2m > 
[22mshould handle schedule 
escalation with multiple 
active layers
[31m[1mPrismaClientInitializa
tionError[22m: 
Invalid `prisma.notification.de
leteMany()` invocation:


Authentication failed against 
database server at 
`localhost`, the provided 
database credentials for 
`opssentinal` are not valid.

Please make sure to provide 
valid database credentials for 
the database server at 
`localhost`.[39m
[90m [2mΓ¥»[22m 
$n.handleRequestError node_modu
les/@prisma/client/runtime/libr
ary.js:[2m121:7615[22m[39m
[90m [2mΓ¥»[22m 
$n.handleAndLogRequestError nod
e_modules/@prisma/client/runtim
e/library.js:[2m121:6623[22m
[39m
[90m [2mΓ¥»[22m $n.request n
ode_modules/@prisma/client/runt
ime/library.js:[2m121:6307[22
m[39m
[36m [2mΓ¥»[22m 
Array.$allOperations src/lib/pr
isma.ts:[2m11:40[22m[39m
    [90m  9| [39m            
        [35mconst[39m start 
[33m=[39m [33mDate[39m[33m
.[39m[34mnow[39m()
    [90m 10| [39m            
        [35mtry[39m {
    [90m 11| [39m            
            [35mconst[39m 
result [33m=[39m 
[35mawait[39m 
[34mquery[39m(args)
    [90m   | [39m            
                           
[31m^[39m
    [90m 12| [39m            
            [35mconst[39m 
duration [33m=[39m [33mDate
[39m[33m.[39m[34mnow[39m() 
[33m-[39m start
    [90m 13| [39m            
            [90m// 
console.log(`[Prisma Monitor] 
${model}.${op[39mΓÇª
[90m [2mΓ¥»[22m l node_modul
es/@prisma/client/runtime/libra
ry.js:[2m130:9633[22m[39m
[90m [2mΓ¥»[22m tests/integr
ation/notification-flow.test.ts
:[2m18:9[22m[39m

[31m[2mΓÄ»ΓÄ»ΓÄ»ΓÄ»ΓÄ»ΓÄ»ΓÄ»Γ
Ä»ΓÄ»ΓÄ»ΓÄ»ΓÄ»ΓÄ»ΓÄ»ΓÄ»ΓÄ»ΓÄ»ΓÄ
»ΓÄ»ΓÄ»ΓÄ»ΓÄ»ΓÄ»[7/40]ΓÄ»[22m
[39m

[31m[1m[7m FAIL 
[27m[22m[39m tests/integrati
on/notification-flow.test.ts[2
m > [22mNotification Flow 
Integration Tests[2m > 
[22mshould send service 
notifications and escalation 
notifications separately
[31m[1m[7m FAIL 
[27m[22m[39m tests/integrati
on/notification-flow.test.ts[2
m > [22mNotification Flow 
Integration Tests[2m > 
[22mshould handle team 
escalation with 
notifyOnlyTeamLead option
[31m[1m[7m FAIL 
[27m[22m[39m tests/integrati
on/notification-flow.test.ts[2
m > [22mNotification Flow 
Integration Tests[2m > 
[22mshould handle schedule 
escalation with multiple 
active layers
[31m[1mPrismaClientInitializa
tionError[22m: 
Invalid `prisma.notification.de
leteMany()` invocation:


Authentication failed against 
database server at 
`localhost`, the provided 
database credentials for 
`opssentinal` are not valid.

Please make sure to provide 
valid database credentials for 
the database server at 
`localhost`.[39m
[90m [2mΓ¥»[22m 
$n.handleRequestError node_modu
les/@prisma/client/runtime/libr
ary.js:[2m121:7615[22m[39m
[90m [2mΓ¥»[22m 
$n.handleAndLogRequestError nod
e_modules/@prisma/client/runtim
e/library.js:[2m121:6623[22m
[39m
[90m [2mΓ¥»[22m $n.request n
ode_modules/@prisma/client/runt
ime/library.js:[2m121:6307[22
m[39m
[36m [2mΓ¥»[22m 
Array.$allOperations src/lib/pr
isma.ts:[2m11:40[22m[39m
    [90m  9| [39m            
        [35mconst[39m start 
[33m=[39m [33mDate[39m[33m
.[39m[34mnow[39m()
    [90m 10| [39m            
        [35mtry[39m {
    [90m 11| [39m            
            [35mconst[39m 
result [33m=[39m 
[35mawait[39m 
[34mquery[39m(args)
    [90m   | [39m            
                           
[31m^[39m
    [90m 12| [39m            
            [35mconst[39m 
duration [33m=[39m [33mDate
[39m[33m.[39m[34mnow[39m() 
[33m-[39m start
    [90m 13| [39m            
            [90m// 
console.log(`[Prisma Monitor] 
${model}.${op[39mΓÇª
[90m [2mΓ¥»[22m l node_modul
es/@prisma/client/runtime/libra
ry.js:[2m130:9633[22m[39m
[90m [2mΓ¥»[22m tests/integr
ation/notification-flow.test.ts
:[2m28:9[22m[39m

[31m[2mΓÄ»ΓÄ»ΓÄ»ΓÄ»ΓÄ»ΓÄ»ΓÄ»Γ
Ä»ΓÄ»ΓÄ»ΓÄ»ΓÄ»ΓÄ»ΓÄ»ΓÄ»ΓÄ»ΓÄ»ΓÄ
»ΓÄ»ΓÄ»ΓÄ»ΓÄ»ΓÄ»[8/40]ΓÄ»[22m
[39m

[2m Test Files [22m [1m[31m9 failed[39m[22m[2m | [22m[1m[32m20 passed[39m[22m[2m | [22m[33m1 skipped[39m[90m (30)[39m
[2m      Tests [22m [1m[31m19 failed[39m[22m[2m | [22m[1m[32m273 passed[39m[22m[2m | [22m[33m1 skipped[39m[90m (293)[39m
[2m   Start at [22m 22:38:16
[2m   Duration [22m 58.26s[2m (transform 2.81s, setup 14.02s, collect 3.72s, tests 78.46s, environment 74.46s, prepare 10.14s)[22m

